[2025-12-31T05:53:27Z] MISION_CUMPLIDA: BANK_GENESIS_ACTIVOS_1767159940 | PAYLOAD_IDENTIFICADO: 
[2025-12-31T05:53:27Z] MISION_CUMPLIDA: BANK_GENESIS_ACTIVOS_1767160105 | PAYLOAD_IDENTIFICADO: 
[2025-12-31T05:53:27Z] MISION_CUMPLIDA: NEED_ANOMALIA_BANCA_1767158815 | PAYLOAD_IDENTIFICADO: 
[2025-12-31T05:56:29Z] MISION_CUMPLIDA: STRESS_TEST_1767160588_1 | PAYLOAD_IDENTIFICADO: 
[2025-12-31T05:56:31Z] MISION_CUMPLIDA: STRESS_TEST_1767160588_10 | PAYLOAD_IDENTIFICADO: 
[2025-12-31T05:56:31Z] MISION_CUMPLIDA: STRESS_TEST_1767160588_2 | PAYLOAD_IDENTIFICADO: 
[2025-12-31T05:56:31Z] MISION_CUMPLIDA: STRESS_TEST_1767160588_3 | PAYLOAD_IDENTIFICADO: 
[2025-12-31T05:56:31Z] MISION_CUMPLIDA: STRESS_TEST_1767160588_4 | PAYLOAD_IDENTIFICADO: 
[2025-12-31T05:56:32Z] MISION_CUMPLIDA: STRESS_TEST_1767160588_5 | PAYLOAD_IDENTIFICADO: 
[2025-12-31T05:56:32Z] MISION_CUMPLIDA: STRESS_TEST_1767160588_6 | PAYLOAD_IDENTIFICADO: 
[2025-12-31T05:56:32Z] MISION_CUMPLIDA: STRESS_TEST_1767160588_7 | PAYLOAD_IDENTIFICADO: 
[2025-12-31T05:56:32Z] MISION_CUMPLIDA: STRESS_TEST_1767160588_8 | PAYLOAD_IDENTIFICADO: 
[2025-12-31T05:56:32Z] MISION_CUMPLIDA: STRESS_TEST_1767160588_9 | PAYLOAD_IDENTIFICADO: 
[2025-12-31T05:59:16Z] MISION_CUMPLIDA: INTRUSO_BANCARIO | PAYLOAD_IDENTIFICADO: 
[2025-12-31T06:04:46Z] MISION_CUMPLIDA: LECCION_001_FALLO_IDENTIDAD_1767161083 | PAYLOAD_IDENTIFICADO: 
[2025-12-31T06:06:41Z] MISION_CUMPLIDA: LECCION_002_VALIDACION_ESTRUCTURAL_1767161199 | PAYLOAD_IDENTIFICADO: 
[2025-12-31T06:12:44Z] MISION_CUMPLIDA: LECCION_003_FILTRO_Y_ABSORCION_1767161562 | PAYLOAD_IDENTIFICADO: 
[2025-12-31T06:16:10Z] MISION_CUMPLIDA: CABALLO_DE_TROYA_1767161768 | PAYLOAD_IDENTIFICADO: 
[2025-12-31T06:25:32Z] MISION_CUMPLIDA: LECCION_004_CONTRAINTELIGENCIA_1767162331 | PAYLOAD_IDENTIFICADO: 
[2025-12-31T06:28:08Z] MISION_CUMPLIDA: CAMALEON_BANCARIO_1767162486 | PAYLOAD_IDENTIFICADO: 
