e contratos.
⏳ 02:01:17 — Pulso estable, sin rastro de contratos.
⏳ 02:01:20 — Pulso estable, sin rastro de contratos.
⏳ 02:01:23 — Pulso estable, sin rastro de contratos.
⏳ 02:01:26 — Pulso estable, sin rastro de contratos.
⏳ 02:01:29 — Pulso estable, sin rastro de contratos.
⏳ 02:01:32 — Pulso estable, sin rastro de contratos.
⏳ 02:01:35 — Pulso estable, sin rastro de contratos.
⏳ 02:01:38 — Pulso estable, sin rastro de contratos.
⏳ 02:01:41 — Pulso estable, sin rastro de contratos.
⏳ 02:01:44 — Pulso estable, sin rastro de contratos.
⏳ 02:01:47 — Pulso estable, sin rastro de contratos.
⏳ 02:01:51 — Pulso estable, sin rastro de contratos.
⏳ 02:01:54 — Pulso estable, sin rastro de contratos.
⏳ 02:01:57 — Pulso estable, sin rastro de contratos.
⏳ 02:02:00 — Pulso estable, sin rastro de contratos.
⏳ 02:02:03 — Pulso estable, sin rastro de contratos.
⏳ 02:02:06 — Pulso estable, sin rastro de contratos.
⏳ 02:02:09 — Pulso estable, sin rastro de contratos.
⏳ 02:02:12 — Pulso estable, sin rastro de contratos.
⏳ 02:02:15 — Pulso estable, sin rastro de contratos.
⏳ 02:02:18 — Pulso estable, sin rastro de contratos.
⏳ 02:02:21 — Pulso estable, sin rastro de contratos.
⏳ 02:02:24 — Pulso estable, sin rastro de contratos.
⏳ 02:02:27 — Pulso estable, sin rastro de contratos.
⏳ 02:02:30 — Pulso estable, sin rastro de contratos.
⏳ 02:02:33 — Pulso estable, sin rastro de contratos.
⏳ 02:02:36 — Pulso estable, sin rastro de contratos.
⏳ 02:02:39 — Pulso estable, sin rastro de contratos.
⏳ 02:02:42 — Pulso estable, sin rastro de contratos.
⏳ 02:02:45 — Pulso estable, sin rastro de contratos.
⏳ 02:02:48 — Pulso estable, sin rastro de contratos.
⏳ 02:02:51 — Pulso estable, sin rastro de contratos.
⏳ 02:02:55 — Pulso estable, sin rastro de contratos.
⏳ 02:02:58 — Pulso estable, sin rastro de contratos.
⏳ 02:03:01 — Pulso estable, sin rastro de contratos.
⏳ 02:03:04 — Pulso estable, sin rastro de contratos.
⏳ 02:03:07 — Pulso estable, sin rastro de contratos.
⏳ 02:03:10 — Pulso estable, sin rastro de contratos.
⏳ 02:03:13 — Pulso estable, sin rastro de contratos.
⏳ 02:03:16 — Pulso estable, sin rastro de contratos.
⏳ 02:03:19 — Pulso estable, sin rastro de contratos.
⏳ 02:03:22 — Pulso estable, sin rastro de contratos.
⏳ 02:03:25 — Pulso estable, sin rastro de contratos.
⏳ 02:03:28 — Pulso estable, sin rastro de contratos.
⏳ 02:03:31 — Pulso estable, sin rastro de contratos.
⏳ 02:03:34 — Pulso estable, sin rastro de contratos.
⏳ 02:03:37 — Pulso estable, sin rastro de contratos.
⏳ 02:03:40 — Pulso estable, sin rastro de contratos.
⏳ 02:03:43 — Pulso estable, sin rastro de contratos.
⏳ 02:03:46 — Pulso estable, sin rastro de contratos.
⏳ 02:03:49 — Pulso estable, sin rastro de contratos.
⏳ 02:03:52 — Pulso estable, sin rastro de contratos.
⏳ 02:03:55 — Pulso estable, sin rastro de contratos.
⏳ 02:03:59 — Pulso estable, sin rastro de contratos.
⏳ 02:04:02 — Pulso estable, sin rastro de contratos.
⏳ 02:04:05 — Pulso estable, sin rastro de contratos.
⏳ 02:04:08 — Pulso estable, sin rastro de contratos.
⏳ 02:04:11 — Pulso estable, sin rastro de contratos.
⏳ 02:04:14 — Pulso estable, sin rastro de contratos.
⏳ 02:04:17 — Pulso estable, sin rastro de contratos.
⏳ 02:04:20 — Pulso estable, sin rastro de contratos.
⏳ 02:04:23 — Pulso estable, sin rastro de contratos.
⏳ 02:04:26 — Pulso estable, sin rastro de contratos.
⏳ 02:04:29 — Pulso estable, sin rastro de contratos.
⏳ 02:04:32 — Pulso estable, sin rastro de contratos.
⏳ 02:04:35 — Pulso estable, sin rastro de contratos.
⏳ 02:04:38 — Pulso estable, sin rastro de contratos.
⏳ 02:04:41 — Pulso estable, sin rastro de contratos.
⏳ 02:04:44 — Pulso estable, sin rastro de contratos.
⏳ 02:04:47 — Pulso estable, sin rastro de contratos.
⏳ 02:04:50 — Pulso estable, sin rastro de contratos.
⏳ 02:04:53 — Pulso estable, sin rastro de contratos.
⏳ 02:04:56 — Pulso estable, sin rastro de contratos.
⏳ 02:05:00 — Pulso estable, sin rastro de contratos.
⏳ 02:05:03 — Pulso estable, sin rastro de contratos.
⏳ 02:05:06 — Pulso estable, sin rastro de contratos.
⏳ 02:05:09 — Pulso estable, sin rastro de contratos.
⏳ 02:05:12 — Pulso estable, sin rastro de contratos.
⏳ 02:05:15 — Pulso estable, sin rastro de contratos.
⏳ 02:05:18 — Pulso estable, sin rastro de contratos.
⏳ 02:05:21 — Pulso estable, sin rastro de contratos.
⏳ 02:05:24 — Pulso estable, sin rastro de contratos.
⏳ 02:05:27 — Pulso estable, sin rastro de contratos.
⏳ 02:05:30 — Pulso estable, sin rastro de contratos.
⏳ 02:05:33 — Pulso estable, sin rastro de contratos.
⏳ 02:05:36 — Pulso estable, sin rastro de contratos.
⏳ 02:05:39 — Pulso estable, sin rastro de contratos.
⏳ 02:05:42 — Pulso estable, sin rastro de contratos.
⏳ 02:05:45 — Pulso estable, sin rastro de contratos.
⏳ 02:05:48 — Pulso estable, sin rastro de contratos.
⏳ 02:05:51 — Pulso estable, sin rastro de contratos.
⏳ 02:05:54 — Pulso estable, sin rastro de contratos.
⏳ 02:05:57 — Pulso estable, sin rastro de contratos.
⏳ 02:06:00 — Pulso estable, sin rastro de contratos.
⏳ 02:06:03 — Pulso estable, sin rastro de contratos.
⏳ 02:06:06 — Pulso estable, sin rastro de contratos.
⏳ 02:06:09 — Pulso estable, sin rastro de contratos.
⏳ 02:06:12 — Pulso estable, sin rastro de contratos.
⏳ 02:06:16 — Pulso estable, sin rastro de contratos.
⏳ 02:06:19 — Pulso estable, sin rastro de contratos.
⏳ 02:06:22 — Pulso estable, sin rastro de contratos.
⏳ 02:06:25 — Pulso estable, sin rastro de contratos.
⏳ 02:06:28 — Pulso estable, sin rastro de contratos.
⏳ 02:06:31 — Pulso estable, sin rastro de contratos.
⏳ 02:06:34 — Pulso estable, sin rastro de contratos.
⏳ 02:06:37 — Pulso estable, sin rastro de contratos.
⏳ 02:06:40 — Pulso estable, sin rastro de contratos.
⏳ 02:06:43 — Pulso estable, sin rastro de contratos.
⏳ 02:06:46 — Pulso estable, sin rastro de contratos.
⏳ 02:06:49 — Pulso estable, sin rastro de contratos.
⏳ 02:06:52 — Pulso estable, sin rastro de contratos.
⏳ 02:06:55 — Pulso estable, sin rastro de contratos.
⏳ 02:06:58 — Pulso estable, sin rastro de contratos.
⏳ 02:07:01 — Pulso estable, sin rastro de contratos.
⏳ 02:07:04 — Pulso estable, sin rastro de contratos.
⏳ 02:07:07 — Pulso estable, sin rastro de contratos.
⏳ 02:07:10 — Pulso estable, sin rastro de contratos.
⏳ 02:07:13 — Pulso estable, sin rastro de contratos.
⏳ 02:07:17 — Pulso estable, sin rastro de contratos.
⏳ 02:07:20 — Pulso estable, sin rastro de contratos.
⏳ 02:07:23 — Pulso estable, sin rastro de contratos.
⏳ 02:07:26 — Pulso estable, sin rastro de contratos.
⏳ 02:07:29 — Pulso estable, sin rastro de contratos.
⏳ 02:07:32 — Pulso estable, sin rastro de contratos.
⏳ 02:07:35 — Pulso estable, sin rastro de contratos.
⏳ 02:07:38 — Pulso estable, sin rastro de contratos.
⏳ 02:07:41 — Pulso estable, sin rastro de contratos.
⏳ 02:07:44 — Pulso estable, sin rastro de contratos.
⏳ 02:07:47 — Pulso estable, sin rastro de contratos.
⏳ 02:07:50 — Pulso estable, sin rastro de contratos.
⏳ 02:07:53 — Pulso estable, sin rastro de contratos.
⏳ 02:07:56 — Pulso estable, sin rastro de contratos.
⏳ 02:07:59 — Pulso estable, sin rastro de contratos.
⏳ 02:08:02 — Pulso estable, sin rastro de contratos.
⏳ 02:08:05 — Pulso estable, sin rastro de contratos.
⏳ 02:08:08 — Pulso estable, sin rastro de contratos.
⏳ 02:08:11 — Pulso estable, sin rastro de contratos.
⏳ 02:08:14 — Pulso estable, sin rastro de contratos.
⏳ 02:08:18 — Pulso estable, sin rastro de contratos.
⏳ 02:08:21 — Pulso estable, sin rastro de contratos.
⏳ 02:08:24 — Pulso estable, sin rastro de contratos.
⏳ 02:08:27 — Pulso estable, sin rastro de contratos.
⏳ 02:08:30 — Pulso estable, sin rastro de contratos.
⏳ 02:08:33 — Pulso estable, sin rastro de contratos.
⏳ 02:08:36 — Pulso estable, sin rastro de contratos.
⏳ 02:08:39 — Pulso estable, sin rastro de contratos.
⏳ 02:08:42 — Pulso estable, sin rastro de contratos.
⏳ 02:08:45 — Pulso estable, sin rastro de contratos.
⏳ 02:08:48 — Pulso estable, sin rastro de contratos.
⏳ 02:08:51 — Pulso estable, sin rastro de contratos.
⏳ 02:08:54 — Pulso estable, sin rastro de contratos.
⏳ 02:08:57 — Pulso estable, sin rastro de contratos.
⏳ 02:09:00 — Pulso estable, sin rastro de contratos.
⏳ 02:09:03 — Pulso estable, sin rastro de contratos.
⏳ 02:09:06 — Pulso estable, sin rastro de contratos.
⏳ 02:09:09 — Pulso estable, sin rastro de contratos.
⏳ 02:09:12 — Pulso estable, sin rastro de contratos.
⏳ 02:09:15 — Pulso estable, sin rastro de contratos.
⏳ 02:09:18 — Pulso estable, sin rastro de contratos.
⏳ 02:09:21 — Pulso estable, sin rastro de contratos.
⏳ 02:09:25 — Pulso estable, sin rastro de contratos.
⏳ 02:09:28 — Pulso estable, sin rastro de contratos.
⏳ 02:09:31 — Pulso estable, sin rastro de contratos.
⏳ 02:09:34 — Pulso estable, sin rastro de contratos.
⏳ 02:09:37 — Pulso estable, sin rastro de contratos.
⏳ 02:09:40 — Pulso estable, sin rastro de contratos.
⏳ 02:09:43 — Pulso estable, sin rastro de contratos.
⏳ 02:09:46 — Pulso estable, sin rastro de contratos.
⏳ 02:09:49 — Pulso estable, sin rastro de contratos.
⏳ 02:09:52 — Pulso estable, sin rastro de contratos.
⏳ 02:09:55 — Pulso estable, sin rastro de contratos.
⏳ 02:09:58 — Pulso estable, sin rastro de contratos.
⏳ 02:10:01 — Pulso estable, sin rastro de contratos.
⏳ 02:10:04 — Pulso estable, sin rastro de contratos.
⏳ 02:10:07 — Pulso estable, sin rastro de contratos.
📡 [XOXO] BLOQUEO: Caballo de Troya estructural detectado en CONTRATO_LEGAL_001
⏳ 02:10:10 — Pulso estable, sin rastro de contratos.
⏳ 02:10:13 — Pulso estable, sin rastro de contratos.
⏳ 02:10:16 — Pulso estable, sin rastro de contratos.
⏳ 02:10:19 — Pulso estable, sin rastro de contratos.
⏳ 02:10:22 — Pulso estable, sin rastro de contratos.
⏳ 02:10:26 — Pulso estable, sin rastro de contratos.
⏳ 02:10:29 — Pulso estable, sin rastro de contratos.
⏳ 02:10:32 — Pulso estable, sin rastro de contratos.
⏳ 02:10:35 — Pulso estable, sin rastro de contratos.
⏳ 02:10:38 — Pulso estable, sin rastro de contratos.
⏳ 02:10:41 — Pulso estable, sin rastro de contratos.
⏳ 02:10:44 — Pulso estable, sin rastro de contratos.
⏳ 02:10:47 — Pulso estable, sin rastro de contratos.
⏳ 02:10:50 — Pulso estable, sin rastro de contratos.
⏳ 02:10:53 — Pulso estable, sin rastro de contratos.
⏳ 02:10:56 — Pulso estable, sin rastro de contratos.
⏳ 02:10:59 — Pulso estable, sin rastro de contratos.
⏳ 02:11:02 — Pulso estable, sin rastro de contratos.
⏳ 02:11:05 — Pulso estable, sin rastro de contratos.
⏳ 02:11:08 — Pulso estable, sin rastro de contratos.
⏳ 02:11:11 — Pulso estable, sin rastro de contratos.
⏳ 02:11:14 — Pulso estable, sin rastro de contratos.
⏳ 02:11:17 — Pulso estable, sin rastro de contratos.
⏳ 02:11:20 — Pulso estable, sin rastro de contratos.
⏳ 02:11:23 — Pulso estable, sin rastro de contratos.
⏳ 02:11:26 — Pulso estable, sin rastro de contratos.
⏳ 02:11:30 — Pulso estable, sin rastro de contratos.
⏳ 02:11:33 — Pulso estable, sin rastro de contratos.
⏳ 02:11:36 — Pulso estable, sin rastro de contratos.
⏳ 02:11:39 — Pulso estable, sin rastro de contratos.
⏳ 02:11:42 — Pulso estable, sin rastro de contratos.
⏳ 02:11:45 — Pulso estable, sin rastro de contratos.
⏳ 02:11:48 — Pulso estable, sin rastro de contratos.
⏳ 02:11:51 — Pulso estable, sin rastro de contratos.
⏳ 02:11:54 — Pulso estable, sin rastro de contratos.
⏳ 02:11:57 — Pulso estable, sin rastro de contratos.
⏳ 02:12:00 — Pulso estable, sin rastro de contratos.
⏳ 02:12:03 — Pulso estable, sin rastro de contratos.
⏳ 02:12:06 — Pulso estable, sin rastro de contratos.
⏳ 02:12:09 — Pulso estable, sin rastro de contratos.
⏳ 02:12:12 — Pulso estable, sin rastro de contratos.
⏳ 02:12:15 — Pulso estable, sin rastro de contratos.
⏳ 02:12:18 — Pulso estable, sin rastro de contratos.
⏳ 02:12:21 — Pulso estable, sin rastro de contratos.
⏳ 02:12:24 — Pulso estable, sin rastro de contratos.
⏳ 02:12:27 — Pulso estable, sin rastro de contratos.
⏳ 02:12:30 — Pulso estable, sin rastro de contratos.
⏳ 02:12:34 — Pulso estable, sin rastro de contratos.
⏳ 02:12:37 — Pulso estable, sin rastro de contratos.
⏳ 02:12:40 — Pulso estable, sin rastro de contratos.
⏳ 02:12:43 — Pulso estable, sin rastro de contratos.
⏳ 02:12:46 — Pulso estable, sin rastro de contratos.
⏳ 02:12:49 — Pulso estable, sin rastro de contratos.
⏳ 02:12:52 — Pulso estable, sin rastro de contratos.
⏳ 02:12:55 — Pulso estable, sin rastro de contratos.
⏳ 02:12:58 — Pulso estable, sin rastro de contratos.
⏳ 02:13:01 — Pulso estable, sin rastro de contratos.
⏳ 02:13:04 — Pulso estable, sin rastro de contratos.
⏳ 02:13:07 — Pulso estable, sin rastro de contratos.
⏳ 02:13:10 — Pulso estable, sin rastro de contratos.
⏳ 02:13:13 — Pulso estable, sin rastro de contratos.
⏳ 02:13:16 — 🐜 XOXO analizando: MISION_EXITOSA_001.ref.lbh
⏳ 02:13:18 — 🟢 CONTRATO PURIFICADO -> Movido a 'cleared': MISION_EXITOSA_001.ref.lbh
⏳ 02:13:22 — Pulso estable, sin rastro de contratos.
⏳ 02:13:25 — Pulso estable, sin rastro de contratos.
⏳ 02:13:28 — Pulso estable, sin rastro de contratos.
⏳ 02:13:31 — Pulso estable, sin rastro de contratos.
⏳ 02:13:34 — Pulso estable, sin rastro de contratos.
⏳ 02:13:37 — Pulso estable, sin rastro de contratos.
⏳ 02:13:40 — Pulso estable, sin rastro de contratos.
⏳ 02:13:43 — Pulso estable, sin rastro de contratos.
⏳ 02:13:46 — Pulso estable, sin rastro de contratos.
⏳ 02:13:49 — Pulso estable, sin rastro de contratos.
⏳ 02:13:52 — Pulso estable, sin rastro de contratos.
⏳ 02:13:55 — Pulso estable, sin rastro de contratos.
⏳ 02:13:58 — Pulso estable, sin rastro de contratos.
⏳ 02:14:01 — Pulso estable, sin rastro de contratos.
⏳ 02:14:04 — Pulso estable, sin rastro de contratos.
⏳ 02:14:07 — Pulso estable, sin rastro de contratos.
⏳ 02:14:10 — Pulso estable, sin rastro de contratos.
⏳ 02:14:13 — Pulso estable, sin rastro de contratos.
⏳ 02:14:16 — Pulso estable, sin rastro de contratos.
⏳ 02:14:19 — Pulso estable, sin rastro de contratos.
⏳ 02:14:23 — Pulso estable, sin rastro de contratos.
⏳ 02:14:26 — Pulso estable, sin rastro de contratos.
⏳ 02:14:29 — Pulso estable, sin rastro de contratos.
⏳ 02:14:32 — Pulso estable, sin rastro de contratos.
⏳ 02:14:35 — Pulso estable, sin rastro de contratos.
⏳ 02:14:38 — Pulso estable, sin rastro de contratos.
⏳ 02:14:41 — Pulso estable, sin rastro de contratos.
⏳ 02:14:44 — Pulso estable, sin rastro de contratos.
⏳ 02:14:47 — Pulso estable, sin rastro de contratos.
⏳ 02:14:50 — Pulso estable, sin rastro de contratos.
⏳ 02:14:53 — Pulso estable, sin rastro de contratos.
⏳ 02:14:56 — Pulso estable, sin rastro de contratos.
⏳ 02:14:59 — Pulso estable, sin rastro de contratos.
⏳ 02:15:02 — Pulso estable, sin rastro de contratos.
⏳ 02:15:05 — Pulso estable, sin rastro de contratos.
⏳ 02:15:08 — Pulso estable, sin rastro de contratos.
⏳ 02:15:11 — Pulso estable, sin rastro de contratos.
⏳ 02:15:14 — Pulso estable, sin rastro de contratos.
⏳ 02:15:17 — Pulso estable, sin rastro de contratos.
⏳ 02:15:20 — Pulso estable, sin rastro de contratos.
⏳ 02:15:23 — Pulso estable, sin rastro de contratos.
⏳ 02:15:27 — Pulso estable, sin rastro de contratos.
⏳ 02:15:30 — Pulso estable, sin rastro de contratos.
⏳ 02:15:33 — Pulso estable, sin rastro de contratos.
⏳ 02:15:36 — Pulso estable, sin rastro de contratos.
⏳ 02:15:39 — Pulso estable, sin rastro de contratos.
⏳ 02:15:42 — Pulso estable, sin rastro de contratos.
⏳ 02:15:45 — Pulso estable, sin rastro de contratos.
⏳ 02:15:48 — Pulso estable, sin rastro de contratos.
⏳ 02:15:51 — Pulso estable, sin rastro de contratos.
⏳ 02:15:54 — Pulso estable, sin rastro de contratos.
⏳ 02:15:57 — Pulso estable, sin rastro de contratos.
⏳ 02:16:00 — Pulso estable, sin rastro de contratos.
⏳ 02:16:03 — Pulso estable, sin rastro de contratos.
⏳ 02:16:06 — Pulso estable, sin rastro de contratos.
⏳ 02:16:09 — Pulso estable, sin rastro de contratos.
⏳ 02:16:12 — Pulso estable, sin rastro de contratos.
⏳ 02:16:15 — Pulso estable, sin rastro de contratos.
⏳ 02:16:18 — Pulso estable, sin rastro de contratos.
⏳ 02:16:21 — Pulso estable, sin rastro de contratos.
⏳ 02:16:24 — Pulso estable, sin rastro de contratos.
⏳ 02:16:28 — Pulso estable, sin rastro de contratos.
⏳ 02:16:31 — Pulso estable, sin rastro de contratos.
⏳ 02:16:34 — Pulso estable, sin rastro de contratos.
⏳ 02:16:37 — Pulso estable, sin rastro de contratos.
⏳ 02:16:40 — Pulso estable, sin rastro de contratos.
⏳ 02:16:43 — Pulso estable, sin rastro de contratos.
⏳ 02:16:46 — Pulso estable, sin rastro de contratos.
⏳ 02:16:49 — Pulso estable, sin rastro de contratos.
⏳ 02:16:52 — Pulso estable, sin rastro de contratos.
⏳ 02:16:55 — Pulso estable, sin rastro de contratos.
⏳ 02:16:58 — Pulso estable, sin rastro de contratos.
⏳ 02:17:01 — Pulso estable, sin rastro de contratos.
⏳ 02:17:04 — Pulso estable, sin rastro de contratos.
⏳ 02:17:07 — Pulso estable, sin rastro de contratos.
⏳ 02:17:10 — Pulso estable, sin rastro de contratos.
⏳ 02:17:13 — Pulso estable, sin rastro de contratos.
⏳ 02:17:16 — Pulso estable, sin rastro de contratos.
⏳ 02:17:19 — Pulso estable, sin rastro de contratos.
⏳ 02:17:22 — Pulso estable, sin rastro de contratos.
⏳ 02:17:26 — Pulso estable, sin rastro de contratos.
⏳ 02:17:29 — Pulso estable, sin rastro de contratos.
⏳ 02:17:32 — Pulso estable, sin rastro de contratos.
⏳ 02:17:35 — Pulso estable, sin rastro de contratos.
⏳ 02:17:38 — Pulso estable, sin rastro de contratos.
⏳ 02:17:41 — Pulso estable, sin rastro de contratos.
⏳ 02:17:44 — Pulso estable, sin rastro de contratos.
⏳ 02:17:47 — Pulso estable, sin rastro de contratos.
⏳ 02:17:50 — Pulso estable, sin rastro de contratos.
⏳ 02:17:53 — Pulso estable, sin rastro de contratos.
⏳ 02:17:56 — Pulso estable, sin rastro de contratos.
⏳ 02:17:59 — Pulso estable, sin rastro de contratos.
⏳ 02:18:02 — Pulso estable, sin rastro de contratos.
⏳ 02:18:05 — Pulso estable, sin rastro de contratos.
⏳ 02:18:08 — Pulso estable, sin rastro de contratos.
⏳ 02:18:11 — Pulso estable, sin rastro de contratos.
⏳ 02:18:14 — Pulso estable, sin rastro de contratos.
⏳ 02:18:17 — Pulso estable, sin rastro de contratos.
⏳ 02:18:20 — Pulso estable, sin rastro de contratos.
⏳ 02:18:23 — Pulso estable, sin rastro de contratos.
⏳ 02:18:27 — Pulso estable, sin rastro de contratos.
⏳ 02:18:30 — Pulso estable, sin rastro de contratos.
⏳ 02:18:33 — Pulso estable, sin rastro de contratos.
⏳ 02:18:36 — Pulso estable, sin rastro de contratos.
⏳ 02:18:39 — Pulso estable, sin rastro de contratos.
⏳ 02:18:42 — Pulso estable, sin rastro de contratos.
⏳ 02:18:45 — Pulso estable, sin rastro de contratos.
⏳ 02:18:48 — Pulso estable, sin rastro de contratos.
⏳ 02:18:51 — Pulso estable, sin rastro de contratos.
⏳ 02:18:54 — Pulso estable, sin rastro de contratos.
⏳ 02:18:57 — Pulso estable, sin rastro de contratos.
⏳ 02:19:00 — Pulso estable, sin rastro de contratos.
⏳ 02:19:03 — Pulso estable, sin rastro de contratos.
⏳ 02:19:06 — Pulso estable, sin rastro de contratos.
⏳ 02:19:09 — Pulso estable, sin rastro de contratos.
⏳ 02:19:12 — Pulso estable, sin rastro de contratos.
⏳ 02:19:15 — Pulso estable, sin rastro de contratos.
⏳ 02:19:18 — Pulso estable, sin rastro de contratos.
⏳ 02:19:21 — Pulso estable, sin rastro de contratos.
⏳ 02:19:24 — Pulso estable, sin rastro de contratos.
⏳ 02:19:27 — Pulso estable, sin rastro de contratos.
⏳ 02:19:30 — Pulso estable, sin rastro de contratos.
⏳ 02:19:34 — Pulso estable, sin rastro de contratos.
⏳ 02:19:37 — Pulso estable, sin rastro de contratos.
⏳ 02:19:40 — Pulso estable, sin rastro de contratos.
⏳ 02:19:43 — Pulso estable, sin rastro de contratos.
⏳ 02:19:46 — Pulso estable, sin rastro de contratos.
⏳ 02:19:49 — Pulso estable, sin rastro de contratos.
⏳ 02:19:52 — Pulso estable, sin rastro de contratos.
⏳ 02:19:55 — Pulso estable, sin rastro de contratos.
⏳ 02:19:58 — Pulso estable, sin rastro de contratos.
⏳ 02:20:01 — Pulso estable, sin rastro de contratos.
⏳ 02:20:04 — Pulso estable, sin rastro de contratos.
⏳ 02:20:07 — Pulso estable, sin rastro de contratos.
⏳ 02:20:10 — Pulso estable, sin rastro de contratos.
⏳ 02:20:13 — Pulso estable, sin rastro de contratos.
⏳ 02:20:16 — Pulso estable, sin rastro de contratos.
⏳ 02:20:19 — Pulso estable, sin rastro de contratos.
⏳ 02:20:22 — Pulso estable, sin rastro de contratos.
⏳ 02:20:25 — Pulso estable, sin rastro de contratos.
⏳ 02:20:28 — Pulso estable, sin rastro de contratos.
⏳ 02:20:31 — Pulso estable, sin rastro de contratos.
⏳ 02:20:34 — Pulso estable, sin rastro de contratos.
⏳ 02:20:38 — Pulso estable, sin rastro de contratos.
⏳ 02:20:41 — Pulso estable, sin rastro de contratos.
⏳ 02:20:44 — Pulso estable, sin rastro de contratos.
⏳ 02:20:47 — Pulso estable, sin rastro de contratos.
⏳ 02:20:50 — Pulso estable, sin rastro de contratos.
⏳ 02:20:53 — Pulso estable, sin rastro de contratos.
⏳ 02:20:56 — Pulso estable, sin rastro de contratos.
⏳ 02:20:59 — Pulso estable, sin rastro de contratos.
⏳ 02:21:02 — Pulso estable, sin rastro de contratos.
⏳ 02:21:05 — Pulso estable, sin rastro de contratos.
⏳ 02:21:08 — Pulso estable, sin rastro de contratos.
⏳ 02:21:11 — Pulso estable, sin rastro de contratos.
⏳ 02:21:14 — Pulso estable, sin rastro de contratos.
⏳ 02:21:17 — Pulso estable, sin rastro de contratos.
⏳ 02:21:20 — Pulso estable, sin rastro de contratos.
⏳ 02:21:23 — Pulso estable, sin rastro de contratos.
⏳ 02:21:26 — Pulso estable, sin rastro de contratos.
⏳ 02:21:29 — Pulso estable, sin rastro de contratos.
⏳ 02:21:32 — Pulso estable, sin rastro de contratos.
⏳ 02:21:35 — Pulso estable, sin rastro de contratos.
⏳ 02:21:38 — Pulso estable, sin rastro de contratos.
⏳ 02:21:41 — Pulso estable, sin rastro de contratos.
⏳ 02:21:45 — Pulso estable, sin rastro de contratos.
⏳ 02:21:48 — Pulso estable, sin rastro de contratos.
⏳ 02:21:51 — Pulso estable, sin rastro de contratos.
⏳ 02:21:54 — Pulso estable, sin rastro de contratos.
⏳ 02:21:57 — Pulso estable, sin rastro de contratos.
⏳ 02:22:00 — Pulso estable, sin rastro de contratos.
⏳ 02:22:03 — Pulso estable, sin rastro de contratos.
⏳ 02:22:06 — Pulso estable, sin rastro de contratos.
⏳ 02:22:09 — Pulso estable, sin rastro de contratos.
⏳ 02:22:12 — Pulso estable, sin rastro de contratos.
⏳ 02:22:15 — Pulso estable, sin rastro de contratos.
⏳ 02:22:18 — Pulso estable, sin rastro de contratos.
⏳ 02:22:21 — 🐜 XOXO analizando: PRUEBA_DATA_002.ref.lbh
⏳ 02:22:23 — 🟢 CONTRATO PURIFICADO -> Movido a 'cleared': PRUEBA_DATA_002.ref.lbh
⏳ 02:22:26 — Pulso estable, sin rastro de contratos.
⏳ 02:22:29 — Pulso estable, sin rastro de contratos.
⏳ 02:22:32 — Pulso estable, sin rastro de contratos.
⏳ 02:22:35 — Pulso estable, sin rastro de contratos.
⏳ 02:22:39 — Pulso estable, sin rastro de contratos.
⏳ 02:22:42 — Pulso estable, sin rastro de contratos.
⏳ 02:22:45 — Pulso estable, sin rastro de contratos.
⏳ 02:22:48 — Pulso estable, sin rastro de contratos.
⏳ 02:22:51 — Pulso estable, sin rastro de contratos.
⏳ 02:22:54 — Pulso estable, sin rastro de contratos.
⏳ 02:22:57 — Pulso estable, sin rastro de contratos.
⏳ 02:23:00 — Pulso estable, sin rastro de contratos.
⏳ 02:23:03 — Pulso estable, sin rastro de contratos.
⏳ 02:23:06 — Pulso estable, sin rastro de contratos.
⏳ 02:23:09 — Pulso estable, sin rastro de contratos.
⏳ 02:23:12 — Pulso estable, sin rastro de contratos.
⏳ 02:23:15 — Pulso estable, sin rastro de contratos.
⏳ 02:23:18 — Pulso estable, sin rastro de contratos.
⏳ 02:23:21 — Pulso estable, sin rastro de contratos.
⏳ 02:23:24 — Pulso estable, sin rastro de contratos.
⏳ 02:23:27 — Pulso estable, sin rastro de contratos.
⏳ 02:23:30 — Pulso estable, sin rastro de contratos.
⏳ 02:23:33 — Pulso estable, sin rastro de contratos.
⏳ 02:23:36 — Pulso estable, sin rastro de contratos.
⏳ 02:23:40 — Pulso estable, sin rastro de contratos.
⏳ 02:23:43 — Pulso estable, sin rastro de contratos.
⏳ 02:23:46 — Pulso estable, sin rastro de contratos.
⏳ 02:23:49 — Pulso estable, sin rastro de contratos.
⏳ 02:23:52 — Pulso estable, sin rastro de contratos.
⏳ 02:23:55 — Pulso estable, sin rastro de contratos.
⏳ 02:23:58 — Pulso estable, sin rastro de contratos.
⏳ 02:24:01 — Pulso estable, sin rastro de contratos.
⏳ 02:24:04 — Pulso estable, sin rastro de contratos.
⏳ 02:24:07 — Pulso estable, sin rastro de contratos.
⏳ 02:24:10 — Pulso estable, sin rastro de contratos.
⏳ 02:24:13 — Pulso estable, sin rastro de contratos.
⏳ 02:24:16 — Pulso estable, sin rastro de contratos.
⏳ 02:24:19 — Pulso estable, sin rastro de contratos.
⏳ 02:24:22 — Pulso estable, sin rastro de contratos.
⏳ 02:24:25 — Pulso estable, sin rastro de contratos.
⏳ 02:24:28 — Pulso estable, sin rastro de contratos.
⏳ 02:24:31 — Pulso estable, sin rastro de contratos.
⏳ 02:24:34 — Pulso estable, sin rastro de contratos.
⏳ 02:24:37 — Pulso estable, sin rastro de contratos.
⏳ 02:24:41 — Pulso estable, sin rastro de contratos.
⏳ 02:24:44 — Pulso estable, sin rastro de contratos.
⏳ 02:24:47 — Pulso estable, sin rastro de contratos.
⏳ 02:24:50 — Pulso estable, sin rastro de contratos.
⏳ 02:24:53 — Pulso estable, sin rastro de contratos.
⏳ 02:24:56 — Pulso estable, sin rastro de contratos.
⏳ 02:24:59 — Pulso estable, sin rastro de contratos.
⏳ 02:25:02 — Pulso estable, sin rastro de contratos.
⏳ 02:25:05 — Pulso estable, sin rastro de contratos.
⏳ 02:25:08 — Pulso estable, sin rastro de contratos.
⏳ 02:25:11 — Pulso estable, sin rastro de contratos.
⏳ 02:25:14 — Pulso estable, sin rastro de contratos.
⏳ 02:25:17 — Pulso estable, sin rastro de contratos.
⏳ 02:25:20 — Pulso estable, sin rastro de contratos.
⏳ 02:25:23 — Pulso estable, sin rastro de contratos.
⏳ 02:25:26 — Pulso estable, sin rastro de contratos.
⏳ 02:25:29 — Pulso estable, sin rastro de contratos.
⏳ 02:25:32 — Pulso estable, sin rastro de contratos.
⏳ 02:25:35 — Pulso estable, sin rastro de contratos.
⏳ 02:25:38 — Pulso estable, sin rastro de contratos.
⏳ 02:25:41 — Pulso estable, sin rastro de contratos.
⏳ 02:25:45 — 🐜 XOXO analizando: PRUEBA_FINAL_003.ref.lbh
⏳ 02:25:47 — 🟢 CONTRATO PURIFICADO -> Movido a 'cleared': PRUEBA_FINAL_003.ref.lbh
⏳ 02:25:50 — Pulso estable, sin rastro de contratos.
⏳ 02:25:53 — Pulso estable, sin rastro de contratos.
⏳ 02:25:56 — Pulso estable, sin rastro de contratos.
⏳ 02:25:59 — Pulso estable, sin rastro de contratos.
⏳ 02:26:02 — Pulso estable, sin rastro de contratos.
⏳ 02:26:05 — Pulso estable, sin rastro de contratos.
⏳ 02:26:08 — Pulso estable, sin rastro de contratos.
⏳ 02:26:11 — Pulso estable, sin rastro de contratos.
⏳ 02:26:14 — Pulso estable, sin rastro de contratos.
⏳ 02:26:17 — Pulso estable, sin rastro de contratos.
⏳ 02:26:20 — Pulso estable, sin rastro de contratos.
⏳ 02:26:23 — Pulso estable, sin rastro de contratos.
⏳ 02:26:26 — Pulso estable, sin rastro de contratos.
⏳ 02:26:29 — Pulso estable, sin rastro de contratos.
⏳ 02:26:33 — Pulso estable, sin rastro de contratos.
⏳ 02:26:36 — Pulso estable, sin rastro de contratos.
⏳ 02:26:39 — Pulso estable, sin rastro de contratos.
⏳ 02:26:42 — Pulso estable, sin rastro de contratos.
⏳ 02:26:45 — Pulso estable, sin rastro de contratos.
⏳ 02:26:48 — Pulso estable, sin rastro de contratos.
⏳ 02:26:51 — Pulso estable, sin rastro de contratos.
⏳ 02:26:54 — Pulso estable, sin rastro de contratos.
⏳ 02:26:57 — Pulso estable, sin rastro de contratos.
⏳ 02:27:00 — Pulso estable, sin rastro de contratos.
⏳ 02:27:03 — Pulso estable, sin rastro de contratos.
⏳ 02:27:06 — Pulso estable, sin rastro de contratos.
⏳ 02:27:09 — Pulso estable, sin rastro de contratos.
⏳ 02:27:12 — 🐜 XOXO analizando: PRUEBA_SOBERANA_004.ref.lbh
⏳ 02:27:14 — 🟢 CONTRATO PURIFICADO -> Movido a 'cleared': PRUEBA_SOBERANA_004.ref.lbh
⏳ 02:27:17 — Pulso estable, sin rastro de contratos.
⏳ 02:27:20 — Pulso estable, sin rastro de contratos.
⏳ 02:27:23 — Pulso estable, sin rastro de contratos.
⏳ 02:27:27 — Pulso estable, sin rastro de contratos.
⏳ 02:27:30 — Pulso estable, sin rastro de contratos.
⏳ 02:27:33 — Pulso estable, sin rastro de contratos.
⏳ 02:27:36 — Pulso estable, sin rastro de contratos.
⏳ 02:27:39 — Pulso estable, sin rastro de contratos.
⏳ 02:27:42 — Pulso estable, sin rastro de contratos.
⏳ 02:27:45 — Pulso estable, sin rastro de contratos.
⏳ 02:27:48 — Pulso estable, sin rastro de contratos.
⏳ 02:27:51 — Pulso estable, sin rastro de contratos.
⏳ 02:27:54 — Pulso estable, sin rastro de contratos.
⏳ 02:27:57 — Pulso estable, sin rastro de contratos.
⏳ 02:28:00 — Pulso estable, sin rastro de contratos.
⏳ 02:28:03 — Pulso estable, sin rastro de contratos.
⏳ 02:28:06 — Pulso estable, sin rastro de contratos.
⏳ 02:28:09 — Pulso estable, sin rastro de contratos.
⏳ 02:28:12 — Pulso estable, sin rastro de contratos.
⏳ 02:28:15 — Pulso estable, sin rastro de contratos.
⏳ 02:28:18 — Pulso estable, sin rastro de contratos.
⏳ 02:28:21 — Pulso estable, sin rastro de contratos.
⏳ 02:28:24 — Pulso estable, sin rastro de contratos.
⏳ 02:28:27 — Pulso estable, sin rastro de contratos.
⏳ 02:28:30 — Pulso estable, sin rastro de contratos.
⏳ 02:28:34 — Pulso estable, sin rastro de contratos.
⏳ 02:28:37 — Pulso estable, sin rastro de contratos.
⏳ 02:28:40 — Pulso estable, sin rastro de contratos.
⏳ 02:28:43 — Pulso estable, sin rastro de contratos.
⏳ 02:28:46 — Pulso estable, sin rastro de contratos.
⏳ 02:28:49 — Pulso estable, sin rastro de contratos.
⏳ 02:28:52 — Pulso estable, sin rastro de contratos.
⏳ 02:28:55 — Pulso estable, sin rastro de contratos.
⏳ 02:28:58 — Pulso estable, sin rastro de contratos.
⏳ 02:29:01 — Pulso estable, sin rastro de contratos.
⏳ 02:29:04 — Pulso estable, sin rastro de contratos.
⏳ 02:29:07 — Pulso estable, sin rastro de contratos.
⏳ 02:29:10 — Pulso estable, sin rastro de contratos.
⏳ 02:29:13 — Pulso estable, sin rastro de contratos.
⏳ 02:29:16 — Pulso estable, sin rastro de contratos.
⏳ 02:29:19 — Pulso estable, sin rastro de contratos.
⏳ 02:29:22 — Pulso estable, sin rastro de contratos.
⏳ 02:29:25 — Pulso estable, sin rastro de contratos.
⏳ 02:29:28 — Pulso estable, sin rastro de contratos.
⏳ 02:29:32 — Pulso estable, sin rastro de contratos.
⏳ 02:29:35 — Pulso estable, sin rastro de contratos.
⏳ 02:29:38 — Pulso estable, sin rastro de contratos.
⏳ 02:29:41 — Pulso estable, sin rastro de contratos.
⏳ 02:29:44 — Pulso estable, sin rastro de contratos.
⏳ 02:29:47 — Pulso estable, sin rastro de contratos.
⏳ 02:29:50 — Pulso estable, sin rastro de contratos.
⏳ 02:29:53 — Pulso estable, sin rastro de contratos.
⏳ 02:29:56 — Pulso estable, sin rastro de contratos.
⏳ 02:29:59 — Pulso estable, sin rastro de contratos.
⏳ 02:30:02 — Pulso estable, sin rastro de contratos.
⏳ 02:30:05 — Pulso estable, sin rastro de contratos.
⏳ 02:30:08 — Pulso estable, sin rastro de contratos.
⏳ 02:30:11 — Pulso estable, sin rastro de contratos.
⏳ 02:30:14 — Pulso estable, sin rastro de contratos.
⏳ 02:30:17 — Pulso estable, sin rastro de contratos.
⏳ 02:30:20 — Pulso estable, sin rastro de contratos.
⏳ 02:30:23 — Pulso estable, sin rastro de contratos.
⏳ 02:30:26 — Pulso estable, sin rastro de contratos.
⏳ 02:30:29 — Pulso estable, sin rastro de contratos.
⏳ 02:30:33 — Pulso estable, sin rastro de contratos.
⏳ 02:30:36 — Pulso estable, sin rastro de contratos.
⏳ 02:30:39 — 🐜 XOXO analizando: MISION_CUMPLIDA_LBH.ref.lbh
⏳ 02:30:41 — 📡 [XOXO] BLOQUEO Y NEUTRALIZACIÓN | MISION_CUMPLIDA_LBH.ref.lbh | Motivo: ORIGEN_NO_SOBERANO
⏳ 02:30:44 — Pulso estable, sin rastro de contratos.
⏳ 02:30:47 — Pulso estable, sin rastro de contratos.
⏳ 02:30:50 — Pulso estable, sin rastro de contratos.
⏳ 02:30:53 — Pulso estable, sin rastro de contratos.
⏳ 02:30:56 — Pulso estable, sin rastro de contratos.
⏳ 02:30:59 — Pulso estable, sin rastro de contratos.
⏳ 02:31:02 — Pulso estable, sin rastro de contratos.
⏳ 02:31:05 — Pulso estable, sin rastro de contratos.
⏳ 02:31:08 — Pulso estable, sin rastro de contratos.
⏳ 02:31:11 — Pulso estable, sin rastro de contratos.
⏳ 02:31:14 — Pulso estable, sin rastro de contratos.
⏳ 02:31:17 — Pulso estable, sin rastro de contratos.
⏳ 02:31:20 — Pulso estable, sin rastro de contratos.
⏳ 02:31:24 — Pulso estable, sin rastro de contratos.
⏳ 02:31:27 — Pulso estable, sin rastro de contratos.
⏳ 02:31:30 — Pulso estable, sin rastro de contratos.
⏳ 02:31:33 — Pulso estable, sin rastro de contratos.
⏳ 02:31:36 — Pulso estable, sin rastro de contratos.
⏳ 02:31:39 — Pulso estable, sin rastro de contratos.
⏳ 02:31:42 — Pulso estable, sin rastro de contratos.
⏳ 02:31:45 — Pulso estable, sin rastro de contratos.
⏳ 02:31:48 — Pulso estable, sin rastro de contratos.
⏳ 02:31:51 — Pulso estable, sin rastro de contratos.
⏳ 02:31:54 — Pulso estable, sin rastro de contratos.
⏳ 02:31:57 — Pulso estable, sin rastro de contratos.
⏳ 02:32:00 — Pulso estable, sin rastro de contratos.
⏳ 02:32:03 — Pulso estable, sin rastro de contratos.
⏳ 02:32:06 — Pulso estable, sin rastro de contratos.
⏳ 02:32:09 — Pulso estable, sin rastro de contratos.
⏳ 02:32:12 — Pulso estable, sin rastro de contratos.
⏳ 02:32:15 — Pulso estable, sin rastro de contratos.
⏳ 02:32:18 — Pulso estable, sin rastro de contratos.
⏳ 02:32:22 — Pulso estable, sin rastro de contratos.
⏳ 02:32:25 — Pulso estable, sin rastro de contratos.
⏳ 02:32:28 — Pulso estable, sin rastro de contratos.
⏳ 02:32:31 — Pulso estable, sin rastro de contratos.
⏳ 02:32:34 — Pulso estable, sin rastro de contratos.
⏳ 02:32:37 — Pulso estable, sin rastro de contratos.
⏳ 02:32:40 — Pulso estable, sin rastro de contratos.
⏳ 02:32:43 — Pulso estable, sin rastro de contratos.
⏳ 02:32:46 — Pulso estable, sin rastro de contratos.
⏳ 02:32:49 — Pulso estable, sin rastro de contratos.
⏳ 02:32:52 — Pulso estable, sin rastro de contratos.
⏳ 02:32:55 — Pulso estable, sin rastro de contratos.
⏳ 02:32:58 — Pulso estable, sin rastro de contratos.
⏳ 02:33:01 — Pulso estable, sin rastro de contratos.
⏳ 02:33:04 — Pulso estable, sin rastro de contratos.
⏳ 02:33:07 — Pulso estable, sin rastro de contratos.
⏳ 02:33:10 — Pulso estable, sin rastro de contratos.
⏳ 02:33:13 — Pulso estable, sin rastro de contratos.
⏳ 02:33:16 — ⚖️ XOXO PORTERO ACTIVO - Nodo El Salvador 🇸🇻
⏳ 02:33:16 — Pulso estable, sin rastro de contratos.
⏳ 02:33:16 — Pulso estable, sin rastro de contratos.
⏳ 02:33:19 — Pulso estable, sin rastro de contratos.
⏳ 02:33:19 — Pulso estable, sin rastro de contratos.
⏳ 02:33:22 — Pulso estable, sin rastro de contratos.
⏳ 02:33:23 — Pulso estable, sin rastro de contratos.
⏳ 02:33:25 — Pulso estable, sin rastro de contratos.
⏳ 02:33:26 — Pulso estable, sin rastro de contratos.
⏳ 02:33:28 — Pulso estable, sin rastro de contratos.
⏳ 02:33:29 — Pulso estable, sin rastro de contratos.
⏳ 02:33:31 — Pulso estable, sin rastro de contratos.
⏳ 02:33:32 — Pulso estable, sin rastro de contratos.
⏳ 02:33:34 — Pulso estable, sin rastro de contratos.
⏳ 02:33:35 — Pulso estable, sin rastro de contratos.
⏳ 02:33:37 — Pulso estable, sin rastro de contratos.
⏳ 02:33:38 — Pulso estable, sin rastro de contratos.
⏳ 02:33:40 — Pulso estable, sin rastro de contratos.
⏳ 02:33:41 — Pulso estable, sin rastro de contratos.
⏳ 02:33:43 — Pulso estable, sin rastro de contratos.
⏳ 02:33:44 — Pulso estable, sin rastro de contratos.
⏳ 02:33:46 — Pulso estable, sin rastro de contratos.
⏳ 02:33:47 — Pulso estable, sin rastro de contratos.
⏳ 02:33:49 — Pulso estable, sin rastro de contratos.
⏳ 02:33:50 — Pulso estable, sin rastro de contratos.
⏳ 02:33:53 — Pulso estable, sin rastro de contratos.
⏳ 02:33:53 — Pulso estable, sin rastro de contratos.
⏳ 02:33:56 — Pulso estable, sin rastro de contratos.
⏳ 02:33:56 — Pulso estable, sin rastro de contratos.
⏳ 02:33:59 — Pulso estable, sin rastro de contratos.
⏳ 02:33:59 — Pulso estable, sin rastro de contratos.
⏳ 02:34:02 — 🐜 XOXO analizando: MISION_CUMPLIDA_LBH.ref.lbh
⏳ 02:34:02 — 🐜 XOXO analizando: MISION_CUMPLIDA_LBH.ref.lbh
⏳ 02:34:04 — 📡 [XOXO] BLOQUEO Y NEUTRALIZACIÓN | MISION_CUMPLIDA_LBH.ref.lbh | Motivo: ORIGEN_NO_SOBERANO
⏳ 02:34:04 — 📡 [XOXO] BLOQUEO Y NEUTRALIZACIÓN | MISION_CUMPLIDA_LBH.ref.lbh | Motivo: ORIGEN_NO_SOBERANO
⏳ 02:34:07 — Pulso estable, sin rastro de contratos.
⏳ 02:34:07 — Pulso estable, sin rastro de contratos.
⏳ 02:34:10 — Pulso estable, sin rastro de cont