 - Esperando rastro...
⏳ 01:19:08 — Pulso estable, sin amenazas detectadas.
⏳ 01:19:09 - Pulso estable - Esperando rastro...
⏳ 01:19:11 - Pulso estable - Esperando rastro...
⏳ 01:19:12 — Pulso estable, sin amenazas detectadas.
⏳ 01:19:13 - Pulso estable - Esperando rastro...
⏳ 01:19:15 - Pulso estable - Esperando rastro...
⏳ 01:19:16 — Pulso estable, sin amenazas detectadas.
⏳ 01:19:18 - Pulso estable - Esperando rastro...
⏳ 01:19:20 - Pulso estable - Esperando rastro...
⏳ 01:19:20 — Pulso estable, sin amenazas detectadas.
⏳ 01:19:22 - Pulso estable - Esperando rastro...
⏳ 01:19:24 — Pulso estable, sin amenazas detectadas.
⏳ 01:19:24 - Pulso estable - Esperando rastro...
⏳ 01:19:26 - Pulso estable - Esperando rastro...
⏳ 01:19:28 — Pulso estable, sin amenazas detectadas.
⏳ 01:19:28 - Pulso estable - Esperando rastro...
⏳ 01:19:30 - Pulso estable - Esperando rastro...
⏳ 01:19:32 — Pulso estable, sin amenazas detectadas.
⏳ 01:19:32 - Pulso estable - Esperando rastro...
⏳ 01:19:34 - Pulso estable - Esperando rastro...
⏳ 01:19:36 — Pulso estable, sin amenazas detectadas.
⏳ 01:19:36 - Pulso estable - Esperando rastro...
⏳ 01:19:38 - Pulso estable - Esperando rastro...
⏳ 01:19:40 — Pulso estable, sin amenazas detectadas.
⏳ 01:19:40 - Pulso estable - Esperando rastro...
⏳ 01:19:42 - Pulso estable - Esperando rastro...
⏳ 01:19:44 — Pulso estable, sin amenazas detectadas.
⏳ 01:19:44 - Pulso estable - Esperando rastro...
⏳ 01:19:46 - Pulso estable - Esperando rastro...
⏳ 01:19:48 — Pulso estable, sin amenazas detectadas.
⏳ 01:19:48 - Pulso estable - Esperando rastro...
⏳ 01:19:50 - Pulso estable - Esperando rastro...
⏳ 01:19:52 — Pulso estable, sin amenazas detectadas.
⏳ 01:19:52 - Pulso estable - Esperando rastro...
⏳ 01:19:54 - Pulso estable - Esperando rastro...
⏳ 01:19:56 — Pulso estable, sin amenazas detectadas.
⏳ 01:19:56 - Pulso estable - Esperando rastro...
⏳ 01:19:58 - Pulso estable - Esperando rastro...
⏳ 01:20:00 — Pulso estable, sin amenazas detectadas.
⏳ 01:20:00 - Pulso estable - Esperando rastro...
⏳ 01:20:02 - Pulso estable - Esperando rastro...
⏳ 01:20:04 — Pulso estable, sin amenazas detectadas.
⏳ 01:20:04 - Pulso estable - Esperando rastro...
⏳ 01:20:06 - Pulso estable - Esperando rastro...
⏳ 01:20:08 — Pulso estable, sin amenazas detectadas.
⏳ 01:20:09 - Pulso estable - Esperando rastro...
⏳ 01:20:11 - Pulso estable - Esperando rastro...
⏳ 01:20:12 — Pulso estable, sin amenazas detectadas.
⏳ 01:20:13 - Pulso estable - Esperando rastro...
⏳ 01:20:15 - Pulso estable - Esperando rastro...
⏳ 01:20:16 — Pulso estable, sin amenazas detectadas.
⏳ 01:20:17 - Pulso estable - Esperando rastro...
⏳ 01:20:19 - Pulso estable - Esperando rastro...
⏳ 01:20:20 — Pulso estable, sin amenazas detectadas.
⏳ 01:20:21 - Pulso estable - Esperando rastro...
⏳ 01:20:23 - Pulso estable - Esperando rastro...
⏳ 01:20:24 — Pulso estable, sin amenazas detectadas.
⏳ 01:20:25 - Pulso estable - Esperando rastro...
⏳ 01:20:27 - Pulso estable - Esperando rastro...
⏳ 01:20:28 — Pulso estable, sin amenazas detectadas.
⏳ 01:20:29 - Pulso estable - Esperando rastro...
⏳ 01:20:31 - Pulso estable - Esperando rastro...
⏳ 01:20:32 — Pulso estable, sin amenazas detectadas.
⏳ 01:20:33 - Pulso estable - Esperando rastro...
⏳ 01:20:35 - Pulso estable - Esperando rastro...
⏳ 01:20:36 — Pulso estable, sin amenazas detectadas.
⏳ 01:20:37 - Pulso estable - Esperando rastro...
⏳ 01:20:39 - Pulso estable - Esperando rastro...
⏳ 01:20:40 — Pulso estable, sin amenazas detectadas.
⏳ 01:20:41 - Pulso estable - Esperando rastro...
⏳ 01:20:43 - Pulso estable - Esperando rastro...
⏳ 01:20:44 — Pulso estable, sin amenazas detectadas.
⏳ 01:20:45 - Pulso estable - Esperando rastro...
⏳ 01:20:47 - Pulso estable - Esperando rastro...
⏳ 01:20:48 — Pulso estable, sin amenazas detectadas.
⏳ 01:20:49 - Pulso estable - Esperando rastro...
⏳ 01:20:51 - Pulso estable - Esperando rastro...
⏳ 01:20:53 — Pulso estable, sin amenazas detectadas.
⏳ 01:20:53 - Pulso estable - Esperando rastro...
⏳ 01:20:55 - Pulso estable - Esperando rastro...
⏳ 01:20:57 — Pulso estable, sin amenazas detectadas.
⏳ 01:20:57 - Pulso estable - Esperando rastro...
⏳ 01:21:00 - Pulso estable - Esperando rastro...
⏳ 01:21:01 — Pulso estable, sin amenazas detectadas.
⏳ 01:21:02 - Pulso estable - Esperando rastro...
⏳ 01:21:04 - Pulso estable - Esperando rastro...
⏳ 01:21:05 — Pulso estable, sin amenazas detectadas.
⏳ 01:21:06 - Pulso estable - Esperando rastro...
⏳ 01:21:08 - Pulso estable - Esperando rastro...
⏳ 01:21:09 — Pulso estable, sin amenazas detectadas.
⏳ 01:21:10 - Pulso estable - Esperando rastro...
⏳ 01:21:12 - Pulso estable - Esperando rastro...
⏳ 01:21:13 — Pulso estable, sin amenazas detectadas.
⏳ 01:21:14 - Pulso estable - Esperando rastro...
⏳ 01:21:16 - Pulso estable - Esperando rastro...
⏳ 01:21:17 — Pulso estable, sin amenazas detectadas.
⏳ 01:21:18 - Pulso estable - Esperando rastro...
⏳ 01:21:20 - Pulso estable - Esperando rastro...
⏳ 01:21:21 — Pulso estable, sin amenazas detectadas.
⏳ 01:21:22 - Pulso estable - Esperando rastro...
⏳ 01:21:24 - Pulso estable - Esperando rastro...
⏳ 01:21:26 - Pulso estable - Esperando rastro...
⏳ 01:21:28 - Pulso estable - Esperando rastro...
⏳ 01:21:30 - Pulso estable - Esperando rastro...
⏳ 01:21:32 - Pulso estable - Esperando rastro...
⏳ 01:21:34 - Pulso estable - Esperando rastro...
⏳ 01:21:36 - Pulso estable - Esperando rastro...
⏳ 01:21:38 - Pulso estable - Esperando rastro...
⏳ 01:21:40 - Pulso estable - Esperando rastro...
⏳ 01:21:42 - Pulso estable - Esperando rastro...
⏳ 01:21:44 - Pulso estable - Esperando rastro...
⏳ 01:21:47 - Pulso estable - Esperando rastro...
⏳ 01:21:49 - Pulso estable - Esperando rastro...
⏳ 01:21:51 - Pulso estable - Esperando rastro...
⏳ 01:21:53 - Pulso estable - Esperando rastro...
⏳ 01:21:55 - Pulso estable - Esperando rastro...
⏳ 01:21:57 - Pulso estable - Esperando rastro...
⏳ 01:21:59 - Pulso estable - Esperando rastro...
⏳ 01:22:01 - Pulso estable - Esperando rastro...
⏳ 01:22:03 - Pulso estable - Esperando rastro...
⏳ 01:22:05 - Pulso estable - Esperando rastro...
⏳ 01:22:07 - Pulso estable - Esperando rastro...
⏳ 01:22:09 - Pulso estable - Esperando rastro...
⏳ 01:22:11 - Pulso estable - Esperando rastro...
⏳ 01:22:13 - Pulso estable - Esperando rastro...
⏳ 01:22:15 - Pulso estable - Esperando rastro...
⏳ 01:22:17 - Pulso estable - Esperando rastro...
⏳ 01:22:19 - Pulso estable - Esperando rastro...
⏳ 01:22:21 - Pulso estable - Esperando rastro...
⏳ 01:22:23 - Pulso estable - Esperando rastro...
⏳ 01:22:25 - Pulso estable - Esperando rastro...
⏳ 01:22:27 - Pulso estable - Esperando rastro...
⏳ 01:22:30 - Pulso estable - Esperando rastro...
⏳ 01:22:32 - Pulso estable - Esperando rastro...
⏳ 01:22:34 - Pulso estable - Esperando rastro...
⏳ 01:22:36 - Pulso estable - Esperando rastro...
⏳ 01:22:38 - Pulso estable - Esperando rastro...
⏳ 01:22:40 - Pulso estable - Esperando rastro...
⏳ 01:22:42 - Pulso estable - Esperando rastro...
⏳ 01:22:44 - Pulso estable - Esperando rastro...
⏳ 01:22:46 - Pulso estable - Esperando rastro...
⏳ 01:22:48 - Pulso estable - Esperando rastro...
⏳ 01:22:50 - Pulso estable - Esperando rastro...
⏳ 01:22:52 - Pulso estable - Esperando rastro...
⏳ 01:22:54 - Pulso estable - Esperando rastro...
⏳ 01:22:56 - Pulso estable - Esperando rastro...
⏳ 01:22:58 - Pulso estable - Esperando rastro...
⏳ 01:23:00 - Pulso estable - Esperando rastro...
⏳ 01:23:02 - Pulso estable - Esperando rastro...
⏳ 01:23:04 - Pulso estable - Esperando rastro...
⏳ 01:23:06 - Pulso estable - Esperando rastro...
⏳ 01:23:08 — Pulso estable, sin amenazas detectadas.
⏳ 01:23:08 - Pulso estable - Esperando rastro...
⏳ 01:23:10 - Pulso estable - Esperando rastro...
⏳ 01:23:12 — Pulso estable, sin amenazas detectadas.
⏳ 01:23:12 - Pulso estable - Esperando rastro...
⏳ 01:23:15 - Pulso estable - Esperando rastro...
⏳ 01:23:16 — Pulso estable, sin amenazas detectadas.
⏳ 01:23:17 - Pulso estable - Esperando rastro...
⏳ 01:23:19 - Pulso estable - Esperando rastro...
⏳ 01:23:20 — Pulso estable, sin amenazas detectadas.
⏳ 01:23:21 - Pulso estable - Esperando rastro...
⏳ 01:23:23 - Pulso estable - Esperando rastro...
⏳ 01:23:24 — Pulso estable, sin amenazas detectadas.
⏳ 01:23:25 - Pulso estable - Esperando rastro...
⏳ 01:23:27 - Pulso estable - Esperando rastro...
⏳ 01:23:28 — Pulso estable, sin amenazas detectadas.
⏳ 01:23:29 - Pulso estable - Esperando rastro...
⏳ 01:23:31 - Pulso estable - Esperando rastro...
⏳ 01:23:33 — Pulso estable, sin amenazas detectadas.
⏳ 01:23:33 - Pulso estable - Esperando rastro...
⏳ 01:23:35 - Pulso estable - Esperando rastro...
⏳ 01:23:37 — Pulso estable, sin amenazas detectadas.
⏳ 01:23:37 - Pulso estable - Esperando rastro...
⏳ 01:23:39 - Pulso estable - Esperando rastro...
⏳ 01:23:41 — Pulso estable, sin amenazas detectadas.
⏳ 01:23:41 - Pulso estable - Esperando rastro...
⏳ 01:23:43 - Pulso estable - Esperando rastro...
⏳ 01:23:45 — Pulso estable, sin amenazas detectadas.
⏳ 01:23:45 - Pulso estable - Esperando rastro...
⏳ 01:23:47 - Pulso estable - Esperando rastro...
⏳ 01:23:49 — Pulso estable, sin amenazas detectadas.
⏳ 01:23:49 - Pulso estable - Esperando rastro...
⏳ 01:23:51 - Pulso estable - Esperando rastro...
⏳ 01:23:53 — Pulso estable, sin amenazas detectadas.
⏳ 01:23:53 - Pulso estable - Esperando rastro...
⏳ 01:23:55 - Pulso estable - Esperando rastro...
⏳ 01:23:57 — Pulso estable, sin amenazas detectadas.
⏳ 01:23:57 - Pulso estable - Esperando rastro...
⏳ 01:23:59 - Pulso estable - Esperando rastro...
⏳ 01:24:01 — Pulso estable, sin amenazas detectadas.
⏳ 01:24:02 - Pulso estable - Esperando rastro...
⏳ 01:24:04 - Pulso estable - Esperando rastro...
⏳ 01:24:05 — Pulso estable, sin amenazas detectadas.
⏳ 01:24:06 - Pulso estable - Esperando rastro...
⏳ 01:24:08 - Pulso estable - Esperando rastro...
⏳ 01:24:09 — Pulso estable, sin amenazas detectadas.
⏳ 01:24:10 - Pulso estable - Esperando rastro...
⏳ 01:24:12 - Pulso estable - Esperando rastro...
⏳ 01:24:13 — Pulso estable, sin amenazas detectadas.
⏳ 01:24:14 - Pulso estable - Esperando rastro...
⏳ 01:24:16 - Pulso estable - Esperando rastro...
⏳ 01:24:17 — Pulso estable, sin amenazas detectadas.
⏳ 01:24:18 - Pulso estable - Esperando rastro...
⏳ 01:24:20 - Pulso estable - Esperando rastro...
⏳ 01:24:21 — Pulso estable, sin amenazas detectadas.
⏳ 01:24:22 - Pulso estable - Esperando rastro...
⏳ 01:24:24 - Pulso estable - Esperando rastro...
⏳ 01:24:25 — Pulso estable, sin amenazas detectadas.
⏳ 01:24:26 - Pulso estable - Esperando rastro...
⏳ 01:24:28 - Pulso estable - Esperando rastro...
⏳ 01:24:29 — Pulso estable, sin amenazas detectadas.
⏳ 01:24:30 - Pulso estable - Esperando rastro...
⏳ 01:24:32 - Pulso estable - Esperando rastro...
⏳ 01:24:33 — Pulso estable, sin amenazas detectadas.
⏳ 01:24:34 - Pulso estable - Esperando rastro...
🐜 XOXO observando archivo: xoxo_supervised/inbox/PRUEBA_TROYANO.ref.lbh
⏸️ Pausa de identificación soberana iniciada...
📡 [XOXO] BLOQUEO: Caballo de Troya estructural detectado en PRUEBA_TROYANO
⏳ 01:24:36 - Pulso estable - Esperando rastro...
⏳ 01:24:37 — Pulso estable, sin amenazas detectadas.
⏳ 01:24:38 - Pulso estable - Esperando rastro...
⏳ 01:24:40 - Pulso estable - Esperando rastro...
⏳ 01:24:41 — Pulso estable, sin amenazas detectadas.
⏳ 01:24:42 — Pulso estable, sin amenazas detectadas.
⏳ 01:24:42 - Pulso estable - Esperando rastro...
⏳ 01:24:44 - Pulso estable - Esperando rastro...
⏳ 01:24:45 — Pulso estable, sin amenazas detectadas.
⏳ 01:24:46 — Pulso estable, sin amenazas detectadas.
⏳ 01:24:46 - Pulso estable - Esperando rastro...
⏳ 01:24:48 - Pulso estable - Esperando rastro...
⏳ 01:24:49 — Pulso estable, sin amenazas detectadas.
⏳ 01:24:50 — Pulso estable, sin amenazas detectadas.
⏳ 01:24:51 - Pulso estable - Esperando rastro...
⏳ 01:24:53 - Pulso estable - Esperando rastro...
⏳ 01:24:53 — Pulso estable, sin amenazas detectadas.
⏳ 01:24:54 — Pulso estable, sin amenazas detectadas.
⏳ 01:24:55 - Pulso estable - Esperando rastro...
⏳ 01:24:57 - Pulso estable - Esperando rastro...
⏳ 01:24:57 — Pulso estable, sin amenazas detectadas.
⏳ 01:24:58 — Pulso estable, sin amenazas detectadas.
⏳ 01:24:59 - Pulso estable - Esperando rastro...
⏳ 01:25:01 - Pulso estable - Esperando rastro...
⏳ 01:25:01 — Pulso estable, sin amenazas detectadas.
⏳ 01:25:02 — Pulso estable, sin amenazas detectadas.
⏳ 01:25:03 - Pulso estable - Esperando rastro...
⏳ 01:25:05 - Pulso estable - Esperando rastro...
⏳ 01:25:06 — Pulso estable, sin amenazas detectadas.
⏳ 01:25:06 — Pulso estable, sin amenazas detectadas.
⏳ 01:25:07 - Pulso estable - Esperando rastro...
⏳ 01:25:09 - Pulso estable - Esperando rastro...
⏳ 01:25:10 — Pulso estable, sin amenazas detectadas.
⏳ 01:25:10 — Pulso estable, sin amenazas detectadas.
⏳ 01:25:11 - Pulso estable - Esperando rastro...
⏳ 01:25:13 - Pulso estable - Esperando rastro...
⏳ 01:25:14 — Pulso estable, sin amenazas detectadas.
⏳ 01:25:14 — Pulso estable, sin amenazas detectadas.
⏳ 01:25:15 - Pulso estable - Esperando rastro...
⏳ 01:25:17 - Pulso estable - Esperando rastro...
⏳ 01:25:18 — Pulso estable, sin amenazas detectadas.
⏳ 01:25:18 — Pulso estable, sin amenazas detectadas.
⏳ 01:25:19 - Pulso estable - Esperando rastro...
⏳ 01:25:21 - Pulso estable - Esperando rastro...
⏳ 01:25:22 — Pulso estable, sin amenazas detectadas.
⏳ 01:25:22 — Pulso estable, sin amenazas detectadas.
⏳ 01:25:23 - Pulso estable - Esperando rastro...
⏳ 01:25:25 - Pulso estable - Esperando rastro...
⏳ 01:25:26 — Pulso estable, sin amenazas detectadas.
⏳ 01:25:26 — Pulso estable, sin amenazas detectadas.
⏳ 01:25:27 - Pulso estable - Esperando rastro...
⏳ 01:25:29 - Pulso estable - Esperando rastro...
⏳ 01:25:30 — Pulso estable, sin amenazas detectadas.
⏳ 01:25:30 — Pulso estable, sin amenazas detectadas.
⏳ 01:25:31 - Pulso estable - Esperando rastro...
⏳ 01:25:33 - Pulso estable - Esperando rastro...
⏳ 01:25:34 — Pulso estable, sin amenazas detectadas.
⏳ 01:25:34 — Pulso estable, sin amenazas detectadas.
⏳ 01:25:35 - Pulso estable - Esperando rastro...
⏳ 01:25:38 - Pulso estable - Esperando rastro...
⏳ 01:25:38 — Pulso estable, sin amenazas detectadas.
⏳ 01:25:38 — Pulso estable, sin amenazas detectadas.
⏳ 01:25:40 - Pulso estable - Esperando rastro...
⏳ 01:25:42 - Pulso estable - Esperando rastro...
⏳ 01:25:42 — Pulso estable, sin amenazas detectadas.
⏳ 01:25:43 — Pulso estable, sin amenazas detectadas.
⏳ 01:25:44 - Pulso estable - Esperando rastro...
⏳ 01:25:46 - Pulso estable - Esperando rastro...
⏳ 01:25:46 — Pulso estable, sin amenazas detectadas.
⏳ 01:25:47 — Pulso estable, sin amenazas detectadas.
⏳ 01:25:48 - Pulso estable - Esperando rastro...
⏳ 01:25:50 - Pulso estable - Esperando rastro...
⏳ 01:25:50 — Pulso estable, sin amenazas detectadas.
⏳ 01:25:51 — Pulso estable, sin amenazas detectadas.
⏳ 01:25:52 - Pulso estable - Esperando rastro...
⏳ 01:25:54 - Pulso estable - Esperando rastro...
⏳ 01:25:54 — Pulso estable, sin amenazas detectadas.
⏳ 01:25:55 — Pulso estable, sin amenazas detectadas.
⏳ 01:25:56 - Pulso estable - Esperando rastro...
⏳ 01:25:58 - Pulso estable - Esperando rastro...
⏳ 01:25:58 — Pulso estable, sin amenazas detectadas.
⏳ 01:25:59 — Pulso estable, sin amenazas detectadas.
⏳ 01:26:00 - Pulso estable - Esperando rastro...
⏳ 01:26:02 - Pulso estable - Esperando rastro...
⏳ 01:26:02 — Pulso estable, sin amenazas detectadas.
⏳ 01:26:03 — Pulso estable, sin amenazas detectadas.
⏳ 01:26:04 - Pulso estable - Esperando rastro...
⏳ 01:26:06 - Pulso estable - Esperando rastro...
⏳ 01:26:06 — Pulso estable, sin amenazas detectadas.
⏳ 01:26:07 — Pulso estable, sin amenazas detectadas.
⏳ 01:26:08 - Pulso estable - Esperando rastro...
⏳ 01:26:10 — Pulso estable, sin amenazas detectadas.
⏳ 01:26:10 - Pulso estable - Esperando rastro...
⏳ 01:26:11 — Pulso estable, sin amenazas detectadas.
⏳ 01:26:12 - Pulso estable - Esperando rastro...
⏳ 01:26:14 — Pulso estable, sin amenazas detectadas.
⏳ 01:26:14 - Pulso estable - Esperando rastro...
⏳ 01:26:15 — Pulso estable, sin amenazas detectadas.
⏳ 01:26:16 - Pulso estable - Esperando rastro...
⏳ 01:26:18 — Pulso estable, sin amenazas detectadas.
⏳ 01:26:18 - Pulso estable - Esperando rastro...
⏳ 01:26:19 — Pulso estable, sin amenazas detectadas.
⏳ 01:26:21 - Pulso estable - Esperando rastro...
⏳ 01:26:22 — Pulso estable, sin amenazas detectadas.
⏳ 01:26:23 - Pulso estable - Esperando rastro...
⏳ 01:26:23 — Pulso estable, sin amenazas detectadas.
⏳ 01:26:25 - Pulso estable - Esperando rastro...
⏳ 01:26:26 — Pulso estable, sin amenazas detectadas.
⏳ 01:26:27 - Pulso estable - Esperando rastro...
⏳ 01:26:27 — Pulso estable, sin amenazas detectadas.
⏳ 01:26:29 - Pulso estable - Esperando rastro...
⏳ 01:26:31 — Pulso estable, sin amenazas detectadas.
⏳ 01:26:31 - Pulso estable - Esperando rastro...
⏳ 01:26:31 — Pulso estable, sin amenazas detectadas.
⏳ 01:26:33 - Pulso estable - Esperando rastro...
⏳ 01:26:35 — Pulso estable, sin amenazas detectadas.
⏳ 01:26:35 - Pulso estable - Esperando rastro...
⏳ 01:26:35 — Pulso estable, sin amenazas detectadas.
⏳ 01:26:37 - Pulso estable - Esperando rastro...
⏳ 01:26:39 - Pulso estable - Esperando rastro...
⏳ 01:26:39 — Pulso estable, sin amenazas detectadas.
⏳ 01:26:41 - Pulso estable - Esperando rastro...
⏳ 01:26:43 - Pulso estable - Esperando rastro...
⏳ 01:26:43 — Pulso estable, sin amenazas detectadas.
⏳ 01:26:45 - Pulso estable - Esperando rastro...
⏳ 01:26:47 - Pulso estable - Esperando rastro...
⏳ 01:26:47 — Pulso estable, sin amenazas detectadas.
⏳ 01:26:49 - Pulso estable - Esperando rastro...
⏳ 01:26:51 - Pulso estable - Esperando rastro...
⏳ 01:26:51 — Pulso estable, sin amenazas detectadas.
⏳ 01:26:53 - Pulso estable - Esperando rastro...
⏳ 01:26:55 — Pulso estable, sin amenazas detectadas.
⏳ 01:26:55 - Pulso estable - Esperando rastro...
⏳ 01:26:57 - Pulso estable - Esperando rastro...
⏳ 01:26:59 — Pulso estable, sin amenazas detectadas.
⏳ 01:26:59 - Pulso estable - Esperando rastro...
⏳ 01:27:01 - Pulso estable - Esperando rastro...
⏳ 01:27:03 — Pulso estable, sin amenazas detectadas.
⏳ 01:27:03 - Pulso estable - Esperando rastro...
⏳ 01:27:06 - Pulso estable - Esperando rastro...
⏳ 01:27:07 — Pulso estable, sin amenazas detectadas.
⏳ 01:27:08 - Pulso estable - Esperando rastro...
⏳ 01:27:10 - Pulso estable - Esperando rastro...
⏳ 01:27:11 — Pulso estable, sin amenazas detectadas.
⏳ 01:27:12 - Pulso estable - Esperando rastro...
⏳ 01:27:14 - Pulso estable - Esperando rastro...
⏳ 01:27:16 — Pulso estable, sin amenazas detectadas.
⏳ 01:27:16 - Pulso estable - Esperando rastro...
⏳ 01:27:18 - Pulso estable - Esperando rastro...
⏳ 01:27:20 — Pulso estable, sin amenazas detectadas.
⏳ 01:27:20 - Pulso estable - Esperando rastro...
⏳ 01:27:22 - Pulso estable - Esperando rastro...
⏳ 01:27:24 — Pulso estable, sin amenazas detectadas.
⏳ 01:27:24 - Pulso estable - Esperando rastro...
⏳ 01:27:26 - Pulso estable - Esperando rastro...
⏳ 01:27:28 — Pulso estable, sin amenazas detectadas.
⏳ 01:27:28 - Pulso estable - Esperando rastro...
⏳ 01:27:30 - Pulso estable - Esperando rastro...
⏳ 01:27:32 — Pulso estable, sin amenazas detectadas.
⏳ 01:27:32 - Pulso estable - Esperando rastro...
⏳ 01:27:34 - Pulso estable - Esperando rastro...
⏳ 01:27:36 — Pulso estable, sin amenazas detectadas.
⏳ 01:27:36 - Pulso estable - Esperando rastro...
⏳ 01:27:38 - Pulso estable - Esperando rastro...
⏳ 01:27:40 — Pulso estable, sin amenazas detectadas.
⏳ 01:27:40 - Pulso estable - Esperando rastro...
⏳ 01:27:42 - Pulso estable - Esperando rastro...
⏳ 01:27:44 — Pulso estable, sin amenazas detectadas.
⏳ 01:27:44 - Pulso estable - Esperando rastro...
⏳ 01:27:46 - Pulso estable - Esperando rastro...
⏳ 01:27:48 — Pulso estable, sin amenazas detectadas.
⏳ 01:27:49 - Pulso estable - Esperando rastro...
⏳ 01:27:51 - Pulso estable - Esperando rastro...
⏳ 01:27:52 — Pulso estable, sin amenazas detectadas.
⏳ 01:27:53 - Pulso estable - Esperando rastro...
⏳ 01:27:55 - Pulso estable - Esperando rastro...
⏳ 01:27:56 — Pulso estable, sin amenazas detectadas.
⏳ 01:27:57 - Pulso estable - Esperando rastro...
⏳ 01:27:59 - Pulso estable - Esperando rastro...
⏳ 01:28:00 — Pulso estable, sin amenazas detectadas.
⏳ 01:28:01 - Pulso estable - Esperando rastro...
⏳ 01:28:03 - Pulso estable - Esperando rastro...
⏳ 01:28:04 — Pulso estable, sin amenazas detectadas.
⏳ 01:28:05 - Pulso estable - Esperando rastro...
⏳ 01:28:07 - Pulso estable - Esperando rastro...
⏳ 01:28:08 — Pulso estable, sin amenazas detectadas.
⏳ 01:28:09 - Pulso estable - Esperando rastro...
⏳ 01:28:11 - Pulso estable - Esperando rastro...
⏳ 01:28:12 — Pulso estable, sin amenazas detectadas.
⏳ 01:28:13 - Pulso estable - Esperando rastro...
⏳ 01:28:15 - Pulso estable - Esperando rastro...
⏳ 01:28:16 — Pulso estable, sin amenazas detectadas.
⏳ 01:28:17 - Pulso estable - Esperando rastro...
⏳ 01:28:19 - Pulso estable - Esperando rastro...
⏳ 01:28:20 — Pulso estable, sin amenazas detectadas.
⏳ 01:28:21 - Pulso estable - Esperando rastro...
⏳ 01:28:23 - Pulso estable - Esperando rastro...
⏳ 01:28:24 — Pulso estable, sin amenazas detectadas.
⏳ 01:28:25 - Pulso estable - Esperando rastro...
⏳ 01:28:27 - Pulso estable - Esperando rastro...
⏳ 01:28:28 — Pulso estable, sin amenazas detectadas.
⏳ 01:28:29 - Pulso estable - Esperando rastro...
⏳ 01:28:31 - Pulso estable - Esperando rastro...
⏳ 01:28:32 — Pulso estable, sin amenazas detectadas.
⏳ 01:28:33 - Pulso estable - Esperando rastro...
⏳ 01:28:35 - Pulso estable - Esperando rastro...
⏳ 01:28:36 — Pulso estable, sin amenazas detectadas.
⏳ 01:28:37 - Pulso estable - Esperando rastro...
⏳ 01:28:40 - Pulso estable - Esperando rastro...
⏳ 01:28:40 — Pulso estable, sin amenazas detectadas.
⏳ 01:28:42 - Pulso estable - Esperando rastro...
⏳ 01:28:44 - Pulso estable - Esperando rastro...
⏳ 01:28:44 — Pulso estable, sin amenazas detectadas.
⏳ 01:28:46 - Pulso estable - Esperando rastro...
⏳ 01:28:48 - Pulso estable - Esperando rastro...
⏳ 01:28:49 — Pulso estable, sin amenazas detectadas.
⏳ 01:28:50 - Pulso estable - Esperando rastro...
⏳ 01:28:52 - Pulso estable - Esperando rastro...
⏳ 01:28:53 — Pulso estable, sin amenazas detectadas.
⏳ 01:28:54 - Pulso estable - Esperando rastro...
⏳ 01:28:56 - Pulso estable - Esperando rastro...
⏳ 01:28:57 — Pulso estable, sin amenazas detectadas.
⏳ 01:28:58 - Pulso estable - Esperando rastro...
⏳ 01:29:00 - Pulso estable - Esperando rastro...
⏳ 01:29:01 — Pulso estable, sin amenazas detectadas.
⏳ 01:29:02 - Pulso estable - Esperando rastro...
⏳ 01:29:04 - Pulso estable - Esperando rastro...
⏳ 01:29:05 — Pulso estable, sin amenazas detectadas.
⏳ 01:29:06 - Pulso estable - Esperando rastro...
⏳ 01:29:08 - Pulso estable - Esperando rastro...
⏳ 01:29:09 — Pulso estable, sin amenazas detectadas.
⏳ 01:29:10 - Pulso estable - Esperando rastro...
⏳ 01:29:12 - Pulso estable - Esperando rastro...
⏳ 01:29:13 — Pulso estable, sin amenazas detectadas.
⏳ 01:29:14 - Pulso estable - Esperando rastro...
⏳ 01:29:16 - Pulso estable - Esperando rastro...
⏳ 01:29:17 — Pulso estable, sin amenazas detectadas.
⏳ 01:29:18 - Pulso estable - Esperando rastro...
⏳ 01:29:20 - Pulso estable - Esperando rastro...
⏳ 01:29:21 — Pulso estable, sin amenazas detectadas.
⏳ 01:29:22 - Pulso estable - Esperando rastro...
⏳ 01:29:24 - Pulso estable - Esperando rastro...
⏳ 01:29:25 — Pulso estable, sin amenazas detectadas.
⏳ 01:29:26 - Pulso estable - Esperando rastro...
⏳ 01:29:28 - Pulso estable - Esperando rastro...
⏳ 01:29:29 — Pulso estable, sin amenazas detectadas.
⏳ 01:29:31 - Pulso estable - Esperando rastro...
⏳ 01:29:33 - Pulso estable - Esperando rastro...
⏳ 01:29:33 — Pulso estable, sin amenazas detectadas.
⏳ 01:29:35 - Pulso estable - Esperando rastro...
⏳ 01:29:37 - Pulso estable - Esperando rastro...
⏳ 01:29:37 — Pulso estable, sin amenazas detectadas.
⏳ 01:29:39 - Pulso estable - Esperando rastro...
⏳ 01:29:41 - Pulso estable - Esperando rastro...
⏳ 01:29:41 — Pulso estable, sin amenazas detectadas.
⏳ 01:29:43 - Pulso estable - Esperando rastro...
⏳ 01:29:45 - Pulso estable - Esperando rastro...
⏳ 01:29:45 — Pulso estable, sin amenazas detectadas.
⏳ 01:29:47 - Pulso estable - Esperando rastro...
⏳ 01:29:49 - Pulso estable - Esperando rastro...
⏳ 01:29:49 — Pulso estable, sin amenazas detectadas.
⏳ 01:29:51 - Pulso estable - Esperando rastro...
⏳ 01:29:53 - Pulso estable - Esperando rastro...
⏳ 01:29:53 — Pulso estable, sin amenazas detectadas.
⏳ 01:29:55 - Pulso estable - Esperando rastro...
⏳ 01:29:57 - Pulso estable - Esperando rastro...
⏳ 01:29:57 — Pulso estable, sin amenazas detectadas.
⏳ 01:29:59 - Pulso estable - Esperando rastro...
⏳ 01:30:01 - Pulso estable - Esperando rastro...
⏳ 01:30:01 — Pulso estable, sin amenazas detectadas.
⏳ 01:30:03 - Pulso estable - Esperando rastro...
⏳ 01:30:05 - Pulso estable - Esperando rastro...
⏳ 01:30:05 — Pulso estable, sin amenazas detectadas.
⏳ 01:30:07 - Pulso estable - Esperando rastro...
⏳ 01:30:09 — Pulso estable, sin amenazas detectadas.
⏳ 01:30:09 - Pulso estable - Esperando rastro...
⏳ 01:30:11 - Pulso estable - Esperando rastro...
⏳ 01:30:13 — Pulso estable, sin amenazas detectadas.
⏳ 01:30:14 - Pulso estable - Esperando rastro...
⏳ 01:30:16 - Pulso estable - Esperando rastro...
⏳ 01:30:17 — Pulso estable, sin amenazas detectadas.
⏳ 01:30:18 - Pulso estable - Esperando rastro...
⏳ 01:30:20 - Pulso estable - Esperando rastro...
⏳ 01:30:22 — Pulso estable, sin amenazas detectadas.
⏳ 01:30:22 - Pulso estable - Esperando rastro...
⏳ 01:30:24 - Pulso estable - Esperando rastro...
⏳ 01:30:26 — Pulso estable, sin amenazas detectadas.
⏳ 01:30:26 - Pulso estable - Esperando rastro...
⏳ 01:30:28 - Pulso estable - Esperando rastro...
⏳ 01:30:30 — Pulso estable, sin amenazas detectadas.
⏳ 01:30:30 - Pulso estable - Esperando rastro...
⏳ 01:30:32 - Pulso estable - Esperando rastro...
⏳ 01:30:34 — Pulso estable, sin amenazas detectadas.
⏳ 01:30:34 - Pulso estable - Esperando rastro...
⏳ 01:30:36 - Pulso estable - Esperando rastro...
⏳ 01:30:38 — Pulso estable, sin amenazas detectadas.
⏳ 01:30:38 - Pulso estable - Esperando rastro...
⏳ 01:30:40 - Pulso estable - Esperando rastro...
⏳ 01:30:42 — Pulso estable, sin amenazas detectadas.
⏳ 01:30:42 - Pulso estable - Esperando rastro...
⏳ 01:30:44 - Pulso estable - Esperando rastro...
⏳ 01:30:46 — Pulso estable, sin amenazas detectadas.
⏳ 01:30:46 - Pulso estable - Esperando rastro...
⏳ 01:30:48 - Pulso estable - Esperando rastro...
⏳ 01:30:50 — Pulso estable, sin amenazas detectadas.
⏳ 01:30:50 - Pulso estable - Esperando rastro...
⏳ 01:30:52 - Pulso estable - Esperando rastro...
⏳ 01:30:54 — Pulso estable, sin amenazas detectadas.
⏳ 01:30:54 - Pulso estable - Esperando rastro...
⏳ 01:30:56 - Pulso estable - Esperando rastro...
⏳ 01:30:58 — Pulso estable, sin amenazas detectadas.
⏳ 01:30:59 - Pulso estable - Esperando rastro...
⏳ 01:31:01 - Pulso estable - Esperando rastro...
⏳ 01:31:02 — Pulso estable, sin amenazas detectadas.
⏳ 01:31:03 - Pulso estable - Esperando rastro...
⏳ 01:31:05 - Pulso estable - Esperando rastro...
⏳ 01:31:06 — Pulso estable, sin amenazas detectadas.
⏳ 01:31:07 - Pulso estable - Esperando rastro...
⏳ 01:31:09 - Pulso estable - Esperando rastro...
⏳ 01:31:10 — Pulso estable, sin amenazas detectadas.
⏳ 01:31:11 - Pulso estable - Esperando rastro...
⏳ 01:31:13 - Pulso estable - Esperando rastro...
⏳ 01:31:14 — Pulso estable, sin amenazas detectadas.
⏳ 01:31:15 - Pulso estable - Esperando rastro...
⏳ 01:31:17 - Pulso estable - Esperando rastro...
⏳ 01:31:18 — Pulso estable, sin amenazas detectadas.
⏳ 01:31:19 - Pulso estable - Esperando rastro...
⏳ 01:31:21 - Pulso estable - Esperando rastro...
⏳ 01:31:22 — Pulso estable, sin amenazas detectadas.
⏳ 01:31:23 - Pulso estable - Esperando rastro...
⏳ 01:31:25 - Pulso estable - Esperando rastro...
⏳ 01:31:26 — Pulso estable, sin amenazas detectadas.
⏳ 01:31:27 - Pulso estable - Esperando rastro...
⏳ 01:31:29 - Pulso estable - Esperando rastro...
⏳ 01:31:30 — Pulso estable, sin amenazas detectadas.
⏳ 01:31:31 - Pulso estable - Esperando rastro...
⏳ 01:31:33 - Pulso estable - Esperando rastro...
⏳ 01:31:34 — Pulso estable, sin amenazas detectadas.
⏳ 01:31:35 - Pulso estable - Esperando rastro...
⏳ 01:31:37 - Pulso estable - Esperando rastro...
⏳ 01:31:38 — Pulso estable, sin amenazas detectadas.
⏳ 01:31:39 - Pulso estable - Esperando rastro...
⏳ 01:31:41 - Pulso estable - Esperando rastro...
⏳ 01:31:42 — Pulso estable, sin amenazas detectadas.
⏳ 01:31:43 - Pulso estable - Esperando rastro...
⏳ 01:31:45 - Pulso estable - Esperando rastro...
⏳ 01:31:46 — Pulso estable, sin amenazas detectadas.
⏳ 01:31:48 - Pulso estable - Esperando rastro...
⏳ 01:31:50 - Pulso estable - Esperando rastro...
⏳ 01:31:50 — Pulso estable, sin amenazas detectadas.
⏳ 01:31:52 - Pulso estable - Esperando rastro...
⏳ 01:31:54 - Pulso estable - Esperando rastro...
⏳ 01:31:55 — Pulso estable, sin amenazas detectadas.
⏳ 01:31:56 - Pulso estable - Esperando rastro...
⏳ 01:31:58 - Pulso estable - Esperando rastro...
⏳ 01:31:59 — Pulso estable, sin amenazas detectadas.
⏳ 01:32:00 - Pulso estable - Esperando rastro...
⏳ 01:32:02 - Pulso estable - Esperando rastro...
⏳ 01:32:03 — Pulso estable, sin amenazas detectadas.
⏳ 01:32:04 - Pulso estable - Esperando rastro...
⏳ 01:32:06 - Pulso estable - Esperando rastro...
⏳ 01:32:07 — Pulso estable, sin amenazas detectadas.
⏳ 01:32:08 - Pulso estable - Esperando rastro...
⏳ 01:32:10 - Pulso estable - Esperando rastro...
⏳ 01:32:11 — Pulso estable, sin amenazas detectadas.
⏳ 01:32:12 - Pulso estable - Esperando rastro...
⏳ 01:32:14 - Pulso estable - Esperando rastro...
⏳ 01:32:15 — Pulso estable, sin amenazas detectadas.
⏳ 01:32:16 - Pulso estable - Esperando rastro...
⏳ 01:32:18 - Pulso estable - Esperando rastro...
⏳ 01:32:19 — Pulso estable, sin amenazas detectadas.
⏳ 01:32:20 - Pulso estable - Esperando rastro...
⏳ 01:32:22 - Pulso estable - Esperando rastro...
⏳ 01:32:23 — Pulso estable, sin amenazas detectadas.
⏳ 01:32:24 - Pulso estable - Esperando rastro...
⏳ 01:32:26 - Pulso estable - Esperando rastro...
⏳ 01:32:27 — Pulso estable, sin amenazas detectadas.
⏳ 01:32:28 - Pulso estable - Esperando rastro...
⏳ 01:32:30 - Pulso estable - Esperando rastro...
⏳ 01:32:31 — Pulso estable, sin amenazas detectadas.
⏳ 01:32:33 - Pulso estable - Esperando rastro...
⏳ 01:32:35 - Pulso estable - Esperando rastro...
⏳ 01:32:35 — Pulso estable, sin amenazas detectadas.
⏳ 01:32:37 - Pulso estable - Esperando rastro...
⏳ 01:32:39 - Pulso estable - Esperando rastro...
⏳ 01:32:39 — Pulso estable, sin amenazas detectadas.
⏳ 01:32:41 - Pulso estable - Esperando rastro...
⏳ 01:32:43 - Pulso estable - Esperando rastro...
⏳ 01:32:43 — Pulso estable, sin amenazas detectadas.
⏳ 01:32:45 - Pulso estable - Esperando rastro...
⏳ 01:32:47 - Pulso estable - Esperando rastro...
⏳ 01:32:47 — Pulso estable, sin amenazas detectadas.
⏳ 01:32:49 - Pulso estable - Esperando rastro...
⏳ 01:32:51 - Pulso estable - Esperando rastro...
⏳ 01:32:51 — Pulso estable, sin amenazas detectadas.
⏳ 01:32:53 - Pulso estable - Esperando rastro...
⏳ 01:32:55 - Pulso estable - Esperando rastro...
⏳ 01:32:55 — Pulso estable, sin amenazas detectadas.
⏳ 01:32:57 - Pulso estable - Esperando rastro...
⏳ 01:32:59 - Pulso estable - Esperando rastro...
⏳ 01:32:59 — Pulso estable, sin amenazas detectadas.
⏳ 01:33:01 - Pulso estable - Esperando rastro...
⏳ 01:33:03 - Pulso estable - Esperando rastro...
⏳ 01:33:03 — Pulso estable, sin amenazas detectadas.
⏳ 01:33:05 - Pulso estable - Esperando rastro...
⏳ 01:33:07 - Pulso estable - Esperando rastro...
⏳ 01:33:07 — Pulso estable, sin amenazas detectadas.
⏳ 01:33:09 - Pulso estable - Esperando rastro...
⏳ 01:33:11 - Pulso estable - Esperando rastro...
⏳ 01:33:11 — Pulso estable, sin amenazas detectadas.
⏳ 01:33:13 - Pulso estable - Esperando rastro...
⏳ 01:33:15 — Pulso estable, sin amenazas detectadas.
⏳ 01:33:15 - Pulso estable - Esperando rastro...
⏳ 01:33:17 - Pulso estable - Esperando rastro...
⏳ 01:33:19 — Pulso estable, sin amenazas detectadas.
⏳ 01:33:20 - Pulso estable - Esperando rastro...
⏳ 01:33:22 - Pulso estable - Esperando rastro...
⏳ 01:33:24 — Pulso estable, sin amenazas detectadas.
⏳ 01:33:24 - Pulso estable - Esperando rastro...
⏳ 01:33:26 - Pulso estable - Esperando rastro...
⏳ 01:33:28 — Pulso estable, sin amenazas detectadas.
⏳ 01:33:28 - Pulso estable - Esperando rastro...
⏳ 01:33:30 - Pulso estable - Esperando rastro...
⏳ 01:33:32 — Pulso estable, sin amenazas detectadas.
⏳ 01:33:32 - Pulso estable - Esperando rastro...
⏳ 01:33:34 - Pulso estable - Esperando rastro...
⏳ 01:33:36 — Pulso estable, sin amenazas detectadas.
⏳ 01:33:36 - Pulso estable - Esperando rastro...
⏳ 01:33:38 - Pulso estable - Esperando rastro...
⏳ 01:33:40 — Pulso estable, sin amenazas detectadas.
⏳ 01:33:40 - Pulso estable - Esperando rastro...
⏳ 01:33:42 - Pulso estable - Esperando rastro...
⏳ 01:33:44 — Pulso estable, sin amenazas detectadas.
⏳ 01:33:44 - Pulso estable - Esperando rastro...
⏳ 01:33:46 - Pulso estable - Esperando rastro...
⏳ 01:33:48 — Pulso estable, sin amenazas detectadas.
⏳ 01:33:48 - Pulso estable - Esperando rastro...
⏳ 01:33:50 - Pulso estable - Esperando rastro...
⏳ 01:33:52 — Pulso estable, sin amenazas detectadas.
⏳ 01:33:52 - Pulso estable - Esperando rastro...
⏳ 01:33:54 - Pulso estable - Esperando rastro...
⏳ 01:33:56 — Pulso estable, sin amenazas detectadas.
⏳ 01:33:56 - Pulso estable - Esperando rastro...
⏳ 01:33:58 - Pulso estable - Esperando rastro...
⏳ 01:34:00 — Pulso estable, sin amenazas detectadas.
⏳ 01:34:01 - Pulso estable - Esperando rastro...
⏳ 01:34:03 - Pulso estable - Esperando rastro...
⏳ 01:34:04 — Pulso estable, sin amenazas detectadas.
⏳ 01:34:05 - Pulso estable - Esperando rastro...
⏳ 01:34:07 - Pulso estable - Esperando rastro...
⏳ 01:34:08 — Pulso estable, sin amenazas detectadas.
⏳ 01:34:09 - Pulso estable - Esperando rastro...
⏳ 01:34:11 - Pulso estable - Esperando rastro...
⏳ 01:34:12 — Pulso estable, sin amenazas detectadas.
⏳ 01:34:13 - Pulso estable - Esperando rastro...
⏳ 01:34:15 - Pulso estable - Esperando rastro...
⏳ 01:34:16 — Pulso estable, sin amenazas detectadas.
⏳ 01:34:17 - Pulso estable - Esperando rastro...
⏳ 01:34:19 - Pulso estable - Esperando rastro...
⏳ 01:34:20 — Pulso estable, sin amenazas detectadas.
⏳ 01:34:21 - Pulso estable - Esperando rastro...
⏳ 01:34:23 - Pulso estable - Esperando rastro...
⏳ 01:34:24 — Pulso estable, sin amenazas detectadas.
⏳ 01:34:25 - Pulso estable - Esperando rastro...
⏳ 01:34:27 - Pulso estable - Esperando rastro...
⏳ 01:34:28 — Pulso estable, sin amenazas detectadas.
⏳ 01:34:29 - Pulso estable - Esperando rastro...
⏳ 01:34:31 - Pulso estable - Esperando rastro...
⏳ 01:34:32 — Pulso estable, sin amenazas detectadas.
⏳ 01:34:33 - Pulso estable - Esperando rastro...
⏳ 01:34:35 - Pulso estable - Esperando rastro...
⏳ 01:34:36 — Pulso estable, sin amenazas detectadas.
⏳ 01:34:37 - Pulso estable - Esperando rastro...
⏳ 01:34:39 - Pulso estable - Esperando rastro...
⏳ 01:34:40 — Pulso estable, sin amenazas detectadas.
⏳ 01:34:41 - Pulso estable - Esperando rastro...
⏳ 01:34:44 - Pulso estable - Esperando rastro...
⏳ 01:34:44 — Pulso estable, sin amenazas detectadas.
⏳ 01:34:46 - Pulso estable - Esperando rastro...
⏳ 01:34:48 - Pulso estable - Esperando rastro...
⏳ 01:34:48 — Pulso estable, sin amenazas detectadas.
⏳ 01:34:50 - Pulso estable - Esperando rastro...
⏳ 01:34:52 - Pulso estable - Esperando rastro...
⏳ 01:34:52 — Pulso estable, sin amenazas detectadas.
⏳ 01:34:54 - Pulso estable - Esperando rastro...
⏳ 01:34:56 - Pulso estable - Esperando rastro...
⏳ 01:34:57 — Pulso estable, sin amenazas detectadas.
⏳ 01:34:58 - Pulso estable - Esperando rastro...
⏳ 01:35:00 - Pulso estable - Esperando rastro...
⏳ 01:35:01 — Pulso estable, sin amenazas detectadas.
⏳ 01:35:02 - Pulso estable - Esperando rastro...
⏳ 01:35:04 - Pulso estable - Esperando rastro...
⏳ 01:35:05 — Pulso estable, sin amenazas detectadas.
⏳ 01:35:06 - Pulso estable - Esperando rastro...
⏳ 01:35:08 - Pulso estable - Esperando rastro...
⏳ 01:35:09 — Pulso estable, sin amenazas detectadas.
⏳ 01:35:10 - Pulso estable - Esperando rastro...
⏳ 01:35:12 - Pulso estable - Esperando rastro...
⏳ 01:35:13 — Pulso estable, sin amenazas detectadas.
⏳ 01:35:14 - Pulso estable - Esperando rastro...
⏳ 01:35:16 - Pulso estable - Esperando rastro...
⏳ 01:35:17 — Pulso estable, sin amenazas detectadas.
⏳ 01:35:18 - Pulso estable - Esperando rastro...
⏳ 01:35:20 - Pulso estable - Esperando rastro...
⏳ 01:35:21 — Pulso estable, sin amenazas detectadas.
⏳ 01:35:22 - Pulso estable - Esperando rastro...
⏳ 01:35:24 - Pulso estable - Esperando rastro...
⏳ 01:35:25 — Pulso estable, s