-12-30 23:46:40 — No hay nuevos contratos, monitor activo...
⏳ 23:46:42 - Pulso estable - Esperando rastro...
⏳ 2025-12-30 23:46:42 — No hay nuevos contratos, monitor activo...
⏳ 2025-12-30 23:46:42 — No hay nuevos contratos, monitor activo...
⏳ 2025-12-30 23:46:42 — No hay nuevos contratos, monitor activo...
⏳ 23:46:44 - Pulso estable - Esperando rastro...
⏳ 2025-12-30 23:46:44 — No hay nuevos contratos, monitor activo...
⏳ 2025-12-30 23:46:44 — No hay nuevos contratos, monitor activo...
⏳ 2025-12-30 23:46:44 — No hay nuevos contratos, monitor activo...
⏳ 23:46:46 - Pulso estable - Esperando rastro...
⏳ 2025-12-30 23:46:46 — No hay nuevos contratos, monitor activo...
⏳ 2025-12-30 23:46:46 — No hay nuevos contratos, monitor activo...
⏳ 2025-12-30 23:46:46 — No hay nuevos contratos, monitor activo...
⏳ 23:46:48 - Pulso estable - Esperando rastro...
⏳ 2025-12-30 23:46:48 — No hay nuevos contratos, monitor activo...
⏳ 2025-12-30 23:46:48 — No hay nuevos contratos, monitor activo...
⏳ 2025-12-30 23:46:48 — No hay nuevos contratos, monitor activo...
⏳ 2025-12-30 23:46:50 — No hay nuevos contratos, monitor activo...
⏳ 23:46:50 - Pulso estable - Esperando rastro...
⏳ 2025-12-30 23:46:50 — No hay nuevos contratos, monitor activo...
⏳ 2025-12-30 23:46:50 — No hay nuevos contratos, monitor activo...
⏳ 2025-12-30 23:46:52 — No hay nuevos contratos, monitor activo...
⏳ 23:46:52 - Pulso estable - Esperando rastro...
⏳ 2025-12-30 23:46:52 — No hay nuevos contratos, monitor activo...
⏳ 2025-12-30 23:46:52 — No hay nuevos contratos, monitor activo...
⏳ 2025-12-30 23:46:54 — No hay nuevos contratos, monitor activo...
⏳ 2025-12-30 23:46:54 — No hay nuevos contratos, monitor activo...
⏳ 2025-12-30 23:46:54 — No hay nuevos contratos, monitor activo...
⏳ 23:46:54 - Pulso estable - Esperando rastro...
⏳ 2025-12-30 23:46:56 — No hay nuevos contratos, monitor activo...
⏳ 2025-12-30 23:46:56 — No hay nuevos contratos, monitor activo...
⏳ 23:46:56 - Pulso estable - Esperando rastro...
⏳ 2025-12-30 23:46:56 — No hay nuevos contratos, monitor activo...
⏳ 2025-12-30 23:46:58 — No hay nuevos contratos, monitor activo...
⏳ 23:46:58 - Pulso estable - Esperando rastro...
⏳ 2025-12-30 23:46:58 — No hay nuevos contratos, monitor activo...
⏳ 2025-12-30 23:46:58 — No hay nuevos contratos, monitor activo...
⏳ 2025-12-30 23:47:00 — No hay nuevos contratos, monitor activo...
⏳ 23:47:00 - Pulso estable - Esperando rastro...
⏳ 2025-12-30 23:47:00 — No hay nuevos contratos, monitor activo...
⏳ 2025-12-30 23:47:00 — No hay nuevos contratos, monitor activo...
⏳ 2025-12-30 23:47:02 — No hay nuevos contratos, monitor activo...
⏳ 2025-12-30 23:47:02 — No hay nuevos contratos, monitor activo...
⏳ 23:47:02 - Pulso estable - Esperando rastro...
⏳ 2025-12-30 23:47:02 — No hay nuevos contratos, monitor activo...
⏳ 2025-12-30 23:47:04 — No hay nuevos contratos, monitor activo...
⏳ 2025-12-30 23:47:04 — No hay nuevos contratos, monitor activo...
⏳ 23:47:04 - Pulso estable - Esperando rastro...
⏳ 2025-12-30 23:47:04 — No hay nuevos contratos, monitor activo...
⏳ 23:47:07 - Pulso estable - Esperando rastro...
⏳ 2025-12-30 23:47:07 — No hay nuevos contratos, monitor activo...
⏳ 2025-12-30 23:47:07 — No hay nuevos contratos, monitor activo...
⏳ 2025-12-30 23:47:07 — No hay nuevos contratos, monitor activo...
⏳ 2025-12-30 23:47:09 — No hay nuevos contratos, monitor activo...
⏳ 2025-12-30 23:47:09 — No hay nuevos contratos, monitor activo...
⏳ 23:47:09 - Pulso estable - Esperando rastro...
⏳ 2025-12-30 23:47:09 — No hay nuevos contratos, monitor activo...
⏳ 2025-12-30 23:47:11 — No hay nuevos contratos, monitor activo...
⏳ 2025-12-30 23:47:11 — No hay nuevos contratos, monitor activo...
⏳ 2025-12-30 23:47:11 — No hay nuevos contratos, monitor activo...
⏳ 23:47:11 - Pulso estable - Esperando rastro...
⏳ 2025-12-30 23:47:13 — No hay nuevos contratos, monitor activo...
⏳ 2025-12-30 23:47:13 — No hay nuevos contratos, monitor activo...
⏳ 2025-12-30 23:47:13 — No hay nuevos contratos, monitor activo...
⏳ 23:47:13 - Pulso estable - Esperando rastro...
⏳ 2025-12-30 23:47:15 — No hay nuevos contratos, monitor activo...
⏳ 23:47:15 - Pulso estable - Esperando rastro...
⏳ 2025-12-30 23:47:15 — No hay nuevos contratos, monitor activo...
⏳ 2025-12-30 23:47:15 — No hay nuevos contratos, monitor activo...
⏳ 2025-12-30 23:47:17 — No hay nuevos contratos, monitor activo...
⏳ 2025-12-30 23:47:17 — No hay nuevos contratos, monitor activo...
⏳ 23:47:17 - Pulso estable - Esperando rastro...
⏳ 2025-12-30 23:47:17 — No hay nuevos contratos, monitor activo...
⏳ 2025-12-30 23:47:19 — No hay nuevos contratos, monitor activo...
⏳ 2025-12-30 23:47:19 — No hay nuevos contratos, monitor activo...
⏳ 23:47:19 - Pulso estable - Esperando rastro...
⏳ 2025-12-30 23:47:19 — No hay nuevos contratos, monitor activo...
⏳ 2025-12-30 23:47:21 — No hay nuevos contratos, monitor activo...
⏳ 2025-12-30 23:47:21 — No hay nuevos contratos, monitor activo...
⏳ 2025-12-30 23:47:21 — No hay nuevos contratos, monitor activo...
⏳ 23:47:21 - Pulso estable - Esperando rastro...
⏳ 2025-12-30 23:47:23 — No hay nuevos contratos, monitor activo...
⏳ 2025-12-30 23:47:23 — No hay nuevos contratos, monitor activo...
⏳ 2025-12-30 23:47:23 — No hay nuevos contratos, monitor activo...
⏳ 23:47:23 - Pulso estable - Esperando rastro...
⏳ 2025-12-30 23:47:25 — No hay nuevos contratos, monitor activo...
⏳ 2025-12-30 23:47:25 — No hay nuevos contratos, monitor activo...
⏳ 23:47:25 - Pulso estable - Esperando rastro...
⏳ 2025-12-30 23:47:25 — No hay nuevos contratos, monitor activo...
⏳ 2025-12-30 23:47:27 — No hay nuevos contratos, monitor activo...
⏳ 2025-12-30 23:47:27 — No hay nuevos contratos, monitor activo...
⏳ 2025-12-30 23:47:27 — No hay nuevos contratos, monitor activo...
⏳ 23:47:27 - Pulso estable - Esperando rastro...
⏳ 2025-12-30 23:47:29 — No hay nuevos contratos, monitor activo...
⏳ 2025-12-30 23:47:29 — No hay nuevos contratos, monitor activo...
⏳ 23:47:29 - Pulso estable - Esperando rastro...
⏳ 2025-12-30 23:47:29 — No hay nuevos contratos, monitor activo...
⏳ 2025-12-30 23:47:31 — No hay nuevos contratos, monitor activo...
⏳ 2025-12-30 23:47:31 — No hay nuevos contratos, monitor activo...
⏳ 23:47:31 - Pulso estable - Esperando rastro...
⏳ 2025-12-30 23:47:31 — No hay nuevos contratos, monitor activo...
⏳ 2025-12-30 23:47:33 — No hay nuevos contratos, monitor activo...
⏳ 2025-12-30 23:47:33 — No hay nuevos contratos, monitor activo...
⏳ 23:47:33 - Pulso estable - Esperando rastro...
⏳ 2025-12-30 23:47:33 — No hay nuevos contratos, monitor activo...
⏳ 2025-12-30 23:47:35 — No hay nuevos contratos, monitor activo...
⏳ 2025-12-30 23:47:35 — No hay nuevos contratos, monitor activo...
⏳ 23:47:35 - Pulso estable - Esperando rastro...
⏳ 2025-12-30 23:47:35 — No hay nuevos contratos, monitor activo...
⏳ 2025-12-30 23:47:37 — No hay nuevos contratos, monitor activo...
⏳ 2025-12-30 23:47:37 — No hay nuevos contratos, monitor activo...
⏳ 23:47:37 - Pulso estable - Esperando rastro...
⏳ 2025-12-30 23:47:37 — No hay nuevos contratos, monitor activo...
⏳ 2025-12-30 23:47:39 — No hay nuevos contratos, monitor activo...
⏳ 23:47:39 - Pulso estable - Esperando rastro...
⏳ 2025-12-30 23:47:39 — No hay nuevos contratos, monitor activo...
⏳ 2025-12-30 23:47:39 — No hay nuevos contratos, monitor activo...
⏳ 2025-12-30 23:47:41 — No hay nuevos contratos, monitor activo...
⏳ 2025-12-30 23:47:41 — No hay nuevos contratos, monitor activo...
⏳ 23:47:41 - Pulso estable - Esperando rastro...
⏳ 2025-12-30 23:47:41 — No hay nuevos contratos, monitor activo...
⏳ 2025-12-30 23:47:43 — No hay nuevos contratos, monitor activo...
⏳ 23:47:43 - Pulso estable - Esperando rastro...
⏳ 2025-12-30 23:47:43 — No hay nuevos contratos, monitor activo...
⏳ 2025-12-30 23:47:43 — No hay nuevos contratos, monitor activo...
⏳ 2025-12-30 23:47:45 — No hay nuevos contratos, monitor activo...
⏳ 23:47:45 - Pulso estable - Esperando rastro...
⏳ 2025-12-30 23:47:45 — No hay nuevos contratos, monitor activo...
⏳ 23:47:47 - Pulso estable - Esperando rastro...
⏳ 23:47:49 - Pulso estable - Esperando rastro...
⏳ 23:47:51 - Pulso estable - Esperando rastro...
⏳ 23:47:54 - Pulso estable - Esperando rastro...
⏳ 23:47:56 - Pulso estable - Esperando rastro...
⏳ 23:47:58 - Pulso estable - Esperando rastro...
⏳ 23:48:00 - Pulso estable - Esperando rastro...
⏳ 23:48:02 - Pulso estable - Esperando rastro...
⏳ 23:48:04 - Pulso estable - Esperando rastro...
⏳ 23:48:06 - Pulso estable - Esperando rastro...
⏳ 23:48:08 - Pulso estable - Esperando rastro...
⏳ 23:48:10 - Pulso estable - Esperando rastro...
⏳ 23:48:12 - Pulso estable - Esperando rastro...
⏳ 23:48:14 - Pulso estable - Esperando rastro...
⏳ 23:48:16 - Pulso estable - Esperando rastro...
⏳ 23:48:18 - Pulso estable - Esperando rastro...
⏳ 23:48:20 - Pulso estable - Esperando rastro...
⏳ 23:48:22 - Pulso estable - Esperando rastro...
⏳ 23:48:24 - Pulso estable - Esperando rastro...
⏳ 23:48:28 - Pulso estable - Esperando rastro...
⏳ 23:48:30 - Pulso estable - Esperando rastro...
⏳ 23:48:32 - Pulso estable - Esperando rastro...
⏳ 23:48:34 - Pulso estable - Esperando rastro...
⏳ 2025-12-30 23:48:35 — No hay nuevos contratos, monitor activo...
⏳ 23:48:37 - Pulso estable - Esperando rastro...
⏳ 2025-12-30 23:48:37 — No hay nuevos contratos, monitor activo...
⏳ 23:48:39 - Pulso estable - Esperando rastro...
⏳ 2025-12-30 23:48:39 — No hay nuevos contratos, monitor activo...
⏳ 23:48:41 - Pulso estable - Esperando rastro...
⏳ 2025-12-30 23:48:41 — No hay nuevos contratos, monitor activo...
⏳ 23:48:43 - Pulso estable - Esperando rastro...
⏳ 2025-12-30 23:48:43 — No hay nuevos contratos, monitor activo...
⏳ 23:48:45 - Pulso estable - Esperando rastro...
⏳ 2025-12-30 23:48:45 — No hay nuevos contratos, monitor activo...
⏳ 23:48:47 - Pulso estable - Esperando rastro...
⏳ 2025-12-30 23:48:47 — No hay nuevos contratos, monitor activo...
⏳ 23:48:49 - Pulso estable - Esperando rastro...
⏳ 2025-12-30 23:48:50 — No hay nuevos contratos, monitor activo...
⏳ 23:48:51 - Pulso estable - Esperando rastro...
⏳ 2025-12-30 23:48:52 — No hay nuevos contratos, monitor activo...
⏳ 23:48:53 - Pulso estable - Esperando rastro...
⏳ 2025-12-30 23:48:54 — No hay nuevos contratos, monitor activo...
⏳ 23:48:55 - Pulso estable - Esperando rastro...
⏳ 2025-12-30 23:48:56 — No hay nuevos contratos, monitor activo...
⏳ 23:48:57 - Pulso estable - Esperando rastro...
⏳ 2025-12-30 23:48:58 — No hay nuevos contratos, monitor activo...
⏳ 23:48:59 - Pulso estable - Esperando rastro...
⏳ 2025-12-30 23:49:00 — No hay nuevos contratos, monitor activo...
⏳ 23:49:01 - Pulso estable - Esperando rastro...
⏳ 2025-12-30 23:49:02 — No hay nuevos contratos, monitor activo...
⏳ 23:49:03 - Pulso estable - Esperando rastro...
⏳ 2025-12-30 23:49:04 — No hay nuevos contratos, monitor activo...
⏳ 23:49:05 - Pulso estable - Esperando rastro...
⏳ 2025-12-30 23:49:06 — No hay nuevos contratos, monitor activo...
⏳ 23:49:07 - Pulso estable - Esperando rastro...
⏳ 2025-12-30 23:49:08 — No hay nuevos contratos, monitor activo...
⏳ 23:49:09 - Pulso estable - Esperando rastro...
⏳ 2025-12-30 23:49:10 — No hay nuevos contratos, monitor activo...
⏳ 23:49:11 - Pulso estable - Esperando rastro...
⏳ 2025-12-30 23:49:12 — No hay nuevos contratos, monitor activo...
⏳ 23:49:13 - Pulso estable - Esperando rastro...
⏳ 2025-12-30 23:49:14 — No hay nuevos contratos, monitor activo...
⏳ 23:49:15 - Pulso estable - Esperando rastro...
⏳ 2025-12-30 23:49:16 — No hay nuevos contratos, monitor activo...
⏳ 23:49:17 - Pulso estable - Esperando rastro...
⏳ 2025-12-30 23:49:18 — No hay nuevos contratos, monitor activo...
⏳ 23:49:19 - Pulso estable - Esperando rastro...
⏳ 2025-12-30 23:49:20 — No hay nuevos contratos, monitor activo...
⏳ 23:49:22 - Pulso estable - Esperando rastro...
⏳ 2025-12-30 23:49:22 — No hay nuevos contratos, monitor activo...
⏳ 23:49:24 - Pulso estable - Esperando rastro...
⏳ 2025-12-30 23:49:24 — No hay nuevos contratos, monitor activo...
⏳ 23:49:26 - Pulso estable - Esperando rastro...
⏳ 2025-12-30 23:49:26 — No hay nuevos contratos, monitor activo...
⏳ 23:49:28 - Pulso estable - Esperando rastro...
⏳ 2025-12-30 23:49:28 — No hay nuevos contratos, monitor activo...
⏳ 23:49:30 - Pulso estable - Esperando rastro...
⏳ 2025-12-30 23:49:30 — No hay nuevos contratos, monitor activo...
⏳ 23:49:32 - Pulso estable - Esperando rastro...
⏳ 2025-12-30 23:49:33 — No hay nuevos contratos, monitor activo...
⏳ 23:49:34 - Pulso estable - Esperando rastro...
⏳ 2025-12-30 23:49:35 — No hay nuevos contratos, monitor activo...
⏳ 23:49:36 - Pulso estable - Esperando rastro...
⏳ 2025-12-30 23:49:37 — No hay nuevos contratos, monitor activo...
⏳ 23:49:38 - Pulso estable - Esperando rastro...
⏳ 2025-12-30 23:49:39 — No hay nuevos contratos, monitor activo...
⏳ 23:49:40 - Pulso estable - Esperando rastro...
⏳ 2025-12-30 23:49:41 — No hay nuevos contratos, monitor activo...
⏳ 23:49:42 - Pulso estable - Esperando rastro...
⏳ 2025-12-30 23:49:43 — No hay nuevos contratos, monitor activo...
⏳ 23:49:44 - Pulso estable - Esperando rastro...
⏳ 2025-12-30 23:49:45 — No hay nuevos contratos, monitor activo...
⏳ 23:49:46 - Pulso estable - Esperando rastro...
⏳ 2025-12-30 23:49:47 — No hay nuevos contratos, monitor activo...
⏳ 23:49:48 - Pulso estable - Esperando rastro...
⏳ 2025-12-30 23:49:49 — No hay nuevos contratos, monitor activo...
⏳ 23:49:50 - Pulso estable - Esperando rastro...
⏳ 2025-12-30 23:49:51 — No hay nuevos contratos, monitor activo...
⏳ 23:49:52 - Pulso estable - Esperando rastro...
⏳ 23:49:54 - Pulso estable - Esperando rastro...
⏳ 23:49:56 - Pulso estable - Esperando rastro...
⏳ 23:49:58 - Pulso estable - Esperando rastro...
⏳ 23:50:01 - Pulso estable - Esperando rastro...
⏳ 23:50:03 - Pulso estable - Esperando rastro...
⏳ 23:50:05 - Pulso estable - Esperando rastro...
⏳ 23:50:07 - Pulso estable - Esperando rastro...
⏳ 23:50:09 - Pulso estable - Esperando rastro...
⏳ 23:50:11 - Pulso estable - Esperando rastro...
⏳ 23:50:13 - Pulso estable - Esperando rastro...
⏳ 23:50:15 - Pulso estable - Esperando rastro...
⏳ 23:50:17 - Pulso estable - Esperando rastro...
⏳ 23:50:19 - Pulso estable - Esperando rastro...
⏳ 23:50:21 - Pulso estable - Esperando rastro...
⏳ 23:50:23 - Pulso estable - Esperando rastro...
⏳ 23:50:25 - Pulso estable - Esperando rastro...
⏳ 23:50:27 - Pulso estable - Esperando rastro...
⏳ 23:50:29 - Pulso estable - Esperando rastro...
⏳ 23:50:31 - Pulso estable - Esperando rastro...
⏳ 23:50:33 - Pulso estable - Esperando rastro...
⏳ 23:50:35 - Pulso estable - Esperando rastro...
⏳ 23:50:37 - Pulso estable - Esperando rastro...
⏳ 23:50:39 - Pulso estable - Esperando rastro...
⏳ 23:50:41 - Pulso estable - Esperando rastro...
⏳ 23:50:43 - Pulso estable - Esperando rastro...
⏳ 23:50:45 - Pulso estable - Esperando rastro...
⏳ 23:50:47 - Pulso estable - Esperando rastro...
⏳ 23:50:50 - Pulso estable - Esperando rastro...
⏳ 23:50:52 - Pulso estable - Esperando rastro...
⏳ 23:50:54 - Pulso estable - Esperando rastro...
⏳ 23:50:56 - Pulso estable - Esperando rastro...
⏳ 23:50:58 - Pulso estable - Esperando rastro...
⏳ 23:51:00 - Pulso estable - Esperando rastro...
⏳ 23:51:02 - Pulso estable - Esperando rastro...
⏳ 23:51:04 - Pulso estable - Esperando rastro...
⏳ 23:51:06 - Pulso estable - Esperando rastro...
⏳ 23:51:08 - Pulso estable - Esperando rastro...
⏳ 23:51:10 - Pulso estable - Esperando rastro...
⏳ 23:51:12 - Pulso estable - Esperando rastro...
⏳ 23:51:14 - Pulso estable - Esperando rastro...
⏳ 23:51:16 - Pulso estable - Esperando rastro...
⏳ 23:51:18 - Pulso estable - Esperando rastro...
⏳ 23:51:20 - Pulso estable - Esperando rastro...
⏳ 23:51:22 - Pulso estable - Esperando rastro...
⏳ 23:51:24 - Pulso estable - Esperando rastro...
⏳ 23:51:26 - Pulso estable - Esperando rastro...
⏳ 23:51:28 - Pulso estable - Esperando rastro...
⏳ 23:51:30 - Pulso estable - Esperando rastro...
⏳ 23:51:32 - Pulso estable - Esperando rastro...
⏳ 23:51:35 - Pulso estable - Esperando rastro...
⏳ 23:51:37 - Pulso estable - Esperando rastro...
⏳ 23:51:39 - Pulso estable - Esperando rastro...
⏳ 23:51:41 - Pulso estable - Esperando rastro...
⏳ 23:51:43 - Pulso estable - Esperando rastro...
⏳ 23:51:45 - Pulso estable - Esperando rastro...
⏳ 23:51:47 - Pulso estable - Esperando rastro...
⏳ 23:51:49 - Pulso estable - Esperando rastro...
⏳ 23:51:51 - Pulso estable - Esperando rastro...
⏳ 23:51:53 - Pulso estable - Esperando rastro...
⏳ 23:51:55 - Pulso estable - Esperando rastro...
⏳ 23:51:57 - Pulso estable - Esperando rastro...
⏳ 23:51:59 - Pulso estable - Esperando rastro...
⏳ 23:52:01 - Pulso estable - Esperando rastro...
⏳ 23:52:03 - Pulso estable - Esperando rastro...
⏳ 23:52:05 - Pulso estable - Esperando rastro...
⏳ 23:52:07 - Pulso estable - Esperando rastro...
⏳ 23:52:09 - Pulso estable - Esperando rastro...
⏳ 23:52:11 - Pulso estable - Esperando rastro...
⏳ 23:52:13 - Pulso estable - Esperando rastro...
⏳ 23:52:15 - Pulso estable - Esperando rastro...
⏳ 23:52:17 - Pulso estable - Esperando rastro...
⏳ 23:52:19 - Pulso estable - Esperando rastro...
⏳ 23:52:21 - Pulso estable - Esperando rastro...
⏳ 23:52:23 - Pulso estable - Esperando rastro...
⏳ 23:52:25 - Pulso estable - Esperando rastro...
⏳ 23:52:28 - Pulso estable - Esperando rastro...
⏳ 23:52:30 - Pulso estable - Esperando rastro...
⏳ 23:52:32 - Pulso estable - Esperando rastro...
⏳ 23:52:34 - Pulso estable - Esperando rastro...
⏳ 23:52:36 - Pulso estable - Esperando rastro...
⏳ 23:52:38 - Pulso estable - Esperando rastro...
⏳ 23:52:40 - Pulso estable - Esperando rastro...
⏳ 23:52:42 - Pulso estable - Esperando rastro...
⏳ 23:52:44 - Pulso estable - Esperando rastro...
⏳ 23:52:46 - Pulso estable - Esperando rastro...
⏳ 23:52:48 - Pulso estable - Esperando rastro...
⏳ 23:52:50 - Pulso estable - Esperando rastro...
⏳ 23:52:52 - Pulso estable - Esperando rastro...
⏳ 23:52:54 - Pulso estable - Esperando rastro...
⏳ 23:52:56 - Pulso estable - Esperando rastro...
⏳ 23:52:58 - Pulso estable - Esperando rastro...
⏳ 23:53:00 - Pulso estable - Esperando rastro...
⏳ 23:53:02 - Pulso estable - Esperando rastro...
⏳ 23:53:04 - Pulso estable - Esperando rastro...
⏳ 23:53:07 - Pulso estable - Esperando rastro...
⏳ 23:53:09 - Pulso estable - Esperando rastro...
⏳ 23:53:11 - Pulso estable - Esperando rastro...
⏳ 23:53:13 - Pulso estable - Esperando rastro...
⏳ 23:53:15 - Pulso estable - Esperando rastro...
⏳ 23:53:17 - Pulso estable - Esperando rastro...
⏳ 23:53:19 - Pulso estable - Esperando rastro...
⏳ 23:53:21 - Pulso estable - Esperando rastro...
⏳ 23:53:23 - Pulso estable - Esperando rastro...
⏳ 23:53:25 - Pulso estable - Esperando rastro...
⏳ 23:53:27 - Pulso estable - Esperando rastro...
⏳ 23:53:29 - Pulso estable - Esperando rastro...
⏳ 23:53:31 - Pulso estable - Esperando rastro...
⏳ 23:53:33 - Pulso estable - Esperando rastro...
⏳ 23:53:35 - Pulso estable - Esperando rastro...
⏳ 23:53:37 - Pulso estable - Esperando rastro...
⏳ 23:53:39 - Pulso estable - Esperando rastro...
⏳ 23:53:41 - Pulso estable - Esperando rastro...
⏳ 23:53:43 - Pulso estable - Esperando rastro...
⏳ 23:53:45 - Pulso estable - Esperando rastro...
⏳ 23:53:47 - Pulso estable - Esperando rastro...
⏳ 23:53:49 - Pulso estable - Esperando rastro...
⏳ 23:53:51 - Pulso estable - Esperando rastro...
⏳ 23:53:53 - Pulso estable - Esperando rastro...
⏳ 23:53:56 - Pulso estable - Esperando rastro...
⏳ 23:53:58 - Pulso estable - Esperando rastro...
⏳ 23:54:00 - Pulso estable - Esperando rastro...
⏳ 23:54:02 - Pulso estable - Esperando rastro...
⏳ 23:54:04 - Pulso estable - Esperando rastro...
⏳ 23:54:06 - Pulso estable - Esperando rastro...
⏳ 23:54:08 - Pulso estable - Esperando rastro...
⏳ 23:54:10 - Pulso estable - Esperando rastro...
⏳ 23:54:12 - Pulso estable - Esperando rastro...
⏳ 23:54:14 - Pulso estable - Esperando rastro...
⏳ 23:54:16 - Pulso estable - Esperando rastro...
⏳ 23:54:18 - Pulso estable - Esperando rastro...
⏳ 23:54:20 - Pulso estable - Esperando rastro...
⏳ 23:54:22 - Pulso estable - Esperando rastro...
⏳ 23:54:24 - Pulso estable - Esperando rastro...
⏳ 23:54:26 - Pulso estable - Esperando rastro...
⏳ 23:54:28 - Pulso estable - Esperando rastro...
⏳ 23:54:30 - Pulso estable - Esperando rastro...
⏳ 23:54:32 - Pulso estable - Esperando rastro...
⏳ 23:54:34 - Pulso estable - Esperando rastro...
⏳ 23:54:36 - Pulso estable - Esperando rastro...
⏳ 23:54:38 - Pulso estable - Esperando rastro...
⏳ 23:54:40 - Pulso estable - Esperando rastro...
⏳ 23:54:43 - Pulso estable - Esperando rastro...
⏳ 23:54:45 - Pulso estable - Esperando rastro...
⏳ 23:54:47 - Pulso estable - Esperando rastro...
⏳ 23:54:49 - Pulso estable - Esperando rastro...
⏳ 23:54:51 - Pulso estable - Esperando rastro...
⏳ 23:54:53 - Pulso estable - Esperando rastro...
⏳ 23:54:55 - Pulso estable - Esperando rastro...
⏳ 23:54:57 - Pulso estable - Esperando rastro...
⏳ 23:54:59 - Pulso estable - Esperando rastro...
⏳ 23:55:01 - Pulso estable - Esperando rastro...
⏳ 23:55:03 - Pulso estable - Esperando rastro...
⏳ 23:55:05 - Pulso estable - Esperando rastro...
⏳ 23:55:07 - Pulso estable - Esperando rastro...
⏳ 23:55:09 - Pulso estable - Esperando rastro...
⏳ 23:55:11 - Pulso estable - Esperando rastro...
⏳ 23:55:13 - Pulso estable - Esperando rastro...
⏳ 23:55:15 - Pulso estable - Esperando rastro...
⏳ 23:55:17 - Pulso estable - Esperando rastro...
⏳ 23:55:19 - Pulso estable - Esperando rastro...
⏳ 23:55:21 - Pulso estable - Esperando rastro...
⏳ 23:55:24 - Pulso estable - Esperando rastro...
⏳ 23:55:26 - Pulso estable - Esperando rastro...
⏳ 23:55:28 - Pulso estable - Esperando rastro...
⏳ 23:55:30 - Pulso estable - Esperando rastro...
⏳ 23:55:32 - Pulso estable - Esperando rastro...
⏳ 23:55:34 - Pulso estable - Esperando rastro...
⏳ 23:55:36 - Pulso estable - Esperando rastro...
⏳ 23:55:38 - Pulso estable - Esperando rastro...
⏳ 23:55:40 - Pulso estable - Esperando rastro...
⏳ 23:55:42 - Pulso estable - Esperando rastro...
⏳ 23:55:44 - Pulso estable - Esperando rastro...
⏳ 23:55:46 - Pulso estable - Esperando rastro...
⏳ 23:55:48 - Pulso estable - Esperando rastro...
⏳ 23:55:50 - Pulso estable - Esperando rastro...
⏳ 23:55:52 - Pulso estable - Esperando rastro...
⏳ 23:55:54 - Pulso estable - Esperando rastro...
⏳ 23:55:56 - Pulso estable - Esperando rastro...
⏳ 23:55:58 - Pulso estable - Esperando rastro...
⏳ 23:56:00 - Pulso estable - Esperando rastro...
⏳ 23:56:02 - Pulso estable - Esperando rastro...
⏳ 23:56:04 - Pulso estable - Esperando rastro...
⏳ 23:56:06 - Pulso estable - Esperando rastro...
⏳ 23:56:08 - Pulso estable - Esperando rastro...
⏳ 23:56:11 - Pulso estable - Esperando rastro...
⏳ 23:56:13 - Pulso estable - Esperando rastro...
⏳ 23:56:15 - Pulso estable - Esperando rastro...
⏳ 23:56:17 - Pulso estable - Esperando rastro...
⏳ 23:56:19 - Pulso estable - Esperando rastro...
⏳ 23:56:21 - Pulso estable - Esperando rastro...
⏳ 23:56:23 - Pulso estable - Esperando rastro...
⏳ 23:56:25 - Pulso estable - Esperando rastro...
⏳ 23:56:27 - Pulso estable - Esperando rastro...
📡 [XOXO] FISCALIZADO: STRESS_TEST_1767160588_4 | ID: 
📡 [XOXO] FISCALIZADO: STRESS_TEST_1767160588_5 | ID: 849fe86485865809b08fa8ee9fac0cfa7a38b27512b82772400fffbd0c0931f9
📡 [XOXO] FISCALIZADO: STRESS_TEST_1767160588_6 | ID: 26f1788eb945736b60f0667c4c32480fc7511937ac5ffdfa7ca1ac9c76218df4
📡 [XOXO] FISCALIZADO: STRESS_TEST_1767160588_7 | ID: 6c83cb4f6a1b1fbf0d6959e181bfa7cacaedabd6a4a526dfe60e74839fc84a1f
📡 [XOXO] FISCALIZADO: STRESS_TEST_1767160588_8 | ID: 4f3cb610050c15c879937a6aa567198d13583f3f81758a3394fefa7b3a8a5774
📡 [XOXO] FISCALIZADO: STRESS_TEST_1767160588_9 | ID: 83003c94f48fa78b1e45203eed3f0e51e98d34983e37e1110f9a0130f59c71e5
⏳ 23:56:32 - Pulso estable - Esperando rastro...
⏳ 23:56:34 - Pulso estable - Esperando rastro...
⏳ 23:56:36 - Pulso estable - Esperando rastro...
⏳ 23:56:38 - Pulso estable - Esperando rastro...
⏳ 23:56:40 - Pulso estable - Esperando rastro...
⏳ 23:56:43 - Pulso estable - Esperando rastro...
⏳ 23:56:45 - Pulso estable - Esperando rastro...
⏳ 23:56:47 - Pulso estable - Esperando rastro...
⏳ 23:56:49 - Pulso estable - Esperando rastro...
⏳ 23:56:51 - Pulso estable - Esperando rastro...
⏳ 23:56:53 - Pulso estable - Esperando rastro...
⏳ 23:56:55 - Pulso estable - Esperando rastro...
⏳ 23:56:57 - Pulso estable - Esperando rastro...
⏳ 23:56:59 - Pulso estable - Esperando rastro...
⏳ 23:57:01 - Pulso estable - Esperando rastro...
⏳ 23:57:03 - Pulso estable - Esperando rastro...
⏳ 23:57:05 - Pulso estable - Esperando rastro...
⏳ 23:57:07 - Pulso estable - Esperando rastro...
⏳ 23:57:09 - Pulso estable - Esperando rastro...
⏳ 23:57:11 - Pulso estable - Esperando rastro...
⏳ 23:57:13 - Pulso estable - Esperando rastro...
⏳ 23:57:15 - Pulso estable - Esperando rastro...
⏳ 23:57:17 - Pulso estable - Esperando rastro...
⏳ 23:57:19 - Pulso estable - Esperando rastro...
⏳ 23:57:21 - Pulso estable - Esperando rastro...
⏳ 23:57:23 - Pulso estable - Esperando rastro...
⏳ 23:57:25 - Pulso estable - Esperando rastro...
⏳ 23:57:28 - Pulso estable - Esperando rastro...
⏳ 23:57:30 - Pulso estable - Esperando rastro...
⏳ 23:57:32 - Pulso estable - Esperando rastro...
⏳ 23:57:34 - Pulso estable - Esperando rastro...
⏳ 23:57:36 - Pulso estable - Esperando rastro...
⏳ 23:57:38 - Pulso estable - Esperando rastro...
⏳ 23:57:40 - Pulso estable - Esperando rastro...
⏳ 23:57:42 - Pulso estable - Esperando rastro...
⏳ 23:57:44 - Pulso estable - Esperando rastro...
⏳ 23:57:46 - Pulso estable - Esperando rastro...
⏳ 23:57:48 - Pulso estable - Esperando rastro...
⏳ 23:57:50 - Pulso estable - Esperando rastro...
⏳ 23:57:52 - Pulso estable - Esperando rastro...
⏳ 23:57:54 - Pulso estable - Esperando rastro...
⏳ 23:57:56 - Pulso estable - Esperando rastro...
⏳ 23:57:58 - Pulso estable - Esperando rastro...
⏳ 23:58:00 - Pulso estable - Esperando rastro...
⏳ 23:58:02 - Pulso estable - Esperando rastro...
⏳ 23:58:04 - Pulso estable - Esperando rastro...
⏳ 23:58:06 - Pulso estable - Esperando rastro...
⏳ 23:58:09 - Pulso estable - Esperando rastro...
⏳ 23:58:11 - Pulso estable - Esperando rastro...
⏳ 23:58:13 - Pulso estable - Esperando rastro...
⏳ 23:58:15 - Pulso estable - Esperando rastro...
⏳ 23:58:17 - Pulso estable - Esperando rastro...
⏳ 23:58:19 - Pulso estable - Esperando rastro...
⏳ 23:58:21 - Pulso estable - Esperando rastro...
⏳ 23:58:23 - Pulso estable - Esperando rastro...
⏳ 23:58:25 - Pulso estable - Esperando rastro...
⏳ 23:58:27 - Pulso estable - Esperando rastro...
⏳ 23:58:29 - Pulso estable - Esperando rastro...
⏳ 23:58:31 - Pulso estable - Esperando rastro...
⏳ 23:58:33 - Pulso estable - Esperando rastro...
⏳ 23:58:35 - Pulso estable - Esperando rastro...
⏳ 23:58:37 - Pulso estable - Esperando rastro...
⏳ 23:58:39 - Pulso estable - Esperando rastro...
⏳ 23:58:41 - Pulso estable - Esperando rastro...
⏳ 23:58:43 - Pulso estable - Esperando rastro...
⏳ 23:58:45 - Pulso estable - Esperando rastro...
⏳ 23:58:47 - Pulso estable - Esperando rastro...
⏳ 23:58:49 - Pulso estable - Esperando rastro...
⏳ 23:58:51 - Pulso estable - Esperando rastro...
⏳ 23:58:53 - Pulso estable - Esperando rastro...
⏳ 23:58:56 - Pulso estable - Esperando rastro...
⏳ 23:58:58 - Pulso estable - Esperando rastro...
⏳ 23:59:00 - Pulso estable - Esperando rastro...
⏳ 23:59:02 - Pulso estable - Esperando rastro...
⏳ 23:59:04 - Pulso estable - Esperando rastro...
⏳ 23:59:06 - Pulso estable - Esperando rastro...
⏳ 23:59:08 - Pulso estable - Esperando rastro...
⏳ 23:59:10 - Pulso estable - Esperando rastro...
⏳ 23:59:12 - Pulso estable - Esperando rastro...
⏳ 23:59:16 - Pulso estable - Esperando rastro...
⏳ 23:59:18 - Pulso estable - Esperando rastro...
⏳ 23:59:20 - Pulso estable - Esperando rastro...
⏳ 23:59:22 - Pulso estable - Esperando rastro...
⏳ 23:59:24 - Pulso estable - Esperando rastro...
⏳ 23:59:26 - Pulso estable - Esperando rastro...
⏳ 23:59:28 - Pulso estable - Esperando rastro...
⏳ 23:59:30 - Pulso estable - Esperando rastro...
⏳ 23:59:32 - Pulso estable - Esperando rastro...
⏳ 23:59:35 - Pulso estable - Esperando rastro...
⏳ 23:59:37 - Pulso estable - Esperando rastro...
⏳ 23:59:39 - Pulso estable - Esperando rastro...
⏳ 23:59:41 - Pulso estable - Esperando rastro...
⏳ 23:59:43 - Pulso estable - Esperando rastro...
⏳ 23:59:45 - Pulso estable - Esperando rastro...
⏳ 23:59:47 - Pulso estable - Esperando rastro...
⏳ 23:59:49 - Pulso estable - Esperando rastro...
⏳ 23:59:51 - Pulso estable - Esperando rastro...
⏳ 23:59:53 - Pulso estable - Esperando rastro...
⏳ 23:59:55 - Pulso estable - Esperando rastro...
⏳ 23:59:57 - Pulso estable - Esperando rastro...
⏳ 23:59:59 - Pulso estable - Esperando rastro...
⏳ 00:00:01 - Pulso estable - Esperando rastro...
⏳ 00:00:03 - Pulso estable - Esperando rastro...
⏳ 00:00:05 - Pulso estable - Esperando rastro...
⏳ 00:00:07 - Pulso estable - Esperando rastro...
⏳ 00:00:09 - Pulso estable - Esperando rastro...
⏳ 00:00:11 - Pulso estable - Esperando rastro...
⏳ 00:00:13 - Pulso estable - Esperando rastro...
⏳ 00:00:15 - Pulso estable - Esperando rastro...
⏳ 00:00:17 - Pulso estable - Esperando rastro...
⏳ 00:00:20 - Pulso estable - Esperando rastro...
⏳ 00:00:22 - Pulso estable - Esperando rastro...
⏳ 00:00:24 - Pulso estable - Esperando rastro...
⏳ 00:00:26 - Pulso estable - Esperando rastro...
⏳ 00:00:28 - Pulso estable - Esperando rastro...
⏳ 00:00:30 - Pulso estable - Esperando rastro...
⏳ 00:00:32 - Pulso estable - Esperando rastro...
⏳ 00:00:34 - Pulso estable - Esperando rastro...
⏳ 00:00:36 - Pulso estable - Esperando rastro...
⏳ 00:00:38 - Pulso estable - Esperando rastro...
⏳ 00:00:40 - Pulso estable - Esperando rastro...
⏳ 00:00:42 - Pulso estable - Esperando rastro...
⏳ 00:00:44 - Pulso estable - Esperando rastro...
⏳ 00:00:46 - Pulso estable - Esperando rastro...
⏳ 00:00:48 - Pulso estable - Esperando rastro...
⏳ 00:00:50 - Pulso estable - Esperando rastro...
⏳ 00:00:52 - Pulso estable - Esperando rastro...
⏳ 00:00:54 - Pulso estable - Esperando rastro...
⏳ 00:00:56 - Pulso estable - Esperando rastro...
⏳ 00:00:58 - Pulso estable - Esperando rastro...
⏳ 00:01:00 - Pulso estable - Esperando rastro...
⏳ 00:01:02 - Pulso estable - Esperando rastro...
⏳ 00:01:04 - Pulso estable - Esperando rastro...
⏳ 00:01:06 - Pulso estable - Esperando rastro...
⏳ 00:01:08 - Pulso estable - Esperando rastro...
⏳ 00:01:11 - Pulso estable - Esperando rastro...
⏳ 00:01:13 - Pulso estable - Esperando rastro...
⏳ 00:01:15 - Pulso estable - Esperando rastro...
⏳ 00:01:17 - Pulso estable - Esperando rastro...
⏳ 00:01:19 - Pulso estable - Esperando rastro...
⏳ 00:01:21 - Pulso estable - Esperando rastro...
⏳ 00:01:23 - Pulso estable - Esperando rastro...
⏳ 00:01:25 - Pulso estable - Esperando rastro...
⏳ 00:01:27 - Pulso estable - Esperando rastro...
⏳ 00:01:29 - Pulso estable - Esperando rastro...
⏳ 00:01:31 - Pulso estable - Esperando rastro...
⏳ 00:01:33 - Pulso estable - Esperando rastro...
⏳ 00:01:35 - Pulso estable - Esperando rastro...
⏳ 00:01:37 - Pulso estable - Esperando rastro...
⏳ 00:01:39 - Pulso estable - Esperando rastro...
⏳ 00:01:41 - Pulso estable - Esperando rastro...
⏳ 00:01:43 - Pulso estable - Esperando rastro...
⏳ 00:01:45 - Pulso estable - Esperando rastro...
⏳ 00:01:47 - Pulso estable - Esperando rastro...
⏳ 00:01:49 - Pulso estable - Esperando rastro...
⏳ 00:01:51 - Pulso estable - Esperando rastro...
⏳ 00:01:53 - Pulso estable - Esperando rastro...
⏳ 00:01:55 - Pulso estable - Esperando rastro...
⏳ 00:01:57 - Pulso estable - Esperando rastro...
⏳ 00:02:00 - Pulso estable - Esperando rastro...
⏳ 00:02:02 - Pulso estable - Esperando rastro...
⏳ 00:02:04 - Pulso estable - Esperando rastro...
⏳ 00:02:06 - Pulso estable - Esperando rastro...
⏳ 00:02:08 - Pulso estable - Esperando rastro...
⏳ 00:02:10 - Pulso estable - Esperando rastro...
⏳ 00:02:12 - Pulso estable - Esperando rastro...
⏳ 00:02:14 - Pulso estable - Esperando rastro...
⏳ 00:02:16 - Pulso estable - Esperando rastro...
⏳ 00:02:18 - Pulso estable - Esperando rastro...
⏳ 00:02:20 - Pulso estable - Esperando rastro...
⏳ 00:02:22 - Pulso estable - Esperando rastro...
⏳ 00:02:24 - Pulso estable - Esperando rastro...
⏳ 00:02:26 - Pulso estable - Esperando rastro...
⏳ 00:02:28 - Pulso estable - Esperando rastro...
⏳ 00:02:30 - Pulso estable - Esperando rastro...
⏳ 00:02:32 - Pulso estable - Esperando rastro...
⏳ 00:02:34 - Pulso estable - Esperando rastro...
⏳ 00:02:36 - Pulso estable - Esperando rastro...
⏳ 00:02:38 - Pulso estable - Esperando rastro...
⏳ 00:02:40 - Pulso estable - Esperando rastro...
⏳ 00:02:42 - Pulso estable - Esperando rastro...
⏳ 00:02:44 - Pulso estable - Esperando rastro...
⏳ 00:02:47 - Pulso estable - Esperando rastro...
⏳ 00:02:49 - Pulso estable - Esperando rastro...
⏳ 00:02:51 - Pulso estable - Esperando rastro...
⏳ 00:02:53 - Pulso estable - Esperando rastro...
⏳ 00:02:55 - Pulso estable - Esperando rastro...
⏳ 00:02:57 - Pulso estable - Esperando rastro...
⏳ 00:02:59 - Pulso estable - Esperando rastro...
⏳ 00:03:01 - Pulso estable - Esperando rastro...
⏳ 00:03:03 - Pulso estable - Esperando rastro...
⏳ 00:03:05 - Pulso estable - Esperando rastro...
⏳ 00:03:07 - Pulso estable - Esperando rastro...
⏳ 00:03:09 - Pulso estable - Esperando rastro...
⏳ 00:03:11 - Pulso estable - Esperando rastro...
⏳ 00:03:13 - Pulso estable - Esperando rastro...
⏳ 00:03:15 - Pulso estable - Esperando rastro...
⏳ 00:03:17 - Pulso estable - Esperando rastro...
⏳ 00:03:19 - Pulso estable - Esperando rastro...
⏳ 00:03:21 - Pulso estable - Esperando rastro...
⏳ 00:03:23 - Pulso estable - Esperando rastro...
⏳ 00:03:25 - Pulso estable - Esperando rastro...
⏳ 00:03:28 - Pulso estable - Esperando rastro...
⏳ 00:03:30 - Pulso estable - Esperando rastro...
⏳ 00:03:32 - Pulso estable - Esperando rastro...
⏳ 00:03:34 - Pulso estable - Esperando rastro...
⏳ 00:03:36 - Pulso estable - Esperando rastro...
⏳ 00:03:38 - Pulso estable - Esperando rastro...
⏳ 00:03:40 - Pulso estable - Esperando rastro...
⏳ 00:03:42 - Pulso estable - Esperando rastro...
⏳ 00:03:44 - Pulso estable - Esperando rastro...
⏳ 00:03:46 - Pulso estable - Esperando rastro...
⏳ 00:03:48 - Pulso estable - Esperando rastro...
⏳ 00:03:50 - Pulso estable - Esperando rastro...
⏳ 00:03:52 - Pulso estable - Esperando rastro...
⏳ 00:03:54 - Pulso estable - Esperando rastro...
⏳ 00:03:56 - Pulso estable - Esperando rastro...
⏳ 00:03:58 - Pulso estable - Esperando rastro...
⏳ 00:04:00 - Pulso estable - Esperando rastro...
⏳ 00:04:02 - Pulso estable - Esperando rastro...
⏳ 00:04:04 - Pulso estable - Esperando rastro...
⏳ 00:04:06 - Pulso estable - Esperando rastro...
⏳ 00:04:08 - Pulso estable - Esperando rastro...
⏳ 00:04:11 - Pulso estable - Esperando rastro...
⏳ 00:04:13 - Pulso estable - Esperando rastro...
⏳ 00:04:15 - Pulso estable - Esperando rastro...
⏳ 00:04:17 - Pulso estable - Esperando rastro...
⏳ 00:04:19 - Pulso estable - Esperando rastro...
⏳ 00:04:21 - Pulso estable - Esperando rastro...
⏳ 00:04:23 - Pulso estable - Esperando rastro...
⏳ 00:04:25 - Pulso estable - Esperando rastro...
⏳ 00:04:27 - Pulso estable - Esperando rastro...
⏳ 00:04:29 - Pulso estable - Esperando rastro...
⏳ 00:04:31 - Pulso estable - Esperando rastro...
⏳ 00:04:33 - Pulso estable - Esperando rastro...
⏳ 00:04:35 - Pulso estable - Esperando rastro...
⏳ 00:04:37 - Pulso estable - Esperando rastro...
⏳ 00:04:39 - Pulso estable - Esperando rastro...
⏳ 00:04:41 - Pulso estable - Esperando rastro...
⏳ 00:04:43 - Pulso estable - Esperando rastro...
📡 [XOXO] FISCALIZADO: LECCION_001_FALLO_IDENTIDAD_1767161083 | ID: d67ff88da44f0492b0d7fcaa89673a1b22eef2aa07bf2a5d58e372cdb8b9c1e5
⏳ 00:04:45 - Pulso estable - Esperando rastro...
⏳ 00:04:47 - Pulso estable - Esperando rastro...
⏳ 00:04:49 - Pulso estable - Esperando rastro...
⏳ 00:04:52 - Pulso estable - Esperando rastro...
⏳ 00:04:54 - Pulso estable - Esperando rastro...
⏳ 00:04:56 - Pulso estable - Esperando rastro...
⏳ 00:04:58 - Pulso estable - Esperando rastro...
⏳ 00:05:00 - Pulso estable - Esperando rastro...
⏳ 00:05:02 - Pulso estable - Esperando rastro...
⏳ 00:05:04 - Pulso estable - Esperando rastro...
⏳ 00:05:06 - Pulso estable - Esperando rastro...
⏳ 00:05:08 - Pulso estable - Esperando rastro...
⏳ 00:05:10 - Pulso estable - Esperando rastro...
⏳ 00:05:12 - Pulso estable - Esperando rastro...
⏳ 00:05:14 - Pulso estable - Esperando rastro...
⏳ 00:05:16 - Pulso estable - Esperando rastro...
⏳ 00:05:18 - Pulso estable - Esperando rastro...
⏳ 00:05:20 - Pulso estable - Esperando rastro...
⏳ 00:05:22 - Pulso estable - Esperando rastro...
⏳ 00:05:24 - Pulso estable - Esperando rastro...
⏳ 00:05:26 - Pulso estable - Esperando rastro...
⏳ 00:05:28 - Pulso estable - Esperando rastro...
⏳ 00:05:31 - Pulso estable - Esperando rastro...
⏳ 00:05:33 - Pulso estable - Esperando rastro...
⏳ 00:05:35 - Pulso estable - Esperando rastro...
⏳ 00:05:37 - Pulso estable - Esperando rastro...
⏳ 00:05:39 - Pulso estable - Esperando rastro...
⏳ 00:05:41 - Pulso estable - Esperando rastro...
⏳ 00:05:43 - Pulso estable - Esperando rastro.