3 — Pulso estable, sin rastro de contratos.
⏳ 02:56:16 — Pulso estable, sin rastro de contratos.
⏳ 02:56:19 — Pulso estable, sin rastro de contratos.
⏳ 02:56:23 — Pulso estable, sin rastro de contratos.
⏳ 02:56:26 — Pulso estable, sin rastro de contratos.
⏳ 02:56:29 — Pulso estable, sin rastro de contratos.
⏳ 02:56:32 — Pulso estable, sin rastro de contratos.
⏳ 02:56:35 — Pulso estable, sin rastro de contratos.
⏳ 02:56:38 — Pulso estable, sin rastro de contratos.
⏳ 02:56:41 — Pulso estable, sin rastro de contratos.
⏳ 02:56:44 — Pulso estable, sin rastro de contratos.
⏳ 02:56:47 — Pulso estable, sin rastro de contratos.
⏳ 02:56:50 — Pulso estable, sin rastro de contratos.
⏳ 02:56:53 — Pulso estable, sin rastro de contratos.
⏳ 02:56:56 — Pulso estable, sin rastro de contratos.
⏳ 02:56:59 — Pulso estable, sin rastro de contratos.
⏳ 02:57:02 — Pulso estable, sin rastro de contratos.
⏳ 02:57:05 — Pulso estable, sin rastro de contratos.
⏳ 02:57:08 — Pulso estable, sin rastro de contratos.
⏳ 02:57:11 — Pulso estable, sin rastro de contratos.
⏳ 02:57:14 — Pulso estable, sin rastro de contratos.
⏳ 02:57:17 — Pulso estable, sin rastro de contratos.
⏳ 02:57:20 — Pulso estable, sin rastro de contratos.
⏳ 02:57:23 — Pulso estable, sin rastro de contratos.
⏳ 02:57:26 — Pulso estable, sin rastro de contratos.
⏳ 02:57:30 — Pulso estable, sin rastro de contratos.
⏳ 02:57:33 — Pulso estable, sin rastro de contratos.
⏳ 02:57:36 — Pulso estable, sin rastro de contratos.
⏳ 02:57:39 — Pulso estable, sin rastro de contratos.
⏳ 02:57:42 — Pulso estable, sin rastro de contratos.
⏳ 02:57:45 — Pulso estable, sin rastro de contratos.
⏳ 02:57:48 — Pulso estable, sin rastro de contratos.
⏳ 02:57:51 — Pulso estable, sin rastro de contratos.
⏳ 02:57:54 — Pulso estable, sin rastro de contratos.
⏳ 02:57:57 — Pulso estable, sin rastro de contratos.
⏳ 02:58:00 — Pulso estable, sin rastro de contratos.
⏳ 02:58:03 — Pulso estable, sin rastro de contratos.
⏳ 02:58:06 — Pulso estable, sin rastro de contratos.
⏳ 02:58:09 — Pulso estable, sin rastro de contratos.
⏳ 02:58:12 — Pulso estable, sin rastro de contratos.
⏳ 02:58:15 — Pulso estable, sin rastro de contratos.
⏳ 02:58:18 — Pulso estable, sin rastro de contratos.
⏳ 02:58:21 — Pulso estable, sin rastro de contratos.
⏳ 02:58:24 — Pulso estable, sin rastro de contratos.
⏳ 02:58:27 — Pulso estable, sin rastro de contratos.
⏳ 02:58:30 — Pulso estable, sin rastro de contratos.
⏳ 02:58:33 — Pulso estable, sin rastro de contratos.
⏳ 02:58:36 — Pulso estable, sin rastro de contratos.
⏳ 02:58:40 — Pulso estable, sin rastro de contratos.
⏳ 02:58:43 — Pulso estable, sin rastro de contratos.
⏳ 02:58:46 — Pulso estable, sin rastro de contratos.
⏳ 02:58:49 — Pulso estable, sin rastro de contratos.
⏳ 02:58:52 — Pulso estable, sin rastro de contratos.
⏳ 02:58:55 — Pulso estable, sin rastro de contratos.
⏳ 02:58:58 — Pulso estable, sin rastro de contratos.
⏳ 02:59:01 — Pulso estable, sin rastro de contratos.
⏳ 02:59:04 — Pulso estable, sin rastro de contratos.
⏳ 02:59:07 — Pulso estable, sin rastro de contratos.
⏳ 02:59:10 — Pulso estable, sin rastro de contratos.
⏳ 02:59:13 — Pulso estable, sin rastro de contratos.
⏳ 02:59:16 — Pulso estable, sin rastro de contratos.
⏳ 02:59:19 — Pulso estable, sin rastro de contratos.
⏳ 02:59:22 — Pulso estable, sin rastro de contratos.
⏳ 02:59:25 — Pulso estable, sin rastro de contratos.
⏳ 02:59:28 — Pulso estable, sin rastro de contratos.
⏳ 02:59:31 — Pulso estable, sin rastro de contratos.
⏳ 02:59:34 — Pulso estable, sin rastro de contratos.
⏳ 02:59:37 — Pulso estable, sin rastro de contratos.
⏳ 02:59:41 — Pulso estable, sin rastro de contratos.
⏳ 02:59:44 — Pulso estable, sin rastro de contratos.
⏳ 02:59:47 — Pulso estable, sin rastro de contratos.
⏳ 02:59:50 — Pulso estable, sin rastro de contratos.
⏳ 02:59:53 — Pulso estable, sin rastro de contratos.
⏳ 02:59:56 — Pulso estable, sin rastro de contratos.
⏳ 02:59:59 — Pulso estable, sin rastro de contratos.
⏳ 03:00:02 — Pulso estable, sin rastro de contratos.
⏳ 03:00:05 — Pulso estable, sin rastro de contratos.
⏳ 03:00:08 — Pulso estable, sin rastro de contratos.
⏳ 03:00:11 — Pulso estable, sin rastro de contratos.
⏳ 03:00:14 — Pulso estable, sin rastro de contratos.
⏳ 03:00:17 — Pulso estable, sin rastro de contratos.
⏳ 03:00:20 — Pulso estable, sin rastro de contratos.
⏳ 03:00:23 — Pulso estable, sin rastro de contratos.
⏳ 03:00:26 — Pulso estable, sin rastro de contratos.
⏳ 03:00:29 — Pulso estable, sin rastro de contratos.
⏳ 03:00:32 — Pulso estable, sin rastro de contratos.
⏳ 03:00:35 — Pulso estable, sin rastro de contratos.
⏳ 03:00:38 — Pulso estable, sin rastro de contratos.
⏳ 03:00:42 — Pulso estable, sin rastro de contratos.
⏳ 03:00:45 — Pulso estable, sin rastro de contratos.
⏳ 03:00:48 — Pulso estable, sin rastro de contratos.
⏳ 03:00:51 — Pulso estable, sin rastro de contratos.
⏳ 03:00:54 — Pulso estable, sin rastro de contratos.
⏳ 03:00:57 — Pulso estable, sin rastro de contratos.
⏳ 03:01:00 — Pulso estable, sin rastro de contratos.
⏳ 03:01:03 — Pulso estable, sin rastro de contratos.
⏳ 03:01:06 — Pulso estable, sin rastro de contratos.
⏳ 03:01:09 — Pulso estable, sin rastro de contratos.
⏳ 03:01:12 — Pulso estable, sin rastro de contratos.
⏳ 03:01:15 — Pulso estable, sin rastro de contratos.
⏳ 03:01:18 — Pulso estable, sin rastro de contratos.
⏳ 03:01:21 — Pulso estable, sin rastro de contratos.
⏳ 03:01:24 — Pulso estable, sin rastro de contratos.
⏳ 03:01:27 — Pulso estable, sin rastro de contratos.
⏳ 03:01:30 — Pulso estable, sin rastro de contratos.
⏳ 03:01:33 — Pulso estable, sin rastro de contratos.
⏳ 03:01:36 — Pulso estable, sin rastro de contratos.
⏳ 03:01:39 — Pulso estable, sin rastro de contratos.
⏳ 03:01:42 — Pulso estable, sin rastro de contratos.
⏳ 03:01:46 — Pulso estable, sin rastro de contratos.
⏳ 03:01:49 — Pulso estable, sin rastro de contratos.
⏳ 03:01:52 — Pulso estable, sin rastro de contratos.
⏳ 03:01:55 — Pulso estable, sin rastro de contratos.
⏳ 03:01:58 — Pulso estable, sin rastro de contratos.
⏳ 03:02:01 — Pulso estable, sin rastro de contratos.
⏳ 03:02:04 — Pulso estable, sin rastro de contratos.
⏳ 03:02:07 — Pulso estable, sin rastro de contratos.
⏳ 03:02:10 — Pulso estable, sin rastro de contratos.
⏳ 03:02:13 — Pulso estable, sin rastro de contratos.
⏳ 03:02:16 — Pulso estable, sin rastro de contratos.
⏳ 03:02:19 — Pulso estable, sin rastro de contratos.
⏳ 03:02:22 — Pulso estable, sin rastro de contratos.
⏳ 03:02:25 — Pulso estable, sin rastro de contratos.
⏳ 03:02:28 — Pulso estable, sin rastro de contratos.
⏳ 03:02:31 — Pulso estable, sin rastro de contratos.
⏳ 03:02:34 — Pulso estable, sin rastro de contratos.
⏳ 03:02:37 — Pulso estable, sin rastro de contratos.
⏳ 03:02:40 — Pulso estable, sin rastro de contratos.
⏳ 03:02:43 — Pulso estable, sin rastro de contratos.
⏳ 03:02:46 — Pulso estable, sin rastro de contratos.
⏳ 03:02:50 — Pulso estable, sin rastro de contratos.
⏳ 03:02:53 — Pulso estable, sin rastro de contratos.
⏳ 03:02:56 — Pulso estable, sin rastro de contratos.
⏳ 03:02:59 — Pulso estable, sin rastro de contratos.
⏳ 03:03:02 — Pulso estable, sin rastro de contratos.
⏳ 03:03:05 — Pulso estable, sin rastro de contratos.
⏳ 03:03:08 — Pulso estable, sin rastro de contratos.
⏳ 03:03:11 — Pulso estable, sin rastro de contratos.
⏳ 03:03:14 — Pulso estable, sin rastro de contratos.
⏳ 03:03:17 — Pulso estable, sin rastro de contratos.
⏳ 03:03:20 — Pulso estable, sin rastro de contratos.
⏳ 03:03:23 — Pulso estable, sin rastro de contratos.
⏳ 03:03:26 — Pulso estable, sin rastro de contratos.
⏳ 03:03:29 — Pulso estable, sin rastro de contratos.
⏳ 03:03:32 — Pulso estable, sin rastro de contratos.
⏳ 03:03:35 — Pulso estable, sin rastro de contratos.
⏳ 03:03:38 — Pulso estable, sin rastro de contratos.
⏳ 03:03:41 — Pulso estable, sin rastro de contratos.
⏳ 03:03:44 — Pulso estable, sin rastro de contratos.
⏳ 03:03:47 — Pulso estable, sin rastro de contratos.
⏳ 03:03:50 — Pulso estable, sin rastro de contratos.
⏳ 03:03:53 — Pulso estable, sin rastro de contratos.
⏳ 03:03:56 — Pulso estable, sin rastro de contratos.
⏳ 03:03:59 — Pulso estable, sin rastro de contratos.
⏳ 03:04:02 — Pulso estable, sin rastro de contratos.
⏳ 03:04:05 — Pulso estable, sin rastro de contratos.
⏳ 03:04:09 — Pulso estable, sin rastro de contratos.
⏳ 03:04:12 — Pulso estable, sin rastro de contratos.
⏳ 03:04:15 — Pulso estable, sin rastro de contratos.
⏳ 03:04:18 — Pulso estable, sin rastro de contratos.
⏳ 03:04:21 — Pulso estable, sin rastro de contratos.
⏳ 03:04:24 — Pulso estable, sin rastro de contratos.
⏳ 03:04:27 — Pulso estable, sin rastro de contratos.
⏳ 03:04:30 — Pulso estable, sin rastro de contratos.
⏳ 03:04:33 — Pulso estable, sin rastro de contratos.
⏳ 03:04:36 — Pulso estable, sin rastro de contratos.
⏳ 03:04:39 — Pulso estable, sin rastro de contratos.
⏳ 03:04:42 — Pulso estable, sin rastro de contratos.
⏳ 03:04:45 — Pulso estable, sin rastro de contratos.
⏳ 03:04:48 — Pulso estable, sin rastro de contratos.
⏳ 03:04:51 — Pulso estable, sin rastro de contratos.
⏳ 03:04:54 — Pulso estable, sin rastro de contratos.
⏳ 03:04:57 — Pulso estable, sin rastro de contratos.
⏳ 03:05:00 — Pulso estable, sin rastro de contratos.
⏳ 03:05:03 — Pulso estable, sin rastro de contratos.
⏳ 03:05:06 — Pulso estable, sin rastro de contratos.
⏳ 03:05:09 — Pulso estable, sin rastro de contratos.
⏳ 03:05:13 — Pulso estable, sin rastro de contratos.
⏳ 03:05:16 — Pulso estable, sin rastro de contratos.
⏳ 03:05:19 — Pulso estable, sin rastro de contratos.
⏳ 03:05:22 — Pulso estable, sin rastro de contratos.
⏳ 03:05:25 — Pulso estable, sin rastro de contratos.
⏳ 03:05:28 — Pulso estable, sin rastro de contratos.
⏳ 03:05:31 — Pulso estable, sin rastro de contratos.
⏳ 03:05:34 — Pulso estable, sin rastro de contratos.
⏳ 03:05:37 — Pulso estable, sin rastro de contratos.
⏳ 03:05:40 — Pulso estable, sin rastro de contratos.
⏳ 03:05:43 — Pulso estable, sin rastro de contratos.
⏳ 03:05:46 — Pulso estable, sin rastro de contratos.
⏳ 03:05:49 — Pulso estable, sin rastro de contratos.
⏳ 03:05:52 — Pulso estable, sin rastro de contratos.
⏳ 03:05:55 — Pulso estable, sin rastro de contratos.
⏳ 03:05:58 — Pulso estable, sin rastro de contratos.
⏳ 03:06:01 — Pulso estable, sin rastro de contratos.
⏳ 03:06:04 — Pulso estable, sin rastro de contratos.
⏳ 03:06:07 — Pulso estable, sin rastro de contratos.
⏳ 03:06:10 — Pulso estable, sin rastro de contratos.
⏳ 03:06:13 — Pulso estable, sin rastro de contratos.
⏳ 03:06:16 — Pulso estable, sin rastro de contratos.
⏳ 03:06:20 — Pulso estable, sin rastro de contratos.
⏳ 03:06:23 — Pulso estable, sin rastro de contratos.
⏳ 03:06:26 — Pulso estable, sin rastro de contratos.
⏳ 03:06:29 — Pulso estable, sin rastro de contratos.
⏳ 03:06:32 — Pulso estable, sin rastro de contratos.
⏳ 03:06:35 — Pulso estable, sin rastro de contratos.
⏳ 03:06:38 — Pulso estable, sin rastro de contratos.
⏳ 03:06:41 — Pulso estable, sin rastro de contratos.
⏳ 03:06:44 — Pulso estable, sin rastro de contratos.
⏳ 03:06:47 — Pulso estable, sin rastro de contratos.
⏳ 03:06:50 — Pulso estable, sin rastro de contratos.
⏳ 03:06:53 — Pulso estable, sin rastro de contratos.
⏳ 03:06:56 — Pulso estable, sin rastro de contratos.
⏳ 03:06:59 — Pulso estable, sin rastro de contratos.
⏳ 03:07:02 — Pulso estable, sin rastro de contratos.
⏳ 03:07:05 — Pulso estable, sin rastro de contratos.
⏳ 03:07:08 — Pulso estable, sin rastro de contratos.
⏳ 03:07:11 — Pulso estable, sin rastro de contratos.
⏳ 03:07:14 — Pulso estable, sin rastro de contratos.
⏳ 03:07:17 — Pulso estable, sin rastro de contratos.
⏳ 03:07:20 — Pulso estable, sin rastro de contratos.
⏳ 03:07:23 — Pulso estable, sin rastro de contratos.
⏳ 03:07:26 — Pulso estable, sin rastro de contratos.
⏳ 03:07:29 — Pulso estable, sin rastro de contratos.
⏳ 03:07:33 — Pulso estable, sin rastro de contratos.
⏳ 03:07:36 — 🐜 XOXO analizando: MISION_CUMPLIDA_LBH.ref.lbh
⏳ 03:07:38 — 🟢 CONTRATO PURIFICADO -> Movido a 'cleared': MISION_CUMPLIDA_LBH.ref.lbh
⏳ 03:07:41 — Pulso estable, sin rastro de contratos.
⏳ 03:07:44 — Pulso estable, sin rastro de contratos.
⏳ 03:07:47 — Pulso estable, sin rastro de contratos.
⏳ 03:07:50 — Pulso estable, sin rastro de contratos.
⏳ 03:07:53 — Pulso estable, sin rastro de contratos.
⏳ 03:07:56 — Pulso estable, sin rastro de contratos.
⏳ 03:07:59 — Pulso estable, sin rastro de contratos.
⏳ 03:08:02 — Pulso estable, sin rastro de contratos.
⏳ 03:08:05 — Pulso estable, sin rastro de contratos.
⏳ 03:08:08 — Pulso estable, sin rastro de contratos.
⏳ 03:08:11 — Pulso estable, sin rastro de contratos.
⏳ 03:08:14 — Pulso estable, sin rastro de contratos.
⏳ 03:08:17 — Pulso estable, sin rastro de contratos.
⏳ 03:08:21 — Pulso estable, sin rastro de contratos.
⏳ 03:08:24 — Pulso estable, sin rastro de contratos.
⏳ 03:08:27 — Pulso estable, sin rastro de contratos.
⏳ 03:08:30 — Pulso estable, sin rastro de contratos.
⏳ 03:08:33 — Pulso estable, sin rastro de contratos.
⏳ 03:08:36 — Pulso estable, sin rastro de contratos.
⏳ 03:08:39 — Pulso estable, sin rastro de contratos.
⏳ 03:08:42 — Pulso estable, sin rastro de contratos.
⏳ 03:08:45 — Pulso estable, sin rastro de contratos.
⏳ 03:08:48 — Pulso estable, sin rastro de contratos.
⏳ 03:08:51 — Pulso estable, sin rastro de contratos.
⏳ 03:08:54 — Pulso estable, sin rastro de contratos.
⏳ 03:08:56 — ⚖️ XOXO PORTERO ACTIVO - Nodo El Salvador 🇸🇻
⏳ 03:08:56 — 🐜 XOXO analizando: MISION_CUMPLIDA_LBH.ref.lbh
⏳ 03:08:59 — 🟢 CONTRATO PURIFICADO -> Movido a 'cleared': MISION_CUMPLIDA_LBH.ref.lbh
⏳ 03:09:02 — Pulso estable, sin rastro de contratos.
⏳ 03:09:05 — Pulso estable, sin rastro de contratos.
⏳ 03:09:08 — Pulso estable, sin rastro de contratos.
⏳ 03:09:11 — Pulso estable, sin rastro de contratos.
⏳ 03:09:14 — Pulso estable, sin rastro de contratos.
⏳ 03:09:17 — Pulso estable, sin rastro de contratos.
⏳ 03:09:20 — Pulso estable, sin rastro de contratos.
⏳ 03:09:23 — Pulso estable, sin rastro de contratos.
⏳ 03:09:26 — Pulso estable, sin rastro de contratos.
⏳ 03:09:29 — Pulso estable, sin rastro de contratos.
⏳ 03:09:32 — Pulso estable, sin rastro de contratos.
⏳ 03:09:35 — Pulso estable, sin rastro de contratos.
⏳ 03:09:38 — Pulso estable, sin rastro de contratos.
⏳ 03:09:41 — Pulso estable, sin rastro de contratos.
⏳ 03:09:44 — Pulso estable, sin rastro de contratos.
⏳ 03:09:47 — Pulso estable, sin rastro de contratos.
⏳ 03:09:50 — Pulso estable, sin rastro de contratos.
⏳ 03:09:53 — Pulso estable, sin rastro de contratos.
⏳ 03:09:56 — Pulso estable, sin rastro de contratos.
⏳ 03:10:00 — Pulso estable, sin rastro de contratos.
⏳ 03:10:03 — Pulso estable, sin rastro de contratos.
⏳ 03:10:06 — Pulso estable, sin rastro de contratos.
⏳ 03:10:09 — Pulso estable, sin rastro de contratos.
⏳ 03:10:12 — Pulso estable, sin rastro de contratos.
⏳ 03:10:15 — Pulso estable, sin rastro de contratos.
⏳ 03:10:18 — Pulso estable, sin rastro de contratos.
⏳ 03:10:21 — Pulso estable, sin rastro de contratos.
⏳ 03:10:24 — Pulso estable, sin rastro de contratos.
⏳ 03:10:27 — Pulso estable, sin rastro de contratos.
⏳ 03:10:30 — Pulso estable, sin rastro de contratos.
⏳ 03:10:33 — Pulso estable, sin rastro de contratos.
⏳ 03:10:36 — Pulso estable, sin rastro de contratos.
⏳ 03:10:39 — Pulso estable, sin rastro de contratos.
⏳ 03:10:42 — Pulso estable, sin rastro de contratos.
⏳ 03:10:45 — Pulso estable, sin rastro de contratos.
⏳ 03:10:48 — Pulso estable, sin rastro de contratos.
⏳ 03:10:51 — Pulso estable, sin rastro de contratos.
⏳ 03:10:54 — Pulso estable, sin rastro de contratos.
⏳ 03:10:57 — Pulso estable, sin rastro de contratos.
⏳ 03:11:00 — Pulso estable, sin rastro de contratos.
⏳ 03:11:03 — Pulso estable, sin rastro de contratos.
⏳ 03:11:07 — Pulso estable, sin rastro de contratos.
⏳ 03:11:10 — Pulso estable, sin rastro de contratos.
⏳ 03:11:13 — Pulso estable, sin rastro de contratos.
⏳ 03:11:15 — ⚖️ XOXO PORTERO ACTIVO - Nodo El Salvador 🇸🇻
⏳ 03:11:15 — 🐜 XOXO analizando: MISION_CUMPLIDA_LBH.ref.lbh
⏳ 03:11:18 — 🟢 CONTRATO PURIFICADO -> Movido a 'cleared': MISION_CUMPLIDA_LBH.ref.lbh
⏳ 03:11:21 — Pulso estable, sin rastro de contratos.
⏳ 03:11:24 — Pulso estable, sin rastro de contratos.
⏳ 03:11:27 — Pulso estable, sin rastro de contratos.
⏳ 03:11:30 — Pulso estable, sin rastro de contratos.
⏳ 03:11:33 — Pulso estable, sin rastro de contratos.
⏳ 03:11:36 — Pulso estable, sin rastro de contratos.
⏳ 03:11:39 — Pulso estable, sin rastro de contratos.
⏳ 03:11:42 — Pulso estable, sin rastro de contratos.
⏳ 03:11:45 — Pulso estable, sin rastro de contratos.
⏳ 03:11:48 — Pulso estable, sin rastro de contratos.
⏳ 03:11:51 — Pulso estable, sin rastro de contratos.
⏳ 03:11:54 — Pulso estable, sin rastro de contratos.
⏳ 03:11:57 — Pulso estable, sin rastro de contratos.
⏳ 03:12:00 — Pulso estable, sin rastro de contratos.
⏳ 03:12:03 — Pulso estable, sin rastro de contratos.
⏳ 03:12:06 — Pulso estable, sin rastro de contratos.
⏳ 03:12:09 — Pulso estable, sin rastro de contratos.
⏳ 03:12:12 — Pulso estable, sin rastro de contratos.
⏳ 03:12:15 — Pulso estable, sin rastro de contratos.
⏳ 03:12:19 — Pulso estable, sin rastro de contratos.
⏳ 03:12:22 — Pulso estable, sin rastro de contratos.
⏳ 03:12:25 — Pulso estable, sin rastro de contratos.
⏳ 03:12:28 — Pulso estable, sin rastro de contratos.
⏳ 03:12:31 — Pulso estable, sin rastro de contratos.
⏳ 03:12:34 — Pulso estable, sin rastro de contratos.
⏳ 03:12:37 — Pulso estable, sin rastro de contratos.
⏳ 03:12:40 — Pulso estable, sin rastro de contratos.
⏳ 03:12:43 — Pulso estable, sin rastro de contratos.
⏳ 03:12:46 — Pulso estable, sin rastro de contratos.
⏳ 03:12:49 — Pulso estable, sin rastro de contratos.
⏳ 03:12:52 — Pulso estable, sin rastro de contratos.
⏳ 03:12:55 — Pulso estable, sin rastro de contratos.
⏳ 03:12:58 — Pulso estable, sin rastro de contratos.
⏳ 03:13:01 — Pulso estable, sin rastro de contratos.
⏳ 03:13:04 — Pulso estable, sin rastro de contratos.
⏳ 03:13:07 — Pulso estable, sin rastro de contratos.
⏳ 03:13:10 — Pulso estable, sin rastro de contratos.
⏳ 03:13:13 — Pulso estable, sin rastro de contratos.
⏳ 03:13:17 — Pulso estable, sin rastro de contratos.
⏳ 03:13:20 — Pulso estable, sin rastro de contratos.
⏳ 03:13:23 — Pulso estable, sin rastro de contratos.
⏳ 03:13:26 — Pulso estable, sin rastro de contratos.
⏳ 03:13:29 — Pulso estable, sin rastro de contratos.
⏳ 03:13:32 — Pulso estable, sin rastro de contratos.
⏳ 03:13:35 — Pulso estable, sin rastro de contratos.
⏳ 03:13:38 — Pulso estable, sin rastro de contratos.
⏳ 03:13:41 — Pulso estable, sin rastro de contratos.
⏳ 03:13:44 — Pulso estable, sin rastro de contratos.
⏳ 03:13:47 — Pulso estable, sin rastro de contratos.
⏳ 03:13:50 — Pulso estable, sin rastro de contratos.
⏳ 03:13:53 — Pulso estable, sin rastro de contratos.
⏳ 03:13:56 — Pulso estable, sin rastro de contratos.
⏳ 03:13:59 — Pulso estable, sin rastro de contratos.
⏳ 03:14:02 — Pulso estable, sin rastro de contratos.
⏳ 03:14:05 — Pulso estable, sin rastro de contratos.
⏳ 03:14:08 — Pulso estable, sin rastro de contratos.
⏳ 03:14:12 — Pulso estable, sin rastro de contratos.
⏳ 03:14:15 — Pulso estable, sin rastro de contratos.
⏳ 03:14:18 — Pulso estable, sin rastro de contratos.
⏳ 03:14:21 — Pulso estable, sin rastro de contratos.
⏳ 03:14:24 — Pulso estable, sin rastro de contratos.
⏳ 03:14:27 — Pulso estable, sin rastro de contratos.
⏳ 03:14:30 — Pulso estable, sin rastro de contratos.
⏳ 03:14:33 — Pulso estable, sin rastro de contratos.
⏳ 03:14:36 — Pulso estable, sin rastro de contratos.
⏳ 03:14:39 — Pulso estable, sin rastro de contratos.
⏳ 03:14:42 — Pulso estable, sin rastro de contratos.
⏳ 03:14:45 — Pulso estable, sin rastro de contratos.
⏳ 03:14:48 — Pulso estable, sin rastro de contratos.
⏳ 03:14:51 — Pulso estable, sin rastro de contratos.
⏳ 03:14:54 — Pulso estable, sin rastro de contratos.
⏳ 03:14:57 — Pulso estable, sin rastro de contratos.
⏳ 03:15:00 — Pulso estable, sin rastro de contratos.
⏳ 03:15:03 — Pulso estable, sin rastro de contratos.
⏳ 03:15:06 — Pulso estable, sin rastro de contratos.
⏳ 03:15:09 — Pulso estable, sin rastro de contratos.
⏳ 03:15:12 — Pulso estable, sin rastro de contratos.
⏳ 03:15:15 — Pulso estable, sin rastro de contratos.
⏳ 03:15:18 — Pulso estable, sin rastro de contratos.
⏳ 03:15:22 — Pulso estable, sin rastro de contratos.
⏳ 03:15:25 — Pulso estable, sin rastro de contratos.
⏳ 03:15:28 — Pulso estable, sin rastro de contratos.
⏳ 03:15:31 — Pulso estable, sin rastro de contratos.
⏳ 03:15:34 — Pulso estable, sin rastro de contratos.
⏳ 03:15:37 — Pulso estable, sin rastro de contratos.
⏳ 03:15:40 — Pulso estable, sin rastro de contratos.
⏳ 03:15:43 — Pulso estable, sin rastro de contratos.
⏳ 03:15:46 — Pulso estable, sin rastro de contratos.
⏳ 03:15:49 — Pulso estable, sin rastro de contratos.
⏳ 03:15:52 — Pulso estable, sin rastro de contratos.
⏳ 03:15:55 — Pulso estable, sin rastro de contratos.
⏳ 03:15:58 — Pulso estable, sin rastro de contratos.
⏳ 03:16:01 — Pulso estable, sin rastro de contratos.
⏳ 03:16:04 — Pulso estable, sin rastro de contratos.
⏳ 03:16:07 — Pulso estable, sin rastro de contratos.
⏳ 03:16:10 — Pulso estable, sin rastro de contratos.
⏳ 03:16:13 — Pulso estable, sin rastro de contratos.
⏳ 03:16:16 — Pulso estable, sin rastro de contratos.
⏳ 03:16:19 — Pulso estable, sin rastro de contratos.
⏳ 03:16:22 — Pulso estable, sin rastro de contratos.
⏳ 03:16:25 — Pulso estable, sin rastro de contratos.
⏳ 03:16:29 — Pulso estable, sin rastro de contratos.
⏳ 03:16:32 — Pulso estable, sin rastro de contratos.
⏳ 03:16:35 — Pulso estable, sin rastro de contratos.
⏳ 03:16:38 — Pulso estable, sin rastro de contratos.
⏳ 03:16:41 — Pulso estable, sin rastro de contratos.
⏳ 03:16:44 — Pulso estable, sin rastro de contratos.
⏳ 03:16:47 — Pulso estable, sin rastro de contratos.
⏳ 03:16:50 — Pulso estable, sin rastro de contratos.
⏳ 03:16:53 — Pulso estable, sin rastro de contratos.
⏳ 03:16:56 — Pulso estable, sin rastro de contratos.
⏳ 03:16:59 — Pulso estable, sin rastro de contratos.
⏳ 03:17:02 — Pulso estable, sin rastro de contratos.
⏳ 03:17:05 — Pulso estable, sin rastro de contratos.
⏳ 03:17:08 — Pulso estable, sin rastro de contratos.
⏳ 03:17:11 — Pulso estable, sin rastro de contratos.
⏳ 03:17:14 — Pulso estable, sin rastro de contratos.
⏳ 03:17:17 — Pulso estable, sin rastro de contratos.
⏳ 03:17:20 — Pulso estable, sin rastro de contratos.
⏳ 03:17:23 — Pulso estable, sin rastro de contratos.
⏳ 03:17:26 — Pulso estable, sin rastro de contratos.
⏳ 03:17:30 — Pulso estable, sin rastro de contratos.
⏳ 03:17:33 — Pulso estable, sin rastro de contratos.
⏳ 03:17:36 — Pulso estable, sin rastro de contratos.
⏳ 03:17:39 — Pulso estable, sin rastro de contratos.
⏳ 03:17:42 — Pulso estable, sin rastro de contratos.
⏳ 03:17:45 — Pulso estable, sin rastro de contratos.
⏳ 03:17:48 — Pulso estable, sin rastro de contratos.
⏳ 03:17:51 — Pulso estable, sin rastro de contratos.
⏳ 03:17:54 — Pulso estable, sin rastro de contratos.
⏳ 03:17:57 — Pulso estable, sin rastro de contratos.
⏳ 03:18:00 — Pulso estable, sin rastro de contratos.
⏳ 03:18:03 — Pulso estable, sin rastro de contratos.
⏳ 03:18:06 — Pulso estable, sin rastro de contratos.
⏳ 03:18:09 — Pulso estable, sin rastro de contratos.
⏳ 03:18:12 — Pulso estable, sin rastro de contratos.
⏳ 03:18:15 — Pulso estable, sin rastro de contratos.
⏳ 03:18:18 — Pulso estable, sin rastro de contratos.
⏳ 03:18:21 — Pulso estable, sin rastro de contratos.
⏳ 03:18:24 — Pulso estable, sin rastro de contratos.
⏳ 03:18:27 — Pulso estable, sin rastro de contratos.
⏳ 03:18:31 — Pulso estable, sin rastro de contratos.
⏳ 03:18:34 — Pulso estable, sin rastro de contratos.
⏳ 03:18:37 — Pulso estable, sin rastro de contratos.
⏳ 03:18:40 — Pulso estable, sin rastro de contratos.
⏳ 03:18:43 — Pulso estable, sin rastro de contratos.
⏳ 03:18:46 — Pulso estable, sin rastro de contratos.
⏳ 03:18:49 — Pulso estable, sin rastro de contratos.
⏳ 03:18:52 — Pulso estable, sin rastro de contratos.
⏳ 03:18:55 — Pulso estable, sin rastro de contratos.
⏳ 03:18:58 — Pulso estable, sin rastro de contratos.
⏳ 03:19:01 — Pulso estable, sin rastro de contratos.
⏳ 03:19:04 — Pulso estable, sin rastro de contratos.
⏳ 03:19:07 — Pulso estable, sin rastro de contratos.
⏳ 03:19:10 — Pulso estable, sin rastro de contratos.
⏳ 03:19:13 — Pulso estable, sin rastro de contratos.
⏳ 03:19:16 — Pulso estable, sin rastro de contratos.
⏳ 03:19:19 — Pulso estable, sin rastro de contratos.
⏳ 03:19:22 — Pulso estable, sin rastro de contratos.
⏳ 03:19:25 — Pulso estable, sin rastro de contratos.
⏳ 03:19:28 — Pulso estable, sin rastro de contratos.
⏳ 03:19:31 — Pulso estable, sin rastro de contratos.
⏳ 03:19:34 — Pulso estable, sin rastro de contratos.
⏳ 03:19:37 — Pulso estable, sin rastro de contratos.
⏳ 03:19:40 — Pulso estable, sin rastro de contratos.
⏳ 03:19:44 — Pulso estable, sin rastro de contratos.
⏳ 03:19:47 — Pulso estable, sin rastro de contratos.
⏳ 03:19:50 — Pulso estable, sin rastro de contratos.
⏳ 03:19:53 — Pulso estable, sin rastro de contratos.
⏳ 03:19:56 — ⚖️ XOXO PORTERO ACTIVO - Nodo El Salvador 🇸🇻
⏳ 03:19:56 — 🐜 XOXO analizando: MISION_CUMPLIDA_LBH.ref.lbh
⏳ 03:19:58 — 🟢 CONTRATO PURIFICADO -> Movido a 'cleared': MISION_CUMPLIDA_LBH.ref.lbh
⏳ 03:20:01 — Pulso estable, sin rastro de contratos.
⏳ 03:20:04 — Pulso estable, sin rastro de contratos.
⏳ 03:20:07 — Pulso estable, sin rastro de contratos.
⏳ 03:20:10 — Pulso estable, sin rastro de contratos.
⏳ 03:20:13 — Pulso estable, sin rastro de contratos.
⏳ 03:20:16 — Pulso estable, sin rastro de contratos.
⏳ 03:20:19 — Pulso estable, sin rastro de contratos.
⏳ 03:20:23 — Pulso estable, sin rastro de contratos.
⏳ 03:20:26 — Pulso estable, sin rastro de contratos.
⏳ 03:20:29 — Pulso estable, sin rastro de contratos.
⏳ 03:20:32 — Pulso estable, sin rastro de contratos.
⏳ 03:20:35 — Pulso estable, sin rastro de contratos.
⏳ 03:20:38 — Pulso estable, sin rastro de contratos.
⏳ 03:20:46 — Pulso estable, sin rastro de contratos.
⏳ 03:20:49 — Pulso estable, sin rastro de contratos.
⏳ 03:20:52 — Pulso estable, sin rastro de contratos.
⏳ 03:20:55 — Pulso estable, sin rastro de contratos.
⏳ 03:20:58 — Pulso estable, sin rastro de contratos.
⏳ 03:21:01 — Pulso estable, sin rastro de contratos.
⏳ 03:21:04 — Pulso estable, sin rastro de contratos.
⏳ 03:21:07 — Pulso estable, sin rastro de contratos.
⏳ 03:21:11 — Pulso estable, sin rastro de contratos.
⏳ 03:21:14 — Pulso estable, sin rastro de contratos.
⏳ 03:21:17 — Pulso estable, sin rastro de contratos.
⏳ 03:21:20 — Pulso estable, sin rastro de contratos.
⏳ 03:21:23 — Pulso estable, sin rastro de contratos.
⏳ 03:21:26 — Pulso estable, sin rastro de contratos.
⏳ 03:21:29 — Pulso estable, sin rastro de contratos.
⏳ 03:21:32 — Pulso estable, sin rastro de contratos.
⏳ 03:21:35 — Pulso estable, sin rastro de contratos.
⏳ 03:21:38 — Pulso estable, sin rastro de contratos.
⏳ 03:21:41 — Pulso estable, sin rastro de contratos.
⏳ 03:21:44 — Pulso estable, sin rastro de contratos.
⏳ 03:21:47 — Pulso estable, sin rastro de contratos.
⏳ 03:21:50 — Pulso estable, sin rastro de contratos.
⏳ 03:21:53 — Pulso estable, sin rastro de contratos.
⏳ 03:21:56 — Pulso estable, sin rastro de contratos.
⏳ 03:21:59 — Pulso estable, sin rastro de contratos.
⏳ 03:22:02 — Pulso estable, sin rastro de contratos.
⏳ 03:22:05 — Pulso estable, sin rastro de contratos.
⏳ 03:22:08 — Pulso estable, sin rastro de contratos.
⏳ 03:22:11 — Pulso estable, sin rastro de contratos.
⏳ 03:22:15 — Pulso estable, sin rastro de contratos.
⏳ 03:22:18 — Pulso estable, sin rastro de contratos.
⏳ 03:22:21 — Pulso estable, sin rastro de contratos.
⏳ 03:22:24 — Pulso estable, sin rastro de contratos.
⏳ 03:22:27 — Pulso estable, sin rastro de contratos.
⏳ 03:22:30 — Pulso estable, sin rastro de contratos.
⏳ 03:22:33 — Pulso estable, sin rastro de contratos.
⏳ 03:22:36 — Pulso estable, sin rastro de contratos.
⏳ 03:22:39 — Pulso estable, sin rastro de contratos.
⏳ 03:22:42 — Pulso estable, sin rastro de contratos.
⏳ 03:22:45 — Pulso estable, sin rastro de contratos.
⏳ 03:22:48 — Pulso estable, sin rastro de contratos.
⏳ 03:22:51 — Pulso estable, sin rastro de contratos.
⏳ 03:22:54 — Pulso estable, sin rastro de contratos.
⏳ 03:22:57 — Pulso estable, sin rastro de contratos.
⏳ 03:23:00 — Pulso estable, sin rastro de contratos.
⏳ 03:23:03 — Pulso estable, sin rastro de contratos.
⏳ 03:23:06 — Pulso estable, sin rastro de contratos.
⏳ 03:23:09 — Pulso estable, sin rastro de contratos.
⏳ 03:23:12 — Pulso estable, sin rastro de contratos.
⏳ 03:23:16 — Pulso estable, sin rastro de contratos.
⏳ 03:23:19 — Pulso estable, sin rastro de contratos.
⏳ 03:23:22 — Pulso estable, sin rastro de contratos.
⏳ 03:23:25 — Pulso estable, sin rastro de contratos.
⏳ 03:23:28 — Pulso estable, sin rastro de contratos.
⏳ 03:23:31 — Pulso estable, sin rastro de contratos.
⏳ 03:23:34 — Pulso estable, sin rastro de contratos.
⏳ 03:23:37 — Pulso estable, sin rastro de contratos.
⏳ 03:23:40 — Pulso estable, sin rastro de contratos.
⏳ 03:23:43 — Pulso estable, sin rastro de contratos.
⏳ 03:23:46 — Pulso estable, sin rastro de contratos.
⏳ 03:23:49 — Pulso estable, sin rastro de contratos.
⏳ 03:23:52 — Pulso estable, sin rastro de contratos.
⏳ 03:23:55 — Pulso estable, sin rastro de contratos.
⏳ 03:23:58 — Pulso estable, sin rastro de contratos.
⏳ 03:24:01 — Pulso estable, sin rastro de contratos.
⏳ 03:24:04 — Pulso estable, sin rastro de contratos.
⏳ 03:24:07 — Pulso estable, sin rastro de contratos.
⏳ 03:24:10 — Pulso estable, sin rastro de contratos.
⏳ 03:24:13 — Pulso estable, sin rastro de contratos.
⏳ 03:24:17 — Pulso estable, sin rastro de contratos.
⏳ 03:24:20 — Pulso estable, sin rastro de contratos.
⏳ 03:24:23 — Pulso estable, sin rastro de contratos.
⏳ 03:24:26 — Pulso estable, sin rastro de contratos.
⏳ 03:24:29 — Pulso estable, sin rastro de contratos.
⏳ 03:24:32 — Pulso estable, sin rastro de contratos.
⏳ 03:24:35 — Pulso estable, sin rastro de contratos.
⏳ 03:24:38 — Pulso estable, sin rastro de contratos.
⏳ 03:24:41 — Pulso estable, sin rastro de contratos.
⏳ 03:24:44 — Pulso estable, sin rastro de contratos.
⏳ 03:24:47 — Pulso estable, sin rastro de contratos.
⏳ 03:24:50 — Pulso estable, sin rastro de contratos.
⏳ 03:24:53 — Pulso estable, sin rastro de contratos.
⏳ 03:24:56 — Pulso estable, sin rastro de contratos.
⏳ 03:24:59 — Pulso estable, sin rastro de contratos.
⏳ 03:25:02 — Pulso estable, sin rastro de contratos.
⏳ 03:25:05 — Pulso estable, sin rastro de contratos.
⏳ 03:25:08 — Pulso estable, sin rastro de contratos.
⏳ 03:25:11 — Pulso estable, sin rastro de contratos.
⏳ 03:25:14 — Pulso estable, sin rastro de contratos.
⏳ 03:25:17 — Pulso estable, sin rastro de contratos.
⏳ 03:25:21 — Pulso estable, sin rastro de contratos.
⏳ 03:25:24 — Pulso estable, sin rastro de contratos.
⏳ 03:25:27 — Pulso estable, sin rastro de contratos.
⏳ 03:25:30 — Pulso estable, sin rastro de contratos.
⏳ 03:25:33 — Pulso estable, sin rastro de contratos.
⏳ 03:25:36 — Pulso estable, sin rastro de contratos.
⏳ 03:25:39 — Pulso estable, sin rastro de contratos.
⏳ 03:25:42 — Pulso estable, sin rastro de contratos.
⏳ 03:25:45 — Pulso estable, sin rastro de contratos.
⏳ 03:25:48 — Pulso estable, sin rastro de contratos.
⏳ 03:25:51 — Pulso estable, sin rastro de contratos.
⏳ 03:25:54 — Pulso estable, sin rastro de contratos.
⏳ 03:25:57 — Pulso estable, sin rastro de contratos.
⏳ 03:26:00 — Pulso estable, sin rastro de contratos.
⏳ 03:26:03 — Pulso estable, sin rastro de contratos.
⏳ 03:26:06 — Pulso estable, sin rastro de contratos.
⏳ 03:26:09 — Pulso estable, sin rastro de contratos.
⏳ 03:26:12 — Pulso estable, sin rastro de contratos.
⏳ 03:26:15 — Pulso estable, sin rastro de contratos.
⏳ 03:26:18 — Pulso estable, sin rastro de contratos.
⏳ 03:26:21 — Pulso estable, sin rastro de contratos.
⏳ 03:26:24 — Pulso estable, sin rastro de contratos.
⏳ 03:26:28 — Pulso estable, sin rastro de contratos.
⏳ 03:26:31 — Pulso estable, sin rastro de contratos.
⏳ 03:26:34 — Pulso estable, sin rastro de contratos.
⏳ 03:26:37 — Pulso estable, sin rastro de contratos.
⏳ 03:26:40 — Pulso estable, sin rastro de contratos.
⏳ 03:26:43 — Pulso estable, sin rastro de contratos.
⏳ 03:26:46 — Pulso estable, sin rastro de contratos.
⏳ 03:26:49 — Pulso estable, sin rastro de contratos.
⏳ 03:26:52 — Pulso estable, sin rastro de contratos.
⏳ 03:26:55 — Pulso estable, sin rastro de contratos.
⏳ 03:26:58 — Pulso estable, sin rastro de contratos.
⏳ 03:27:01 — Pulso estable, sin rastro de contratos.
⏳ 03:27:04 — Pulso estable, sin rastro de contratos.
⏳ 03:27:07 — Pulso estable, sin rastro de contratos.
⏳ 03:27:10 — Pulso estable, sin rastro de contratos.
⏳ 03:27:13 — Pulso estable, sin rastro de contratos.
⏳ 03:27:16 — Pulso estable, sin rastro de contratos.
⏳ 03:27:19 — Pulso estable, sin rastro de contratos.
⏳ 03:27:22 — Pulso estable, sin rastro de contratos.
⏳ 03:27:25 — Pulso estable, sin rastro de contratos.
⏳ 03:27:28 — Pulso estable, sin rastro de contratos.
⏳ 03:27:32 — Pulso estable, sin rastro de contratos.
⏳ 03:27:35 — Pulso estable, sin rastro de contratos.
⏳ 03:27:38 — Pulso estable, sin rastro de contratos.
⏳ 03:27:41 — Pulso estable, sin rastro de contratos.
⏳ 03:27:44 — Pulso estable, sin rastro de contratos.
⏳ 03:27:47 — Pulso estable, sin rastro de contratos.
⏳ 03:27:50 — Pulso estable, sin rastro de contratos.
⏳ 03:27:53 — Pulso estable, sin rastro de contratos.
⏳ 03:27:56 — Pulso estable, sin rastro de contratos.
⏳ 03:27:59 — Pulso estable, sin rastro de contratos.
⏳ 03:28:02 — Pulso estable, sin rastro de contratos.
⏳ 03:28:05 — Pulso estable, sin rastro de contratos.
⏳ 03:28:08 — Pulso estable, sin rastro de contratos.
⏳ 03:28:11 — Pulso estable, sin rastro de contratos.
⏳ 03:28:14 — Pulso estable, sin rastro de contratos.
⏳ 03:28:17 — Pulso estable, sin rastro de contratos.
⏳ 03:28:20 — Pulso estable, sin rastro de contratos.
⏳ 03:28:23 — Pulso estable, sin rastro de contratos.
⏳ 03:28:26 — Pulso estable, sin rastro de contratos.
⏳ 03:28:29 — Pulso estable, sin rastro de contratos.
⏳ 03:28:32 — Pulso estable, sin rastro de contratos.
⏳ 03:28:35 — Pulso estable, sin rastro de contratos.
⏳ 03:28:39 — Pulso estable, sin rastro de contratos.
⏳ 03:28:42 — Pulso estable, sin rastro de contratos.
⏳ 03:28:45 — Pulso estable, sin rastro de contratos.
⏳ 03:28:48 — Pulso estable, sin rastro de contratos.
⏳ 03:28:51 — Pulso estable, sin rastro de contratos.
⏳ 03:28:54 — Pulso estable, sin rastro de contratos.
⏳ 03:28:57 — Pulso estable, sin rastro de contratos.
⏳ 03:29:00 — Pulso estable, sin rastro de contratos.
⏳ 03:29:03 — Pulso estable, sin rastro de contratos.
⏳ 03:29:06 — Pulso estable, sin rastro de contratos.
⏳ 03:29:09 — Pulso estable, sin rastro de contratos.
⏳ 03:29:12 — Pulso estable, sin rastro de contratos.
⏳ 03:29:15 — Pulso estable, sin rastro de contratos.
⏳ 03:29:18 — Pulso estable, sin rastro de contratos.
⏳ 03:29:21 — Pulso estable, sin rastro de contratos.
⏳ 03:29:24 — Pulso estable, sin rastro de contratos.
⏳ 03:29:27 — Pulso estable, sin rastro de contratos.
⏳ 03:29:30 — Pulso estable, sin rastro de contratos.
⏳ 03:29:33 — Pulso estable, sin rastro de contratos.
⏳ 03:29:36 — Pulso estable, sin rastro de contratos.
⏳ 03:29:39 — Pulso estable, sin rastro de contratos.
⏳ 03:29:43 — Pulso estable, sin rastro de contratos.
⏳ 03:29:46 — Pulso estable, sin rastro de contratos.
⏳ 03:29:49 — Pulso estable, sin rastro de contratos.
⏳ 03:29:52 — Pulso estable, sin rastro de contratos.
⏳ 03:29:55 — Pulso estable, sin rastro de contratos.
⏳ 03:29:58 — Pulso estable, sin rastro de contratos.
⏳ 03:30:01 — Pulso estable, sin rastro de contratos.
⏳ 03:30:04 — Pulso estable, sin rastro de contratos.
⏳ 03:30:07 — Pulso estable, sin rastro de contratos.
⏳ 03:30:10 — Pulso estable, sin rastro de contratos.
⏳ 03:30:13 — Pulso estable, sin rastro de contratos.
⏳ 03:30:16 — Pulso est