ratos.
⏳ 02:34:11 — Pulso estable, sin rastro de contratos.
⏳ 02:34:13 — Pulso estable, sin rastro de contratos.
⏳ 02:34:14 — Pulso estable, sin rastro de contratos.
⏳ 02:34:16 — Pulso estable, sin rastro de contratos.
⏳ 02:34:17 — Pulso estable, sin rastro de contratos.
⏳ 02:34:19 — Pulso estable, sin rastro de contratos.
⏳ 02:34:20 — Pulso estable, sin rastro de contratos.
⏳ 02:34:22 — Pulso estable, sin rastro de contratos.
⏳ 02:34:23 — Pulso estable, sin rastro de contratos.
⏳ 02:34:25 — Pulso estable, sin rastro de contratos.
⏳ 02:34:26 — Pulso estable, sin rastro de contratos.
⏳ 02:34:28 — Pulso estable, sin rastro de contratos.
⏳ 02:34:29 — Pulso estable, sin rastro de contratos.
⏳ 02:34:31 — Pulso estable, sin rastro de contratos.
⏳ 02:34:32 — Pulso estable, sin rastro de contratos.
⏳ 02:34:34 — Pulso estable, sin rastro de contratos.
⏳ 02:34:35 — Pulso estable, sin rastro de contratos.
⏳ 02:34:37 — Pulso estable, sin rastro de contratos.
⏳ 02:34:38 — Pulso estable, sin rastro de contratos.
⏳ 02:34:40 — Pulso estable, sin rastro de contratos.
⏳ 02:34:41 — Pulso estable, sin rastro de contratos.
⏳ 02:34:44 — Pulso estable, sin rastro de contratos.
⏳ 02:34:44 — Pulso estable, sin rastro de contratos.
⏳ 02:34:47 — Pulso estable, sin rastro de contratos.
⏳ 02:34:47 — Pulso estable, sin rastro de contratos.
⏳ 02:34:50 — 🐜 XOXO analizando: MISION_CUMPLIDA_LBH.ref.lbh
⏳ 02:34:50 — 🐜 XOXO analizando: MISION_CUMPLIDA_LBH.ref.lbh
⏳ 02:34:52 — 🟢 CONTRATO PURIFICADO -> Movido a 'cleared': MISION_CUMPLIDA_LBH.ref.lbh
⏳ 02:34:52 — 📡 [XOXO] BLOQUEO Y NEUTRALIZACIÓN | MISION_CUMPLIDA_LBH.ref.lbh | Motivo: ORIGEN_NO_SOBERANO
⏳ 02:34:55 — Pulso estable, sin rastro de contratos.
⏳ 02:34:55 — Pulso estable, sin rastro de contratos.
⏳ 02:34:58 — Pulso estable, sin rastro de contratos.
⏳ 02:34:58 — Pulso estable, sin rastro de contratos.
⏳ 02:35:01 — Pulso estable, sin rastro de contratos.
⏳ 02:35:01 — Pulso estable, sin rastro de contratos.
⏳ 02:35:04 — Pulso estable, sin rastro de contratos.
⏳ 02:35:04 — Pulso estable, sin rastro de contratos.
⏳ 02:35:07 — Pulso estable, sin rastro de contratos.
⏳ 02:35:08 — Pulso estable, sin rastro de contratos.
⏳ 02:35:10 — Pulso estable, sin rastro de contratos.
⏳ 02:35:11 — Pulso estable, sin rastro de contratos.
⏳ 02:35:13 — Pulso estable, sin rastro de contratos.
⏳ 02:35:14 — Pulso estable, sin rastro de contratos.
⏳ 02:35:16 — Pulso estable, sin rastro de contratos.
⏳ 02:35:17 — Pulso estable, sin rastro de contratos.
⏳ 02:35:19 — Pulso estable, sin rastro de contratos.
⏳ 02:35:20 — Pulso estable, sin rastro de contratos.
⏳ 02:35:22 — Pulso estable, sin rastro de contratos.
⏳ 02:35:23 — Pulso estable, sin rastro de contratos.
⏳ 02:35:25 — Pulso estable, sin rastro de contratos.
⏳ 02:35:26 — Pulso estable, sin rastro de contratos.
⏳ 02:35:28 — Pulso estable, sin rastro de contratos.
⏳ 02:35:29 — Pulso estable, sin rastro de contratos.
⏳ 02:35:31 — Pulso estable, sin rastro de contratos.
⏳ 02:35:32 — Pulso estable, sin rastro de contratos.
⏳ 02:35:34 — Pulso estable, sin rastro de contratos.
⏳ 02:35:35 — Pulso estable, sin rastro de contratos.
⏳ 02:35:37 — Pulso estable, sin rastro de contratos.
⏳ 02:35:38 — Pulso estable, sin rastro de contratos.
⏳ 02:35:41 — Pulso estable, sin rastro de contratos.
⏳ 02:35:41 — Pulso estable, sin rastro de contratos.
⏳ 02:35:44 — Pulso estable, sin rastro de contratos.
⏳ 02:35:44 — Pulso estable, sin rastro de contratos.
⏳ 02:35:47 — Pulso estable, sin rastro de contratos.
⏳ 02:35:47 — Pulso estable, sin rastro de contratos.
⏳ 02:35:50 — Pulso estable, sin rastro de contratos.
⏳ 02:35:50 — Pulso estable, sin rastro de contratos.
⏳ 02:35:53 — Pulso estable, sin rastro de contratos.
⏳ 02:35:53 — Pulso estable, sin rastro de contratos.
⏳ 02:35:56 — Pulso estable, sin rastro de contratos.
⏳ 02:35:56 — Pulso estable, sin rastro de contratos.
⏳ 02:35:59 — Pulso estable, sin rastro de contratos.
⏳ 02:35:59 — Pulso estable, sin rastro de contratos.
⏳ 02:36:02 — Pulso estable, sin rastro de contratos.
⏳ 02:36:02 — Pulso estable, sin rastro de contratos.
⏳ 02:36:05 — Pulso estable, sin rastro de contratos.
⏳ 02:36:05 — Pulso estable, sin rastro de contratos.
⏳ 02:36:08 — Pulso estable, sin rastro de contratos.
⏳ 02:36:09 — Pulso estable, sin rastro de contratos.
⏳ 02:36:11 — Pulso estable, sin rastro de contratos.
⏳ 02:36:12 — Pulso estable, sin rastro de contratos.
⏳ 02:36:14 — Pulso estable, sin rastro de contratos.
⏳ 02:36:15 — Pulso estable, sin rastro de contratos.
⏳ 02:36:17 — Pulso estable, sin rastro de contratos.
⏳ 02:36:18 — Pulso estable, sin rastro de contratos.
⏳ 02:36:20 — Pulso estable, sin rastro de contratos.
⏳ 02:36:21 — Pulso estable, sin rastro de contratos.
⏳ 02:36:23 — Pulso estable, sin rastro de contratos.
⏳ 02:36:24 — Pulso estable, sin rastro de contratos.
⏳ 02:36:26 — Pulso estable, sin rastro de contratos.
⏳ 02:36:27 — Pulso estable, sin rastro de contratos.
⏳ 02:36:29 — Pulso estable, sin rastro de contratos.
⏳ 02:36:30 — Pulso estable, sin rastro de contratos.
⏳ 02:36:32 — Pulso estable, sin rastro de contratos.
⏳ 02:36:33 — Pulso estable, sin rastro de contratos.
⏳ 02:36:35 — Pulso estable, sin rastro de contratos.
⏳ 02:36:36 — Pulso estable, sin rastro de contratos.
⏳ 02:36:38 — Pulso estable, sin rastro de contratos.
⏳ 02:36:39 — Pulso estable, sin rastro de contratos.
⏳ 02:36:42 — Pulso estable, sin rastro de contratos.
⏳ 02:36:42 — Pulso estable, sin rastro de contratos.
⏳ 02:36:45 — Pulso estable, sin rastro de contratos.
⏳ 02:36:45 — Pulso estable, sin rastro de contratos.
⏳ 02:36:48 — Pulso estable, sin rastro de contratos.
⏳ 02:36:48 — Pulso estable, sin rastro de contratos.
⏳ 02:36:51 — Pulso estable, sin rastro de contratos.
⏳ 02:36:51 — Pulso estable, sin rastro de contratos.
⏳ 02:36:54 — Pulso estable, sin rastro de contratos.
⏳ 02:36:54 — Pulso estable, sin rastro de contratos.
⏳ 02:36:57 — Pulso estable, sin rastro de contratos.
⏳ 02:36:57 — Pulso estable, sin rastro de contratos.
⏳ 02:37:00 — Pulso estable, sin rastro de contratos.
⏳ 02:37:00 — Pulso estable, sin rastro de contratos.
⏳ 02:37:03 — Pulso estable, sin rastro de contratos.
⏳ 02:37:03 — Pulso estable, sin rastro de contratos.
⏳ 02:37:06 — Pulso estable, sin rastro de contratos.
⏳ 02:37:06 — Pulso estable, sin rastro de contratos.
⏳ 02:37:09 — Pulso estable, sin rastro de contratos.
⏳ 02:37:09 — Pulso estable, sin rastro de contratos.
⏳ 02:37:12 — Pulso estable, sin rastro de contratos.
⏳ 02:37:13 — Pulso estable, sin rastro de contratos.
⏳ 02:37:15 — Pulso estable, sin rastro de contratos.
⏳ 02:37:16 — Pulso estable, sin rastro de contratos.
⏳ 02:37:18 — Pulso estable, sin rastro de contratos.
⏳ 02:37:19 — Pulso estable, sin rastro de contratos.
⏳ 02:37:21 — Pulso estable, sin rastro de contratos.
⏳ 02:37:22 — Pulso estable, sin rastro de contratos.
⏳ 02:37:24 — Pulso estable, sin rastro de contratos.
⏳ 02:37:25 — Pulso estable, sin rastro de contratos.
⏳ 02:37:27 — Pulso estable, sin rastro de contratos.
⏳ 02:37:28 — Pulso estable, sin rastro de contratos.
⏳ 02:37:30 — Pulso estable, sin rastro de contratos.
⏳ 02:37:31 — Pulso estable, sin rastro de contratos.
⏳ 02:37:33 — Pulso estable, sin rastro de contratos.
⏳ 02:37:34 — Pulso estable, sin rastro de contratos.
⏳ 02:37:36 — Pulso estable, sin rastro de contratos.
⏳ 02:37:37 — Pulso estable, sin rastro de contratos.
⏳ 02:37:39 — Pulso estable, sin rastro de contratos.
⏳ 02:37:40 — Pulso estable, sin rastro de contratos.
⏳ 02:37:42 — Pulso estable, sin rastro de contratos.
⏳ 02:37:43 — Pulso estable, sin rastro de contratos.
⏳ 02:37:46 — Pulso estable, sin rastro de contratos.
⏳ 02:37:46 — Pulso estable, sin rastro de contratos.
⏳ 02:37:49 — Pulso estable, sin rastro de contratos.
⏳ 02:37:49 — Pulso estable, sin rastro de contratos.
⏳ 02:37:52 — Pulso estable, sin rastro de contratos.
⏳ 02:37:52 — Pulso estable, sin rastro de contratos.
⏳ 02:37:55 — Pulso estable, sin rastro de contratos.
⏳ 02:37:55 — Pulso estable, sin rastro de contratos.
⏳ 02:37:58 — Pulso estable, sin rastro de contratos.
⏳ 02:37:58 — Pulso estable, sin rastro de contratos.
⏳ 02:38:01 — Pulso estable, sin rastro de contratos.
⏳ 02:38:01 — Pulso estable, sin rastro de contratos.
⏳ 02:38:04 — Pulso estable, sin rastro de contratos.
⏳ 02:38:04 — Pulso estable, sin rastro de contratos.
⏳ 02:38:07 — Pulso estable, sin rastro de contratos.
⏳ 02:38:07 — Pulso estable, sin rastro de contratos.
⏳ 02:38:10 — Pulso estable, sin rastro de contratos.
⏳ 02:38:10 — Pulso estable, sin rastro de contratos.
⏳ 02:38:13 — Pulso estable, sin rastro de contratos.
⏳ 02:38:14 — Pulso estable, sin rastro de contratos.
⏳ 02:38:16 — Pulso estable, sin rastro de contratos.
⏳ 02:38:17 — Pulso estable, sin rastro de contratos.
⏳ 02:38:19 — Pulso estable, sin rastro de contratos.
⏳ 02:38:20 — Pulso estable, sin rastro de contratos.
⏳ 02:38:22 — Pulso estable, sin rastro de contratos.
⏳ 02:38:23 — Pulso estable, sin rastro de contratos.
⏳ 02:38:25 — Pulso estable, sin rastro de contratos.
⏳ 02:38:26 — Pulso estable, sin rastro de contratos.
⏳ 02:38:28 — Pulso estable, sin rastro de contratos.
⏳ 02:38:29 — Pulso estable, sin rastro de contratos.
⏳ 02:38:31 — Pulso estable, sin rastro de contratos.
⏳ 02:38:32 — Pulso estable, sin rastro de contratos.
⏳ 02:38:34 — Pulso estable, sin rastro de contratos.
⏳ 02:38:35 — Pulso estable, sin rastro de contratos.
⏳ 02:38:37 — Pulso estable, sin rastro de contratos.
⏳ 02:38:38 — Pulso estable, sin rastro de contratos.
⏳ 02:38:40 — Pulso estable, sin rastro de contratos.
⏳ 02:38:41 — Pulso estable, sin rastro de contratos.
⏳ 02:38:43 — Pulso estable, sin rastro de contratos.
⏳ 02:38:44 — Pulso estable, sin rastro de contratos.
⏳ 02:38:46 — Pulso estable, sin rastro de contratos.
⏳ 02:38:47 — Pulso estable, sin rastro de contratos.
⏳ 02:38:50 — Pulso estable, sin rastro de contratos.
⏳ 02:38:50 — Pulso estable, sin rastro de contratos.
⏳ 02:38:53 — Pulso estable, sin rastro de contratos.
⏳ 02:38:53 — Pulso estable, sin rastro de contratos.
⏳ 02:38:56 — Pulso estable, sin rastro de contratos.
⏳ 02:38:56 — Pulso estable, sin rastro de contratos.
⏳ 02:38:59 — Pulso estable, sin rastro de contratos.
⏳ 02:38:59 — Pulso estable, sin rastro de contratos.
⏳ 02:39:02 — Pulso estable, sin rastro de contratos.
⏳ 02:39:02 — Pulso estable, sin rastro de contratos.
⏳ 02:39:05 — Pulso estable, sin rastro de contratos.
⏳ 02:39:05 — Pulso estable, sin rastro de contratos.
⏳ 02:39:08 — Pulso estable, sin rastro de contratos.
⏳ 02:39:08 — Pulso estable, sin rastro de contratos.
⏳ 02:39:11 — Pulso estable, sin rastro de contratos.
⏳ 02:39:11 — Pulso estable, sin rastro de contratos.
⏳ 02:39:14 — Pulso estable, sin rastro de contratos.
⏳ 02:39:15 — Pulso estable, sin rastro de contratos.
⏳ 02:39:17 — Pulso estable, sin rastro de contratos.
⏳ 02:39:18 — Pulso estable, sin rastro de contratos.
⏳ 02:39:20 — Pulso estable, sin rastro de contratos.
⏳ 02:39:21 — Pulso estable, sin rastro de contratos.
⏳ 02:39:23 — Pulso estable, sin rastro de contratos.
⏳ 02:39:24 — Pulso estable, sin rastro de contratos.
⏳ 02:39:26 — Pulso estable, sin rastro de contratos.
⏳ 02:39:27 — Pulso estable, sin rastro de contratos.
⏳ 02:39:29 — Pulso estable, sin rastro de contratos.
⏳ 02:39:30 — Pulso estable, sin rastro de contratos.
⏳ 02:39:32 — Pulso estable, sin rastro de contratos.
⏳ 02:39:33 — Pulso estable, sin rastro de contratos.
⏳ 02:39:35 — Pulso estable, sin rastro de contratos.
⏳ 02:39:36 — Pulso estable, sin rastro de contratos.
⏳ 02:39:38 — Pulso estable, sin rastro de contratos.
⏳ 02:39:39 — Pulso estable, sin rastro de contratos.
⏳ 02:39:41 — Pulso estable, sin rastro de contratos.
⏳ 02:39:42 — Pulso estable, sin rastro de contratos.
⏳ 02:39:44 — Pulso estable, sin rastro de contratos.
⏳ 02:39:45 — Pulso estable, sin rastro de contratos.
⏳ 02:39:47 — Pulso estable, sin rastro de contratos.
⏳ 02:39:48 — Pulso estable, sin rastro de contratos.
⏳ 02:39:50 — Pulso estable, sin rastro de contratos.
⏳ 02:39:51 — Pulso estable, sin rastro de contratos.
⏳ 02:39:54 — Pulso estable, sin rastro de contratos.
⏳ 02:39:54 — Pulso estable, sin rastro de contratos.
⏳ 02:39:57 — Pulso estable, sin rastro de contratos.
⏳ 02:39:57 — Pulso estable, sin rastro de contratos.
⏳ 02:40:00 — Pulso estable, sin rastro de contratos.
⏳ 02:40:00 — Pulso estable, sin rastro de contratos.
⏳ 02:40:03 — Pulso estable, sin rastro de contratos.
⏳ 02:40:03 — Pulso estable, sin rastro de contratos.
⏳ 02:40:06 — Pulso estable, sin rastro de contratos.
⏳ 02:40:06 — Pulso estable, sin rastro de contratos.
⏳ 02:40:09 — Pulso estable, sin rastro de contratos.
⏳ 02:40:09 — Pulso estable, sin rastro de contratos.
⏳ 02:40:12 — Pulso estable, sin rastro de contratos.
⏳ 02:40:12 — Pulso estable, sin rastro de contratos.
⏳ 02:40:15 — Pulso estable, sin rastro de contratos.
⏳ 02:40:16 — Pulso estable, sin rastro de contratos.
⏳ 02:40:18 — Pulso estable, sin rastro de contratos.
⏳ 02:40:19 — Pulso estable, sin rastro de contratos.
⏳ 02:40:21 — Pulso estable, sin rastro de contratos.
⏳ 02:40:22 — Pulso estable, sin rastro de contratos.
⏳ 02:40:24 — Pulso estable, sin rastro de contratos.
⏳ 02:40:25 — Pulso estable, sin rastro de contratos.
⏳ 02:40:27 — Pulso estable, sin rastro de contratos.
⏳ 02:40:28 — Pulso estable, sin rastro de contratos.
⏳ 02:40:30 — Pulso estable, sin rastro de contratos.
⏳ 02:40:31 — Pulso estable, sin rastro de contratos.
⏳ 02:40:33 — Pulso estable, sin rastro de contratos.
⏳ 02:40:34 — Pulso estable, sin rastro de contratos.
⏳ 02:40:36 — Pulso estable, sin rastro de contratos.
⏳ 02:40:37 — Pulso estable, sin rastro de contratos.
⏳ 02:40:39 — Pulso estable, sin rastro de contratos.
⏳ 02:40:40 — Pulso estable, sin rastro de contratos.
⏳ 02:40:42 — Pulso estable, sin rastro de contratos.
⏳ 02:40:43 — Pulso estable, sin rastro de contratos.
⏳ 02:40:45 — Pulso estable, sin rastro de contratos.
⏳ 02:40:46 — Pulso estable, sin rastro de contratos.
⏳ 02:40:48 — Pulso estable, sin rastro de contratos.
⏳ 02:40:49 — Pulso estable, sin rastro de contratos.
⏳ 02:40:51 — Pulso estable, sin rastro de contratos.
⏳ 02:40:52 — Pulso estable, sin rastro de contratos.
⏳ 02:40:54 — Pulso estable, sin rastro de contratos.
⏳ 02:40:55 — Pulso estable, sin rastro de contratos.
⏳ 02:40:57 — Pulso estable, sin rastro de contratos.
⏳ 02:40:58 — Pulso estable, sin rastro de contratos.
⏳ 02:41:00 — Pulso estable, sin rastro de contratos.
⏳ 02:41:01 — Pulso estable, sin rastro de contratos.
⏳ 02:41:04 — Pulso estable, sin rastro de contratos.
⏳ 02:41:04 — Pulso estable, sin rastro de contratos.
⏳ 02:41:07 — Pulso estable, sin rastro de contratos.
⏳ 02:41:07 — Pulso estable, sin rastro de contratos.
⏳ 02:41:10 — Pulso estable, sin rastro de contratos.
⏳ 02:41:10 — Pulso estable, sin rastro de contratos.
⏳ 02:41:13 — Pulso estable, sin rastro de contratos.
⏳ 02:41:13 — Pulso estable, sin rastro de contratos.
⏳ 02:41:16 — Pulso estable, sin rastro de contratos.
⏳ 02:41:16 — Pulso estable, sin rastro de contratos.
⏳ 02:41:19 — Pulso estable, sin rastro de contratos.
⏳ 02:41:19 — Pulso estable, sin rastro de contratos.
⏳ 02:41:22 — Pulso estable, sin rastro de contratos.
⏳ 02:41:22 — Pulso estable, sin rastro de contratos.
⏳ 02:41:25 — 🐜 XOXO analizando: MISION_CUMPLIDA_LBH.ref.lbh
⏳ 02:41:26 — 🐜 XOXO analizando: MISION_CUMPLIDA_LBH.ref.lbh
⏳ 02:41:27 — 🟢 CONTRATO PURIFICADO -> Movido a 'cleared': MISION_CUMPLIDA_LBH.ref.lbh
⏳ 02:41:28 — 📡 [XOXO] BLOQUEO Y NEUTRALIZACIÓN | MISION_CUMPLIDA_LBH.ref.lbh | Motivo: ORIGEN_NO_SOBERANO
⏳ 02:41:30 — Pulso estable, sin rastro de contratos.
⏳ 02:41:31 — Pulso estable, sin rastro de contratos.
⏳ 02:41:33 — Pulso estable, sin rastro de contratos.
⏳ 02:41:34 — Pulso estable, sin rastro de contratos.
⏳ 02:41:36 — Pulso estable, sin rastro de contratos.
⏳ 02:41:37 — Pulso estable, sin rastro de contratos.
⏳ 02:41:39 — Pulso estable, sin rastro de contratos.
⏳ 02:41:40 — Pulso estable, sin rastro de contratos.
⏳ 02:41:42 — Pulso estable, sin rastro de contratos.
⏳ 02:41:43 — Pulso estable, sin rastro de contratos.
⏳ 02:41:45 — Pulso estable, sin rastro de contratos.
⏳ 02:41:46 — Pulso estable, sin rastro de contratos.
⏳ 02:41:48 — Pulso estable, sin rastro de contratos.
⏳ 02:41:49 — Pulso estable, sin rastro de contratos.
⏳ 02:41:51 — Pulso estable, sin rastro de contratos.
⏳ 02:41:52 — Pulso estable, sin rastro de contratos.
⏳ 02:41:55 — Pulso estable, sin rastro de contratos.
⏳ 02:41:55 — Pulso estable, sin rastro de contratos.
⏳ 02:41:58 — Pulso estable, sin rastro de contratos.
⏳ 02:41:58 — Pulso estable, sin rastro de contratos.
⏳ 02:42:01 — Pulso estable, sin rastro de contratos.
⏳ 02:42:01 — Pulso estable, sin rastro de contratos.
⏳ 02:42:04 — Pulso estable, sin rastro de contratos.
⏳ 02:42:04 — Pulso estable, sin rastro de contratos.
⏳ 02:42:07 — Pulso estable, sin rastro de contratos.
⏳ 02:42:07 — Pulso estable, sin rastro de contratos.
⏳ 02:42:10 — Pulso estable, sin rastro de contratos.
⏳ 02:42:10 — Pulso estable, sin rastro de contratos.
⏳ 02:42:13 — Pulso estable, sin rastro de contratos.
⏳ 02:42:14 — Pulso estable, sin rastro de contratos.
⏳ 02:42:16 — Pulso estable, sin rastro de contratos.
⏳ 02:42:17 — Pulso estable, sin rastro de contratos.
⏳ 02:42:19 — Pulso estable, sin rastro de contratos.
⏳ 02:42:20 — Pulso estable, sin rastro de contratos.
⏳ 02:42:22 — Pulso estable, sin rastro de contratos.
⏳ 02:42:23 — Pulso estable, sin rastro de contratos.
⏳ 02:42:25 — Pulso estable, sin rastro de contratos.
⏳ 02:42:26 — Pulso estable, sin rastro de contratos.
⏳ 02:42:28 — Pulso estable, sin rastro de contratos.
⏳ 02:42:29 — Pulso estable, sin rastro de contratos.
⏳ 02:42:31 — Pulso estable, sin rastro de contratos.
⏳ 02:42:32 — Pulso estable, sin rastro de contratos.
⏳ 02:42:34 — Pulso estable, sin rastro de contratos.
⏳ 02:42:35 — Pulso estable, sin rastro de contratos.
⏳ 02:42:37 — Pulso estable, sin rastro de contratos.
⏳ 02:42:38 — Pulso estable, sin rastro de contratos.
⏳ 02:42:40 — Pulso estable, sin rastro de contratos.
⏳ 02:42:41 — Pulso estable, sin rastro de contratos.
⏳ 02:42:43 — Pulso estable, sin rastro de contratos.
⏳ 02:42:44 — Pulso estable, sin rastro de contratos.
⏳ 02:42:46 — Pulso estable, sin rastro de contratos.
⏳ 02:42:47 — Pulso estable, sin rastro de contratos.
⏳ 02:42:49 — Pulso estable, sin rastro de contratos.
⏳ 02:42:50 — Pulso estable, sin rastro de contratos.
⏳ 02:42:52 — Pulso estable, sin rastro de contratos.
⏳ 02:42:53 — Pulso estable, sin rastro de contratos.
⏳ 02:42:56 — Pulso estable, sin rastro de contratos.
⏳ 02:42:56 — Pulso estable, sin rastro de contratos.
⏳ 02:42:59 — Pulso estable, sin rastro de contratos.
⏳ 02:42:59 — Pulso estable, sin rastro de contratos.
⏳ 02:43:02 — Pulso estable, sin rastro de contratos.
⏳ 02:43:02 — Pulso estable, sin rastro de contratos.
⏳ 02:43:05 — Pulso estable, sin rastro de contratos.
⏳ 02:43:05 — Pulso estable, sin rastro de contratos.
⏳ 02:43:08 — Pulso estable, sin rastro de contratos.
⏳ 02:43:08 — Pulso estable, sin rastro de contratos.
⏳ 02:43:11 — Pulso estable, sin rastro de contratos.
⏳ 02:43:11 — Pulso estable, sin rastro de contratos.
⏳ 02:43:14 — Pulso estable, sin rastro de contratos.
⏳ 02:43:14 — Pulso estable, sin rastro de contratos.
⏳ 02:43:17 — Pulso estable, sin rastro de contratos.
⏳ 02:43:18 — Pulso estable, sin rastro de contratos.
⏳ 02:43:20 — Pulso estable, sin rastro de contratos.
⏳ 02:43:21 — Pulso estable, sin rastro de contratos.
⏳ 02:43:23 — Pulso estable, sin rastro de contratos.
⏳ 02:43:24 — Pulso estable, sin rastro de contratos.
⏳ 02:43:26 — Pulso estable, sin rastro de contratos.
⏳ 02:43:27 — Pulso estable, sin rastro de contratos.
⏳ 02:43:29 — Pulso estable, sin rastro de contratos.
⏳ 02:43:30 — Pulso estable, sin rastro de contratos.
⏳ 02:43:32 — Pulso estable, sin rastro de contratos.
⏳ 02:43:33 — Pulso estable, sin rastro de contratos.
⏳ 02:43:35 — Pulso estable, sin rastro de contratos.
⏳ 02:43:36 — Pulso estable, sin rastro de contratos.
⏳ 02:43:38 — Pulso estable, sin rastro de contratos.
⏳ 02:43:39 — Pulso estable, sin rastro de contratos.
⏳ 02:43:41 — Pulso estable, sin rastro de contratos.
⏳ 02:43:42 — Pulso estable, sin rastro de contratos.
⏳ 02:43:44 — Pulso estable, sin rastro de contratos.
⏳ 02:43:45 — Pulso estable, sin rastro de contratos.
⏳ 02:43:47 — Pulso estable, sin rastro de contratos.
⏳ 02:43:48 — Pulso estable, sin rastro de contratos.
⏳ 02:43:50 — Pulso estable, sin rastro de contratos.
⏳ 02:43:51 — Pulso estable, sin rastro de contratos.
⏳ 02:43:53 — Pulso estable, sin rastro de contratos.
⏳ 02:43:54 — Pulso estable, sin rastro de contratos.
⏳ 02:43:57 — Pulso estable, sin rastro de contratos.
⏳ 02:43:57 — Pulso estable, sin rastro de contratos.
⏳ 02:44:00 — Pulso estable, sin rastro de contratos.
⏳ 02:44:00 — Pulso estable, sin rastro de contratos.
⏳ 02:44:03 — Pulso estable, sin rastro de contratos.
⏳ 02:44:03 — Pulso estable, sin rastro de contratos.
⏳ 02:44:06 — Pulso estable, sin rastro de contratos.
⏳ 02:44:06 — Pulso estable, sin rastro de contratos.
⏳ 02:44:09 — Pulso estable, sin rastro de contratos.
⏳ 02:44:10 — Pulso estable, sin rastro de contratos.
⏳ 02:44:12 — Pulso estable, sin rastro de contratos.
⏳ 02:44:13 — Pulso estable, sin rastro de contratos.
⏳ 02:44:15 — Pulso estable, sin rastro de contratos.
⏳ 02:44:16 — Pulso estable, sin rastro de contratos.
⏳ 02:44:18 — Pulso estable, sin rastro de contratos.
⏳ 02:44:19 — Pulso estable, sin rastro de contratos.
⏳ 02:44:21 — Pulso estable, sin rastro de contratos.
⏳ 02:44:22 — Pulso estable, sin rastro de contratos.
⏳ 02:44:24 — Pulso estable, sin rastro de contratos.
⏳ 02:44:25 — Pulso estable, sin rastro de contratos.
⏳ 02:44:27 — Pulso estable, sin rastro de contratos.
⏳ 02:44:28 — Pulso estable, sin rastro de contratos.
⏳ 02:44:30 — Pulso estable, sin rastro de contratos.
⏳ 02:44:31 — Pulso estable, sin rastro de contratos.
⏳ 02:44:33 — Pulso estable, sin rastro de contratos.
⏳ 02:44:34 — Pulso estable, sin rastro de contratos.
⏳ 02:44:36 — Pulso estable, sin rastro de contratos.
⏳ 02:44:37 — Pulso estable, sin rastro de contratos.
⏳ 02:44:39 — Pulso estable, sin rastro de contratos.
⏳ 02:44:40 — Pulso estable, sin rastro de contratos.
⏳ 02:44:42 — Pulso estable, sin rastro de contratos.
⏳ 02:44:43 — Pulso estable, sin rastro de contratos.
⏳ 02:44:45 — Pulso estable, sin rastro de contratos.
⏳ 02:44:46 — Pulso estable, sin rastro de contratos.
⏳ 02:44:48 — Pulso estable, sin rastro de contratos.
⏳ 02:44:49 — Pulso estable, sin rastro de contratos.
⏳ 02:44:51 — Pulso estable, sin rastro de contratos.
⏳ 02:44:52 — Pulso estable, sin rastro de contratos.
⏳ 02:44:55 — Pulso estable, sin rastro de contratos.
⏳ 02:44:55 — Pulso estable, sin rastro de contratos.
⏳ 02:44:58 — Pulso estable, sin rastro de contratos.
⏳ 02:44:58 — Pulso estable, sin rastro de contratos.
⏳ 02:45:01 — Pulso estable, sin rastro de contratos.
⏳ 02:45:01 — Pulso estable, sin rastro de contratos.
⏳ 02:45:04 — Pulso estable, sin rastro de contratos.
⏳ 02:45:04 — Pulso estable, sin rastro de contratos.
⏳ 02:45:07 — Pulso estable, sin rastro de contratos.
⏳ 02:45:08 — Pulso estable, sin rastro de contratos.
⏳ 02:45:10 — Pulso estable, sin rastro de contratos.
⏳ 02:45:11 — Pulso estable, sin rastro de contratos.
⏳ 02:45:13 — Pulso estable, sin rastro de contratos.
⏳ 02:45:14 — Pulso estable, sin rastro de contratos.
⏳ 02:45:16 — Pulso estable, sin rastro de contratos.
⏳ 02:45:17 — Pulso estable, sin rastro de contratos.
⏳ 02:45:19 — Pulso estable, sin rastro de contratos.
⏳ 02:45:20 — Pulso estable, sin rastro de contratos.
⏳ 02:45:22 — Pulso estable, sin rastro de contratos.
⏳ 02:45:23 — Pulso estable, sin rastro de contratos.
⏳ 02:45:25 — Pulso estable, sin rastro de contratos.
⏳ 02:45:26 — Pulso estable, sin rastro de contratos.
⏳ 02:45:28 — Pulso estable, sin rastro de contratos.
⏳ 02:45:29 — Pulso estable, sin rastro de contratos.
⏳ 02:45:31 — Pulso estable, sin rastro de contratos.
⏳ 02:45:32 — Pulso estable, sin rastro de contratos.
⏳ 02:45:34 — Pulso estable, sin rastro de contratos.
⏳ 02:45:35 — Pulso estable, sin rastro de contratos.
⏳ 02:45:37 — Pulso estable, sin rastro de contratos.
⏳ 02:45:38 — Pulso estable, sin rastro de contratos.
⏳ 02:45:40 — Pulso estable, sin rastro de contratos.
⏳ 02:45:41 — Pulso estable, sin rastro de contratos.
⏳ 02:45:43 — Pulso estable, sin rastro de contratos.
⏳ 02:45:44 — Pulso estable, sin rastro de contratos.
⏳ 02:45:46 — Pulso estable, sin rastro de contratos.
⏳ 02:45:47 — Pulso estable, sin rastro de contratos.
⏳ 02:45:49 — Pulso estable, sin rastro de contratos.
⏳ 02:45:50 — Pulso estable, sin rastro de contratos.
⏳ 02:45:52 — Pulso estable, sin rastro de contratos.
⏳ 02:45:53 — Pulso estable, sin rastro de contratos.
⏳ 02:45:55 — Pulso estable, sin rastro de contratos.
⏳ 02:45:56 — Pulso estable, sin rastro de contratos.
⏳ 02:45:58 — Pulso estable, sin rastro de contratos.
⏳ 02:45:59 — Pulso estable, sin rastro de contratos.
⏳ 02:46:02 — Pulso estable, sin rastro de contratos.
⏳ 02:46:02 — Pulso estable, sin rastro de contratos.
⏳ 02:46:05 — Pulso estable, sin rastro de contratos.
⏳ 02:46:05 — Pulso estable, sin rastro de contratos.
⏳ 02:46:08 — Pulso estable, sin rastro de contratos.
⏳ 02:46:08 — Pulso estable, sin rastro de contratos.
⏳ 02:46:11 — Pulso estable, sin rastro de contratos.
⏳ 02:46:11 — Pulso estable, sin rastro de contratos.
⏳ 02:46:14 — Pulso estable, sin rastro de contratos.
⏳ 02:46:15 — Pulso estable, sin rastro de contratos.
⏳ 02:46:17 — Pulso estable, sin rastro de contratos.
⏳ 02:46:20 — Pulso estable, sin rastro de contratos.
⏳ 02:46:23 — Pulso estable, sin rastro de contratos.
⏳ 02:46:26 — Pulso estable, sin rastro de contratos.
⏳ 02:46:29 — Pulso estable, sin rastro de contratos.
⏳ 02:46:32 — Pulso estable, sin rastro de contratos.
⏳ 02:46:35 — Pulso estable, sin rastro de contratos.
⏳ 02:46:38 — Pulso estable, sin rastro de contratos.
⏳ 02:46:41 — Pulso estable, sin rastro de contratos.
⏳ 02:46:44 — Pulso estable, sin rastro de contratos.
⏳ 02:46:47 — Pulso estable, sin rastro de contratos.
⏳ 02:46:50 — Pulso estable, sin rastro de contratos.
⏳ 02:46:53 — Pulso estable, sin rastro de contratos.
⏳ 02:46:56 — Pulso estable, sin rastro de contratos.
⏳ 02:46:59 — Pulso estable, sin rastro de contratos.
⏳ 02:47:02 — Pulso estable, sin rastro de contratos.
⏳ 02:47:05 — Pulso estable, sin rastro de contratos.
⏳ 02:47:09 — Pulso estable, sin rastro de contratos.
⏳ 02:47:12 — Pulso estable, sin rastro de contratos.
⏳ 02:47:15 — Pulso estable, sin rastro de contratos.
⏳ 02:47:18 — Pulso estable, sin rastro de contratos.
⏳ 02:47:21 — Pulso estable, sin rastro de contratos.
⏳ 02:47:24 — Pulso estable, sin rastro de contratos.
⏳ 02:47:27 — Pulso estable, sin rastro de contratos.
⏳ 02:47:30 — Pulso estable, sin rastro de contratos.
⏳ 02:47:33 — Pulso estable, sin rastro de contratos.
⏳ 02:47:36 — Pulso estable, sin rastro de contratos.
⏳ 02:47:39 — Pulso estable, sin rastro de contratos.
⏳ 02:47:42 — Pulso estable, sin rastro de contratos.
⏳ 02:47:45 — Pulso estable, sin rastro de contratos.
⏳ 02:47:48 — Pulso estable, sin rastro de contratos.
⏳ 02:47:51 — Pulso estable, sin rastro de contratos.
⏳ 02:47:54 — Pulso estable, sin rastro de contratos.
⏳ 02:47:57 — Pulso estable, sin rastro de contratos.
⏳ 02:48:00 — Pulso estable, sin rastro de contratos.
⏳ 02:48:03 — Pulso estable, sin rastro de contratos.
⏳ 02:48:06 — Pulso estable, sin rastro de contratos.
⏳ 02:48:09 — Pulso estable, sin rastro de contratos.
⏳ 02:48:12 — Pulso estable, sin rastro de contratos.
⏳ 02:48:15 — Pulso estable, sin rastro de contratos.
⏳ 02:48:18 — Pulso estable, sin rastro de contratos.
⏳ 02:48:21 — Pulso estable, sin rastro de contratos.
⏳ 02:48:24 — Pulso estable, sin rastro de contratos.
⏳ 02:48:27 — Pulso estable, sin rastro de contratos.
⏳ 02:48:30 — Pulso estable, sin rastro de contratos.
⏳ 02:48:33 — Pulso estable, sin rastro de contratos.
⏳ 02:48:36 — Pulso estable, sin rastro de contratos.
⏳ 02:48:39 — Pulso estable, sin rastro de contratos.
⏳ 02:48:42 — Pulso estable, sin rastro de contratos.
⏳ 02:48:46 — Pulso estable, sin rastro de contratos.
⏳ 02:48:49 — Pulso estable, sin rastro de contratos.
⏳ 02:48:52 — Pulso estable, sin rastro de contratos.
⏳ 02:48:55 — Pulso estable, sin rastro de contratos.
⏳ 02:48:58 — Pulso estable, sin rastro de contratos.
⏳ 02:49:01 — Pulso estable, sin rastro de contratos.
⏳ 02:49:04 — Pulso estable, sin rastro de contratos.
⏳ 02:49:07 — Pulso estable, sin rastro de contratos.
⏳ 02:49:10 — Pulso estable, sin rastro de contratos.
⏳ 02:49:13 — Pulso estable, sin rastro de contratos.
⏳ 02:49:16 — Pulso estable, sin rastro de contratos.
⏳ 02:49:19 — Pulso estable, sin rastro de contratos.
⏳ 02:49:22 — Pulso estable, sin rastro de contratos.
⏳ 02:49:25 — Pulso estable, sin rastro de contratos.
⏳ 02:49:28 — Pulso estable, sin rastro de contratos.
⏳ 02:49:31 — Pulso estable, sin rastro de contratos.
⏳ 02:49:34 — Pulso estable, sin rastro de contratos.
⏳ 02:49:37 — Pulso estable, sin rastro de contratos.
⏳ 02:49:40 — Pulso estable, sin rastro de contratos.
⏳ 02:49:43 — Pulso estable, sin rastro de contratos.
⏳ 02:49:46 — Pulso estable, sin rastro de contratos.
⏳ 02:49:49 — Pulso estable, sin rastro de contratos.
⏳ 02:49:52 — Pulso estable, sin rastro de contratos.
⏳ 02:49:55 — Pulso estable, sin rastro de contratos.
⏳ 02:49:58 — Pulso estable, sin rastro de contratos.
⏳ 02:50:01 — Pulso estable, sin rastro de contratos.
⏳ 02:50:04 — Pulso estable, sin rastro de contratos.
⏳ 02:50:08 — Pulso estable, sin rastro de contratos.
⏳ 02:50:11 — Pulso estable, sin rastro de contratos.
⏳ 02:50:14 — Pulso estable, sin rastro de contratos.
⏳ 02:50:17 — Pulso estable, sin rastro de contratos.
⏳ 02:50:20 — Pulso estable, sin rastro de contratos.
⏳ 02:50:23 — Pulso estable, sin rastro de contratos.
⏳ 02:50:26 — Pulso estable, sin rastro de contratos.
⏳ 02:50:29 — Pulso estable, sin rastro de contratos.
⏳ 02:50:32 — Pulso estable, sin rastro de contratos.
⏳ 02:50:35 — Pulso estable, sin rastro de contratos.
⏳ 02:50:38 — Pulso estable, sin rastro de contratos.
⏳ 02:50:41 — Pulso estable, sin rastro de contratos.
⏳ 02:50:44 — Pulso estable, sin rastro de contratos.
⏳ 02:50:47 — Pulso estable, sin rastro de contratos.
⏳ 02:50:50 — Pulso estable, sin rastro de contratos.
⏳ 02:50:53 — Pulso estable, sin rastro de contratos.
⏳ 02:50:56 — Pulso estable, sin rastro de contratos.
⏳ 02:50:59 — Pulso estable, sin rastro de contratos.
⏳ 02:51:02 — Pulso estable, sin rastro de contratos.
⏳ 02:51:05 — Pulso estable, sin rastro de contratos.
⏳ 02:51:08 — Pulso estable, sin rastro de contratos.
⏳ 02:51:12 — Pulso estable, sin rastro de contratos.
⏳ 02:51:15 — Pulso estable, sin rastro de contratos.
⏳ 02:51:18 — Pulso estable, sin rastro de contratos.
⏳ 02:51:21 — Pulso estable, sin rastro de contratos.
⏳ 02:51:24 — Pulso estable, sin rastro de contratos.
⏳ 02:51:27 — Pulso estable, sin rastro de contratos.
⏳ 02:51:30 — Pulso estable, sin rastro de contratos.
⏳ 02:51:33 — Pulso estable, sin rastro de contratos.
⏳ 02:51:36 — Pulso estable, sin rastro de contratos.
⏳ 02:51:39 — Pulso estable, sin rastro de contratos.
⏳ 02:51:42 — Pulso estable, sin rastro de contratos.
⏳ 02:51:45 — Pulso estable, sin rastro de contratos.
⏳ 02:51:48 — Pulso estable, sin rastro de contratos.
⏳ 02:51:51 — Pulso estable, sin rastro de contratos.
⏳ 02:51:54 — Pulso estable, sin rastro de contratos.
⏳ 02:51:57 — Pulso estable, sin rastro de contratos.
⏳ 02:52:00 — Pulso estable, sin rastro de contratos.
⏳ 02:52:03 — Pulso estable, sin rastro de contratos.
⏳ 02:52:06 — Pulso estable, sin rastro de contratos.
⏳ 02:52:09 — Pulso estable, sin rastro de contratos.
⏳ 02:52:12 — Pulso estable, sin rastro de contratos.
⏳ 02:52:15 — Pulso estable, sin rastro de contratos.
⏳ 02:52:18 — Pulso estable, sin rastro de contratos.
⏳ 02:52:22 — Pulso estable, sin rastro de contratos.
⏳ 02:52:25 — Pulso estable, sin rastro de contratos.
⏳ 02:52:28 — Pulso estable, sin rastro de contratos.
⏳ 02:52:31 — Pulso estable, sin rastro de contratos.
⏳ 02:52:34 — Pulso estable, sin rastro de contratos.
⏳ 02:52:37 — Pulso estable, sin rastro de contratos.
⏳ 02:52:40 — Pulso estable, sin rastro de contratos.
⏳ 02:52:43 — Pulso estable, sin rastro de contratos.
⏳ 02:52:46 — Pulso estable, sin rastro de contratos.
⏳ 02:52:49 — Pulso estable, sin rastro de contratos.
⏳ 02:52:52 — Pulso estable, sin rastro de contratos.
⏳ 02:52:55 — Pulso estable, sin rastro de contratos.
⏳ 02:52:58 — Pulso estable, sin rastro de contratos.
⏳ 02:53:01 — Pulso estable, sin rastro de contratos.
⏳ 02:53:04 — Pulso estable, sin rastro de contratos.
⏳ 02:53:07 — Pulso estable, sin rastro de contratos.
⏳ 02:53:10 — Pulso estable, sin rastro de contratos.
⏳ 02:53:13 — Pulso estable, sin rastro de contratos.
⏳ 02:53:16 — Pulso estable, sin rastro de contratos.
⏳ 02:53:19 — Pulso estable, sin rastro de contratos.
⏳ 02:53:22 — Pulso estable, sin rastro de contratos.
⏳ 02:53:26 — Pulso estable, sin rastro de contratos.
⏳ 02:53:29 — Pulso estable, sin rastro de contratos.
⏳ 02:53:32 — Pulso estable, sin rastro de contratos.
⏳ 02:53:35 — Pulso estable, sin rastro de contratos.
⏳ 02:53:38 — Pulso estable, sin rastro de contratos.
⏳ 02:53:41 — Pulso estable, sin rastro de contratos.
⏳ 02:53:44 — Pulso estable, sin rastro de contratos.
⏳ 02:53:47 — Pulso estable, sin rastro de contratos.
⏳ 02:53:50 — Pulso estable, sin rastro de contratos.
⏳ 02:53:53 — Pulso estable, sin rastro de contratos.
⏳ 02:53:56 — Pulso estable, sin rastro de contratos.
⏳ 02:53:59 — Pulso estable, sin rastro de contratos.
⏳ 02:54:02 — Pulso estable, sin rastro de contratos.
⏳ 02:54:05 — Pulso estable, sin rastro de contratos.
⏳ 02:54:08 — Pulso estable, sin rastro de contratos.
⏳ 02:54:11 — Pulso estable, sin rastro de contratos.
⏳ 02:54:14 — Pulso estable, sin rastro de contratos.
⏳ 02:54:17 — Pulso estable, sin rastro de contratos.
⏳ 02:54:20 — Pulso estable, sin rastro de contratos.
⏳ 02:54:24 — Pulso estable, sin rastro de contratos.
⏳ 02:54:27 — Pulso estable, sin rastro de contratos.
⏳ 02:54:30 — Pulso estable, sin rastro de contratos.
⏳ 02:54:33 — Pulso estable, sin rastro de contratos.
⏳ 02:54:36 — Pulso estable, sin rastro de contratos.
⏳ 02:54:39 — Pulso estable, sin rastro de contratos.
⏳ 02:54:42 — Pulso estable, sin rastro de contratos.
⏳ 02:54:45 — Pulso estable, sin rastro de contratos.
⏳ 02:54:48 — Pulso estable, sin rastro de contratos.
⏳ 02:54:51 — Pulso estable, sin rastro de contratos.
⏳ 02:54:54 — Pulso estable, sin rastro de contratos.
⏳ 02:54:57 — Pulso estable, sin rastro de contratos.
⏳ 02:55:00 — Pulso estable, sin rastro de contratos.
⏳ 02:55:03 — Pulso estable, sin rastro de contratos.
⏳ 02:55:06 — Pulso estable, sin rastro de contratos.
⏳ 02:55:09 — Pulso estable, sin rastro de contratos.
⏳ 02:55:12 — Pulso estable, sin rastro de contratos.
⏳ 02:55:15 — Pulso estable, sin rastro de contratos.
⏳ 02:55:18 — Pulso estable, sin rastro de contratos.
⏳ 02:55:22 — Pulso estable, sin rastro de contratos.
⏳ 02:55:25 — Pulso estable, sin rastro de contratos.
⏳ 02:55:28 — Pulso estable, sin rastro de contratos.
⏳ 02:55:31 — Pulso estable, sin rastro de contratos.
⏳ 02:55:34 — Pulso estable, sin rastro de contratos.
⏳ 02:55:37 — Pulso estable, sin rastro de contratos.
⏳ 02:55:40 — Pulso estable, sin rastro de contratos.
⏳ 02:55:43 — Pulso estable, sin rastro de contratos.
⏳ 02:55:46 — Pulso estable, sin rastro de contratos.
⏳ 02:55:49 — Pulso estable, sin rastro de contratos.
⏳ 02:55:52 — Pulso estable, sin rastro de contratos.
⏳ 02:55:55 — Pulso estable, sin rastro de contratos.
⏳ 02:55:58 — Pulso estable, sin rastro de contratos.
⏳ 02:56:01 — Pulso estable, sin rastro de contratos.
⏳ 02:56:04 — Pulso estable, sin rastro de contratos.
⏳ 02:56:07 — Pulso estable, sin rastro de contratos.
⏳ 02:56:10 — Pulso estable, sin rastro de contratos.
⏳ 02:56:1