 23:26:51 — No hay nuevos contratos, monitor activo...
⏳ 2025-12-30 23:26:53 — No hay nuevos contratos, monitor activo...
⏳ 2025-12-30 23:26:53 — No hay nuevos contratos, monitor activo...
⏳ 2025-12-30 23:26:53 — No hay nuevos contratos, monitor activo...
⏳ 23:26:53 - Pulso estable - Esperando rastro...
⏳ 2025-12-30 23:26:55 — No hay nuevos contratos, monitor activo...
📡 [XOXO-BUS] FEROMONA_EMITIDA: {"timestamp": 1767158815.854308222, "type": "contract_signed", "origin": "manager_alpha", "hash": "3d2960f7c5f17095ee2eb91c11850890d39dde92a7596ed460102e1d07a49c84", "recipient": "hormiga_10", "status": "active"}
📡 [XOXO-BUS] FEROMONA_EMITIDA: {"timestamp": 1767158815.854279299, "type": "contract_signed", "origin": "manager_alpha", "hash": "3d2960f7c5f17095ee2eb91c11850890d39dde92a7596ed460102e1d07a49c84", "recipient": "hormiga_10", "status": "active"}
⏳ 2025-12-30 23:26:57 — No hay nuevos contratos, monitor activo...
⏳ 23:26:57 - Pulso estable - Esperando rastro...
⏳ 2025-12-30 23:26:57 — No hay nuevos contratos, monitor activo...
⏳ 2025-12-30 23:26:57 — No hay nuevos contratos, monitor activo...
⏳ 2025-12-30 23:26:59 — No hay nuevos contratos, monitor activo...
⏳ 23:26:59 - Pulso estable - Esperando rastro...
⏳ 2025-12-30 23:27:00 — No hay nuevos contratos, monitor activo...
⏳ 2025-12-30 23:27:00 — No hay nuevos contratos, monitor activo...
⏳ 2025-12-30 23:27:01 — No hay nuevos contratos, monitor activo...
⏳ 23:27:01 - Pulso estable - Esperando rastro...
⏳ 2025-12-30 23:27:02 — No hay nuevos contratos, monitor activo...
⏳ 2025-12-30 23:27:02 — No hay nuevos contratos, monitor activo...
⏳ 2025-12-30 23:27:03 — No hay nuevos contratos, monitor activo...
⏳ 23:27:03 - Pulso estable - Esperando rastro...
⏳ 2025-12-30 23:27:04 — No hay nuevos contratos, monitor activo...
⏳ 2025-12-30 23:27:04 — No hay nuevos contratos, monitor activo...
⏳ 2025-12-30 23:27:05 — No hay nuevos contratos, monitor activo...
⏳ 23:27:06 - Pulso estable - Esperando rastro...
⏳ 2025-12-30 23:27:06 — No hay nuevos contratos, monitor activo...
⏳ 2025-12-30 23:27:06 — No hay nuevos contratos, monitor activo...
⏳ 2025-12-30 23:27:07 — No hay nuevos contratos, monitor activo...
⏳ 23:27:08 - Pulso estable - Esperando rastro...
⏳ 2025-12-30 23:27:08 — No hay nuevos contratos, monitor activo...
⏳ 2025-12-30 23:27:08 — No hay nuevos contratos, monitor activo...
⏳ 2025-12-30 23:27:09 — No hay nuevos contratos, monitor activo...
⏳ 23:27:10 - Pulso estable - Esperando rastro...
⏳ 2025-12-30 23:27:10 — No hay nuevos contratos, monitor activo...
⏳ 2025-12-30 23:27:10 — No hay nuevos contratos, monitor activo...
⏳ 2025-12-30 23:27:11 — No hay nuevos contratos, monitor activo...
⏳ 23:27:12 - Pulso estable - Esperando rastro...
⏳ 2025-12-30 23:27:12 — No hay nuevos contratos, monitor activo...
⏳ 2025-12-30 23:27:12 — No hay nuevos contratos, monitor activo...
⏳ 2025-12-30 23:27:13 — No hay nuevos contratos, monitor activo...
⏳ 23:27:14 - Pulso estable - Esperando rastro...
⏳ 2025-12-30 23:27:14 — No hay nuevos contratos, monitor activo...
⏳ 2025-12-30 23:27:14 — No hay nuevos contratos, monitor activo...
⏳ 2025-12-30 23:27:15 — No hay nuevos contratos, monitor activo...
⏳ 23:27:16 - Pulso estable - Esperando rastro...
⏳ 2025-12-30 23:27:16 — No hay nuevos contratos, monitor activo...
⏳ 2025-12-30 23:27:16 — No hay nuevos contratos, monitor activo...
⏳ 2025-12-30 23:27:17 — No hay nuevos contratos, monitor activo...
⏳ 23:27:18 - Pulso estable - Esperando rastro...
⏳ 2025-12-30 23:27:18 — No hay nuevos contratos, monitor activo...
⏳ 2025-12-30 23:27:18 — No hay nuevos contratos, monitor activo...
⏳ 2025-12-30 23:27:19 — No hay nuevos contratos, monitor activo...
⏳ 23:27:20 - Pulso estable - Esperando rastro...
⏳ 2025-12-30 23:27:20 — No hay nuevos contratos, monitor activo...
⏳ 2025-12-30 23:27:20 — No hay nuevos contratos, monitor activo...
⏳ 2025-12-30 23:27:21 — No hay nuevos contratos, monitor activo...
⏳ 23:27:22 - Pulso estable - Esperando rastro...
⏳ 2025-12-30 23:27:22 — No hay nuevos contratos, monitor activo...
⏳ 2025-12-30 23:27:22 — No hay nuevos contratos, monitor activo...
⏳ 2025-12-30 23:27:23 — No hay nuevos contratos, monitor activo...
⏳ 23:27:24 - Pulso estable - Esperando rastro...
⏳ 2025-12-30 23:27:24 — No hay nuevos contratos, monitor activo...
⏳ 2025-12-30 23:27:24 — No hay nuevos contratos, monitor activo...
⏳ 2025-12-30 23:27:26 — No hay nuevos contratos, monitor activo...
⏳ 23:27:26 - Pulso estable - Esperando rastro...
⏳ 2025-12-30 23:27:26 — No hay nuevos contratos, monitor activo...
⏳ 2025-12-30 23:27:26 — No hay nuevos contratos, monitor activo...
⏳ 2025-12-30 23:27:28 — No hay nuevos contratos, monitor activo...
⏳ 23:27:28 - Pulso estable - Esperando rastro...
⏳ 2025-12-30 23:27:28 — No hay nuevos contratos, monitor activo...
⏳ 2025-12-30 23:27:28 — No hay nuevos contratos, monitor activo...
⏳ 2025-12-30 23:27:30 — No hay nuevos contratos, monitor activo...
⏳ 23:27:30 - Pulso estable - Esperando rastro...
⏳ 2025-12-30 23:27:30 — No hay nuevos contratos, monitor activo...
⏳ 2025-12-30 23:27:30 — No hay nuevos contratos, monitor activo...
⏳ 2025-12-30 23:27:32 — No hay nuevos contratos, monitor activo...
⏳ 23:27:32 - Pulso estable - Esperando rastro...
⏳ 2025-12-30 23:27:32 — No hay nuevos contratos, monitor activo...
⏳ 2025-12-30 23:27:32 — No hay nuevos contratos, monitor activo...
⏳ 2025-12-30 23:27:34 — No hay nuevos contratos, monitor activo...
⏳ 23:27:34 - Pulso estable - Esperando rastro...
⏳ 2025-12-30 23:27:34 — No hay nuevos contratos, monitor activo...
⏳ 2025-12-30 23:27:34 — No hay nuevos contratos, monitor activo...
⏳ 2025-12-30 23:27:36 — No hay nuevos contratos, monitor activo...
⏳ 23:27:36 - Pulso estable - Esperando rastro...
⏳ 2025-12-30 23:27:36 — No hay nuevos contratos, monitor activo...
⏳ 2025-12-30 23:27:36 — No hay nuevos contratos, monitor activo...
⏳ 2025-12-30 23:27:38 — No hay nuevos contratos, monitor activo...
⏳ 23:27:38 - Pulso estable - Esperando rastro...
⏳ 2025-12-30 23:27:38 — No hay nuevos contratos, monitor activo...
⏳ 2025-12-30 23:27:38 — No hay nuevos contratos, monitor activo...
⏳ 2025-12-30 23:27:40 — No hay nuevos contratos, monitor activo...
⏳ 23:27:40 - Pulso estable - Esperando rastro...
⏳ 2025-12-30 23:27:40 — No hay nuevos contratos, monitor activo...
⏳ 2025-12-30 23:27:40 — No hay nuevos contratos, monitor activo...
⏳ 2025-12-30 23:27:42 — No hay nuevos contratos, monitor activo...
⏳ 23:27:42 - Pulso estable - Esperando rastro...
⏳ 2025-12-30 23:27:42 — No hay nuevos contratos, monitor activo...
⏳ 2025-12-30 23:27:42 — No hay nuevos contratos, monitor activo...
⏳ 2025-12-30 23:27:44 — No hay nuevos contratos, monitor activo...
⏳ 23:27:44 - Pulso estable - Esperando rastro...
⏳ 2025-12-30 23:27:44 — No hay nuevos contratos, monitor activo...
⏳ 2025-12-30 23:27:44 — No hay nuevos contratos, monitor activo...
⏳ 2025-12-30 23:27:46 — No hay nuevos contratos, monitor activo...
⏳ 23:27:46 - Pulso estable - Esperando rastro...
⏳ 2025-12-30 23:27:46 — No hay nuevos contratos, monitor activo...
⏳ 2025-12-30 23:27:46 — No hay nuevos contratos, monitor activo...
⏳ 2025-12-30 23:27:48 — No hay nuevos contratos, monitor activo...
⏳ 23:27:48 - Pulso estable - Esperando rastro...
⏳ 2025-12-30 23:27:49 — No hay nuevos contratos, monitor activo...
⏳ 2025-12-30 23:27:49 — No hay nuevos contratos, monitor activo...
⏳ 2025-12-30 23:27:50 — No hay nuevos contratos, monitor activo...
⏳ 23:27:50 - Pulso estable - Esperando rastro...
⏳ 2025-12-30 23:27:51 — No hay nuevos contratos, monitor activo...
⏳ 2025-12-30 23:27:51 — No hay nuevos contratos, monitor activo...
⏳ 2025-12-30 23:27:52 — No hay nuevos contratos, monitor activo...
⏳ 23:27:53 - Pulso estable - Esperando rastro...
⏳ 2025-12-30 23:27:53 — No hay nuevos contratos, monitor activo...
⏳ 2025-12-30 23:27:53 — No hay nuevos contratos, monitor activo...
⏳ 2025-12-30 23:27:54 — No hay nuevos contratos, monitor activo...
⏳ 23:27:55 - Pulso estable - Esperando rastro...
⏳ 2025-12-30 23:27:55 — No hay nuevos contratos, monitor activo...
⏳ 2025-12-30 23:27:55 — No hay nuevos contratos, monitor activo...
⏳ 2025-12-30 23:27:56 — No hay nuevos contratos, monitor activo...
⏳ 23:27:57 - Pulso estable - Esperando rastro...
⏳ 2025-12-30 23:27:57 — No hay nuevos contratos, monitor activo...
⏳ 2025-12-30 23:27:57 — No hay nuevos contratos, monitor activo...
⏳ 2025-12-30 23:27:58 — No hay nuevos contratos, monitor activo...
⏳ 23:27:59 - Pulso estable - Esperando rastro...
⏳ 2025-12-30 23:27:59 — No hay nuevos contratos, monitor activo...
⏳ 2025-12-30 23:27:59 — No hay nuevos contratos, monitor activo...
⏳ 2025-12-30 23:28:00 — No hay nuevos contratos, monitor activo...
⏳ 23:28:01 - Pulso estable - Esperando rastro...
⏳ 2025-12-30 23:28:01 — No hay nuevos contratos, monitor activo...
⏳ 2025-12-30 23:28:01 — No hay nuevos contratos, monitor activo...
⏳ 2025-12-30 23:28:02 — No hay nuevos contratos, monitor activo...
⏳ 23:28:03 - Pulso estable - Esperando rastro...
⏳ 2025-12-30 23:28:03 — No hay nuevos contratos, monitor activo...
⏳ 2025-12-30 23:28:03 — No hay nuevos contratos, monitor activo...
⏳ 2025-12-30 23:28:04 — No hay nuevos contratos, monitor activo...
⏳ 23:28:05 - Pulso estable - Esperando rastro...
⏳ 2025-12-30 23:28:05 — No hay nuevos contratos, monitor activo...
⏳ 2025-12-30 23:28:05 — No hay nuevos contratos, monitor activo...
⏳ 2025-12-30 23:28:06 — No hay nuevos contratos, monitor activo...
⏳ 23:28:07 - Pulso estable - Esperando rastro...
⏳ 2025-12-30 23:28:07 — No hay nuevos contratos, monitor activo...
⏳ 2025-12-30 23:28:07 — No hay nuevos contratos, monitor activo...
⏳ 2025-12-30 23:28:09 — No hay nuevos contratos, monitor activo...
⏳ 23:28:09 - Pulso estable - Esperando rastro...
⏳ 2025-12-30 23:28:09 — No hay nuevos contratos, monitor activo...
⏳ 2025-12-30 23:28:09 — No hay nuevos contratos, monitor activo...
⏳ 2025-12-30 23:28:11 — No hay nuevos contratos, monitor activo...
⏳ 23:28:11 - Pulso estable - Esperando rastro...
⏳ 2025-12-30 23:28:11 — No hay nuevos contratos, monitor activo...
⏳ 2025-12-30 23:28:11 — No hay nuevos contratos, monitor activo...
⏳ 2025-12-30 23:28:13 — No hay nuevos contratos, monitor activo...
⏳ 23:28:13 - Pulso estable - Esperando rastro...
⏳ 2025-12-30 23:28:13 — No hay nuevos contratos, monitor activo...
⏳ 2025-12-30 23:28:13 — No hay nuevos contratos, monitor activo...
⏳ 2025-12-30 23:28:15 — No hay nuevos contratos, monitor activo...
⏳ 23:28:15 - Pulso estable - Esperando rastro...
⏳ 2025-12-30 23:28:15 — No hay nuevos contratos, monitor activo...
⏳ 2025-12-30 23:28:15 — No hay nuevos contratos, monitor activo...
⏳ 2025-12-30 23:28:17 — No hay nuevos contratos, monitor activo...
⏳ 23:28:17 - Pulso estable - Esperando rastro...
⏳ 2025-12-30 23:28:17 — No hay nuevos contratos, monitor activo...
⏳ 2025-12-30 23:28:17 — No hay nuevos contratos, monitor activo...
⏳ 2025-12-30 23:28:19 — No hay nuevos contratos, monitor activo...
⏳ 23:28:19 - Pulso estable - Esperando rastro...
⏳ 2025-12-30 23:28:19 — No hay nuevos contratos, monitor activo...
⏳ 2025-12-30 23:28:19 — No hay nuevos contratos, monitor activo...
⏳ 2025-12-30 23:28:21 — No hay nuevos contratos, monitor activo...
⏳ 23:28:21 - Pulso estable - Esperando rastro...
⏳ 2025-12-30 23:28:21 — No hay nuevos contratos, monitor activo...
⏳ 2025-12-30 23:28:21 — No hay nuevos contratos, monitor activo...
⏳ 2025-12-30 23:28:23 — No hay nuevos contratos, monitor activo...
⏳ 23:28:23 - Pulso estable - Esperando rastro...
⏳ 2025-12-30 23:28:23 — No hay nuevos contratos, monitor activo...
⏳ 2025-12-30 23:28:23 — No hay nuevos contratos, monitor activo...
⏳ 2025-12-30 23:28:25 — No hay nuevos contratos, monitor activo...
⏳ 23:28:25 - Pulso estable - Esperando rastro...
⏳ 2025-12-30 23:28:25 — No hay nuevos contratos, monitor activo...
⏳ 2025-12-30 23:28:25 — No hay nuevos contratos, monitor activo...
⏳ 2025-12-30 23:28:27 — No hay nuevos contratos, monitor activo...
⏳ 23:28:27 - Pulso estable - Esperando rastro...
⏳ 2025-12-30 23:28:27 — No hay nuevos contratos, monitor activo...
⏳ 2025-12-30 23:28:27 — No hay nuevos contratos, monitor activo...
⏳ 2025-12-30 23:28:29 — No hay nuevos contratos, monitor activo...
⏳ 23:28:29 - Pulso estable - Esperando rastro...
⏳ 2025-12-30 23:28:29 — No hay nuevos contratos, monitor activo...
⏳ 2025-12-30 23:28:29 — No hay nuevos contratos, monitor activo...
⏳ 2025-12-30 23:28:31 — No hay nuevos contratos, monitor activo...
⏳ 23:28:31 - Pulso estable - Esperando rastro...
⏳ 2025-12-30 23:28:31 — No hay nuevos contratos, monitor activo...
⏳ 2025-12-30 23:28:31 — No hay nuevos contratos, monitor activo...
⏳ 2025-12-30 23:28:33 — No hay nuevos contratos, monitor activo...
⏳ 23:28:34 - Pulso estable - Esperando rastro...
⏳ 2025-12-30 23:28:34 — No hay nuevos contratos, monitor activo...
⏳ 2025-12-30 23:28:34 — No hay nuevos contratos, monitor activo...
⏳ 2025-12-30 23:28:35 — No hay nuevos contratos, monitor activo...
⏳ 23:28:36 - Pulso estable - Esperando rastro...
⏳ 2025-12-30 23:28:36 — No hay nuevos contratos, monitor activo...
⏳ 2025-12-30 23:28:36 — No hay nuevos contratos, monitor activo...
⏳ 2025-12-30 23:28:37 — No hay nuevos contratos, monitor activo...
⏳ 23:28:38 - Pulso estable - Esperando rastro...
⏳ 2025-12-30 23:28:38 — No hay nuevos contratos, monitor activo...
⏳ 2025-12-30 23:28:38 — No hay nuevos contratos, monitor activo...
⏳ 2025-12-30 23:28:39 — No hay nuevos contratos, monitor activo...
⏳ 2025-12-30 23:28:40 — No hay nuevos contratos, monitor activo...
⏳ 2025-12-30 23:28:40 — No hay nuevos contratos, monitor activo...
⏳ 23:28:40 - Pulso estable - Esperando rastro...
⏳ 2025-12-30 23:28:41 — No hay nuevos contratos, monitor activo...
⏳ 2025-12-30 23:28:42 — No hay nuevos contratos, monitor activo...
⏳ 2025-12-30 23:28:42 — No hay nuevos contratos, monitor activo...
⏳ 23:28:42 - Pulso estable - Esperando rastro...
⏳ 2025-12-30 23:28:43 — No hay nuevos contratos, monitor activo...
⏳ 2025-12-30 23:28:44 — No hay nuevos contratos, monitor activo...
⏳ 23:28:44 - Pulso estable - Esperando rastro...
⏳ 2025-12-30 23:28:44 — No hay nuevos contratos, monitor activo...
⏳ 2025-12-30 23:28:45 — No hay nuevos contratos, monitor activo...
⏳ 2025-12-30 23:28:46 — No hay nuevos contratos, monitor activo...
⏳ 23:28:46 - Pulso estable - Esperando rastro...
⏳ 2025-12-30 23:28:46 — No hay nuevos contratos, monitor activo...
⏳ 2025-12-30 23:28:47 — No hay nuevos contratos, monitor activo...
⏳ 2025-12-30 23:28:48 — No hay nuevos contratos, monitor activo...
⏳ 23:28:48 - Pulso estable - Esperando rastro...
⏳ 2025-12-30 23:28:48 — No hay nuevos contratos, monitor activo...
⏳ 2025-12-30 23:28:49 — No hay nuevos contratos, monitor activo...
⏳ 2025-12-30 23:28:50 — No hay nuevos contratos, monitor activo...
⏳ 23:28:50 - Pulso estable - Esperando rastro...
⏳ 2025-12-30 23:28:50 — No hay nuevos contratos, monitor activo...
⏳ 2025-12-30 23:28:51 — No hay nuevos contratos, monitor activo...
⏳ 23:28:52 - Pulso estable - Esperando rastro...
⏳ 2025-12-30 23:28:52 — No hay nuevos contratos, monitor activo...
⏳ 2025-12-30 23:28:52 — No hay nuevos contratos, monitor activo...
⏳ 2025-12-30 23:28:53 — No hay nuevos contratos, monitor activo...
⏳ 23:28:54 - Pulso estable - Esperando rastro...
⏳ 2025-12-30 23:28:54 — No hay nuevos contratos, monitor activo...
⏳ 2025-12-30 23:28:54 — No hay nuevos contratos, monitor activo...
⏳ 2025-12-30 23:28:56 — No hay nuevos contratos, monitor activo...
⏳ 2025-12-30 23:28:56 — No hay nuevos contratos, monitor activo...
⏳ 23:28:56 - Pulso estable - Esperando rastro...
⏳ 2025-12-30 23:28:56 — No hay nuevos contratos, monitor activo...
⏳ 2025-12-30 23:28:58 — No hay nuevos contratos, monitor activo...
⏳ 2025-12-30 23:28:58 — No hay nuevos contratos, monitor activo...
⏳ 23:28:58 - Pulso estable - Esperando rastro...
⏳ 2025-12-30 23:28:58 — No hay nuevos contratos, monitor activo...
⏳ 2025-12-30 23:29:00 — No hay nuevos contratos, monitor activo...
⏳ 2025-12-30 23:29:00 — No hay nuevos contratos, monitor activo...
⏳ 23:29:00 - Pulso estable - Esperando rastro...
⏳ 2025-12-30 23:29:00 — No hay nuevos contratos, monitor activo...
⏳ 2025-12-30 23:29:02 — No hay nuevos contratos, monitor activo...
⏳ 2025-12-30 23:29:02 — No hay nuevos contratos, monitor activo...
⏳ 2025-12-30 23:29:02 — No hay nuevos contratos, monitor activo...
⏳ 23:29:02 - Pulso estable - Esperando rastro...
⏳ 2025-12-30 23:29:04 — No hay nuevos contratos, monitor activo...
⏳ 2025-12-30 23:29:04 — No hay nuevos contratos, monitor activo...
⏳ 23:29:04 - Pulso estable - Esperando rastro...
⏳ 2025-12-30 23:29:04 — No hay nuevos contratos, monitor activo...
⏳ 2025-12-30 23:29:06 — No hay nuevos contratos, monitor activo...
⏳ 23:29:06 - Pulso estable - Esperando rastro...
⏳ 2025-12-30 23:29:06 — No hay nuevos contratos, monitor activo...
⏳ 2025-12-30 23:29:06 — No hay nuevos contratos, monitor activo...
⏳ 2025-12-30 23:29:08 — No hay nuevos contratos, monitor activo...
⏳ 23:29:08 - Pulso estable - Esperando rastro...
⏳ 2025-12-30 23:29:08 — No hay nuevos contratos, monitor activo...
⏳ 2025-12-30 23:29:08 — No hay nuevos contratos, monitor activo...
⏳ 2025-12-30 23:29:10 — No hay nuevos contratos, monitor activo...
⏳ 2025-12-30 23:29:10 — No hay nuevos contratos, monitor activo...
⏳ 23:29:10 - Pulso estable - Esperando rastro...
⏳ 2025-12-30 23:29:10 — No hay nuevos contratos, monitor activo...
⏳ 2025-12-30 23:29:12 — No hay nuevos contratos, monitor activo...
⏳ 2025-12-30 23:29:12 — No hay nuevos contratos, monitor activo...
⏳ 23:29:12 - Pulso estable - Esperando rastro...
⏳ 2025-12-30 23:29:12 — No hay nuevos contratos, monitor activo...
⏳ 2025-12-30 23:29:14 — No hay nuevos contratos, monitor activo...
⏳ 2025-12-30 23:29:14 — No hay nuevos contratos, monitor activo...
⏳ 23:29:14 - Pulso estable - Esperando rastro...
⏳ 2025-12-30 23:29:14 — No hay nuevos contratos, monitor activo...
⏳ 2025-12-30 23:29:16 — No hay nuevos contratos, monitor activo...
⏳ 2025-12-30 23:29:16 — No hay nuevos contratos, monitor activo...
⏳ 23:29:16 - Pulso estable - Esperando rastro...
⏳ 2025-12-30 23:29:16 — No hay nuevos contratos, monitor activo...
⏳ 2025-12-30 23:29:18 — No hay nuevos contratos, monitor activo...
⏳ 2025-12-30 23:29:18 — No hay nuevos contratos, monitor activo...
⏳ 23:29:18 - Pulso estable - Esperando rastro...
⏳ 2025-12-30 23:29:18 — No hay nuevos contratos, monitor activo...
⏳ 2025-12-30 23:29:20 — No hay nuevos contratos, monitor activo...
⏳ 23:29:20 - Pulso estable - Esperando rastro...
⏳ 2025-12-30 23:29:20 — No hay nuevos contratos, monitor activo...
⏳ 2025-12-30 23:29:20 — No hay nuevos contratos, monitor activo...
⏳ 2025-12-30 23:29:22 — No hay nuevos contratos, monitor activo...
⏳ 23:29:23 - Pulso estable - Esperando rastro...
⏳ 2025-12-30 23:29:23 — No hay nuevos contratos, monitor activo...
⏳ 2025-12-30 23:29:23 — No hay nuevos contratos, monitor activo...
⏳ 2025-12-30 23:29:24 — No hay nuevos contratos, monitor activo...
⏳ 23:29:25 - Pulso estable - Esperando rastro...
⏳ 2025-12-30 23:29:25 — No hay nuevos contratos, monitor activo...
⏳ 2025-12-30 23:29:25 — No hay nuevos contratos, monitor activo...
⏳ 2025-12-30 23:29:26 — No hay nuevos contratos, monitor activo...
⏳ 23:29:27 - Pulso estable - Esperando rastro...
⏳ 2025-12-30 23:29:27 — No hay nuevos contratos, monitor activo...
⏳ 2025-12-30 23:29:27 — No hay nuevos contratos, monitor activo...
⏳ 2025-12-30 23:29:28 — No hay nuevos contratos, monitor activo...
⏳ 23:29:29 - Pulso estable - Esperando rastro...
⏳ 2025-12-30 23:29:29 — No hay nuevos contratos, monitor activo...
⏳ 2025-12-30 23:29:29 — No hay nuevos contratos, monitor activo...
⏳ 2025-12-30 23:29:30 — No hay nuevos contratos, monitor activo...
⏳ 2025-12-30 23:29:31 — No hay nuevos contratos, monitor activo...
⏳ 2025-12-30 23:29:31 — No hay nuevos contratos, monitor activo...
⏳ 23:29:31 - Pulso estable - Esperando rastro...
⏳ 2025-12-30 23:29:32 — No hay nuevos contratos, monitor activo...
⏳ 2025-12-30 23:29:33 — No hay nuevos contratos, monitor activo...
⏳ 2025-12-30 23:29:33 — No hay nuevos contratos, monitor activo...
⏳ 23:29:33 - Pulso estable - Esperando rastro...
⏳ 2025-12-30 23:29:34 — No hay nuevos contratos, monitor activo...
⏳ 2025-12-30 23:29:35 — No hay nuevos contratos, monitor activo...
⏳ 2025-12-30 23:29:35 — No hay nuevos contratos, monitor activo...
⏳ 23:29:35 - Pulso estable - Esperando rastro...
⏳ 2025-12-30 23:29:36 — No hay nuevos contratos, monitor activo...
⏳ 2025-12-30 23:29:37 — No hay nuevos contratos, monitor activo...
⏳ 2025-12-30 23:29:37 — No hay nuevos contratos, monitor activo...
⏳ 23:29:37 - Pulso estable - Esperando rastro...
⏳ 2025-12-30 23:29:38 — No hay nuevos contratos, monitor activo...
⏳ 2025-12-30 23:29:39 — No hay nuevos contratos, monitor activo...
⏳ 2025-12-30 23:29:39 — No hay nuevos contratos, monitor activo...
⏳ 23:29:39 - Pulso estable - Esperando rastro...
⏳ 2025-12-30 23:29:41 — No hay nuevos contratos, monitor activo...
⏳ 2025-12-30 23:29:41 — No hay nuevos contratos, monitor activo...
⏳ 23:29:41 - Pulso estable - Esperando rastro...
⏳ 2025-12-30 23:29:41 — No hay nuevos contratos, monitor activo...
⏳ 2025-12-30 23:29:43 — No hay nuevos contratos, monitor activo...
⏳ 2025-12-30 23:29:43 — No hay nuevos contratos, monitor activo...
⏳ 23:29:43 - Pulso estable - Esperando rastro...
⏳ 2025-12-30 23:29:43 — No hay nuevos contratos, monitor activo...
⏳ 2025-12-30 23:29:45 — No hay nuevos contratos, monitor activo...
⏳ 2025-12-30 23:29:45 — No hay nuevos contratos, monitor activo...
⏳ 23:29:45 - Pulso estable - Esperando rastro...
⏳ 2025-12-30 23:29:45 — No hay nuevos contratos, monitor activo...
⏳ 2025-12-30 23:29:47 — No hay nuevos contratos, monitor activo...
⏳ 2025-12-30 23:29:47 — No hay nuevos contratos, monitor activo...
⏳ 2025-12-30 23:29:47 — No hay nuevos contratos, monitor activo...
⏳ 23:29:47 - Pulso estable - Esperando rastro...
⏳ 2025-12-30 23:29:49 — No hay nuevos contratos, monitor activo...
⏳ 2025-12-30 23:29:49 — No hay nuevos contratos, monitor activo...
⏳ 2025-12-30 23:29:49 — No hay nuevos contratos, monitor activo...
⏳ 23:29:49 - Pulso estable - Esperando rastro...
⏳ 2025-12-30 23:29:51 — No hay nuevos contratos, monitor activo...
⏳ 23:29:51 - Pulso estable - Esperando rastro...
⏳ 2025-12-30 23:29:51 — No hay nuevos contratos, monitor activo...
⏳ 2025-12-30 23:29:51 — No hay nuevos contratos, monitor activo...
⏳ 2025-12-30 23:29:53 — No hay nuevos contratos, monitor activo...
⏳ 2025-12-30 23:29:53 — No hay nuevos contratos, monitor activo...
⏳ 23:29:53 - Pulso estable - Esperando rastro...
⏳ 2025-12-30 23:29:53 — No hay nuevos contratos, monitor activo...
⏳ 2025-12-30 23:29:55 — No hay nuevos contratos, monitor activo...
⏳ 2025-12-30 23:29:55 — No hay nuevos contratos, monitor activo...
⏳ 23:29:55 - Pulso estable - Esperando rastro...
⏳ 2025-12-30 23:29:55 — No hay nuevos contratos, monitor activo...
⏳ 2025-12-30 23:29:57 — No hay nuevos contratos, monitor activo...
⏳ 2025-12-30 23:29:57 — No hay nuevos contratos, monitor activo...
⏳ 23:29:57 - Pulso estable - Esperando rastro...
⏳ 2025-12-30 23:29:57 — No hay nuevos contratos, monitor activo...
⏳ 2025-12-30 23:29:59 — No hay nuevos contratos, monitor activo...
⏳ 2025-12-30 23:29:59 — No hay nuevos contratos, monitor activo...
⏳ 23:29:59 - Pulso estable - Esperando rastro...
⏳ 2025-12-30 23:29:59 — No hay nuevos contratos, monitor activo...
⏳ 2025-12-30 23:30:01 — No hay nuevos contratos, monitor activo...
⏳ 23:30:01 - Pulso estable - Esperando rastro...
⏳ 2025-12-30 23:30:01 — No hay nuevos contratos, monitor activo...
⏳ 2025-12-30 23:30:01 — No hay nuevos contratos, monitor activo...
⏳ 2025-12-30 23:30:03 — No hay nuevos contratos, monitor activo...
⏳ 2025-12-30 23:30:03 — No hay nuevos contratos, monitor activo...
⏳ 23:30:03 - Pulso estable - Esperando rastro...
⏳ 2025-12-30 23:30:03 — No hay nuevos contratos, monitor activo...
⏳ 2025-12-30 23:30:05 — No hay nuevos contratos, monitor activo...
⏳ 2025-12-30 23:30:05 — No hay nuevos contratos, monitor activo...
⏳ 23:30:05 - Pulso estable - Esperando rastro...
⏳ 2025-12-30 23:30:05 — No hay nuevos contratos, monitor activo...
⏳ 2025-12-30 23:30:07 — No hay nuevos contratos, monitor activo...
⏳ 23:30:07 - Pulso estable - Esperando rastro...
⏳ 2025-12-30 23:30:07 — No hay nuevos contratos, monitor activo...
⏳ 2025-12-30 23:30:07 — No hay nuevos contratos, monitor activo...
⏳ 2025-12-30 23:30:09 — No hay nuevos contratos, monitor activo...
⏳ 23:30:10 - Pulso estable - Esperando rastro...
⏳ 2025-12-30 23:30:10 — No hay nuevos contratos, monitor activo...
⏳ 2025-12-30 23:30:10 — No hay nuevos contratos, monitor activo...
⏳ 2025-12-30 23:30:11 — No hay nuevos contratos, monitor activo...
⏳ 23:30:12 - Pulso estable - Esperando rastro...
⏳ 2025-12-30 23:30:12 — No hay nuevos contratos, monitor activo...
⏳ 2025-12-30 23:30:12 — No hay nuevos contratos, monitor activo...
⏳ 2025-12-30 23:30:13 — No hay nuevos contratos, monitor activo...
⏳ 23:30:14 - Pulso estable - Esperando rastro...
⏳ 2025-12-30 23:30:14 — No hay nuevos contratos, monitor activo...
⏳ 2025-12-30 23:30:14 — No hay nuevos contratos, monitor activo...
⏳ 2025-12-30 23:30:15 — No hay nuevos contratos, monitor activo...
⏳ 2025-12-30 23:30:16 — No hay nuevos contratos, monitor activo...
⏳ 2025-12-30 23:30:16 — No hay nuevos contratos, monitor activo...
⏳ 23:30:16 - Pulso estable - Esperando rastro...
⏳ 2025-12-30 23:30:17 — No hay nuevos contratos, monitor activo...
⏳ 2025-12-30 23:30:18 — No hay nuevos contratos, monitor activo...
⏳ 2025-12-30 23:30:18 — No hay nuevos contratos, monitor activo...
⏳ 23:30:18 - Pulso estable - Esperando rastro...
⏳ 2025-12-30 23:30:19 — No hay nuevos contratos, monitor activo...
⏳ 2025-12-30 23:30:20 — No hay nuevos contratos, monitor activo...
⏳ 2025-12-30 23:30:20 — No hay nuevos contratos, monitor activo...
⏳ 23:30:20 - Pulso estable - Esperando rastro...
⏳ 2025-12-30 23:30:21 — No hay nuevos contratos, monitor activo...
⏳ 2025-12-30 23:30:22 — No hay nuevos contratos, monitor activo...
⏳ 2025-12-30 23:30:22 — No hay nuevos contratos, monitor activo...
⏳ 23:30:22 - Pulso estable - Esperando rastro...
⏳ 2025-12-30 23:30:24 — No hay nuevos contratos, monitor activo...
⏳ 2025-12-30 23:30:24 — No hay nuevos contratos, monitor activo...
⏳ 2025-12-30 23:30:24 — No hay nuevos contratos, monitor activo...
⏳ 23:30:24 - Pulso estable - Esperando rastro...
⏳ 2025-12-30 23:30:26 — No hay nuevos contratos, monitor activo...
⏳ 2025-12-30 23:30:26 — No hay nuevos contratos, monitor activo...
⏳ 2025-12-30 23:30:26 — No hay nuevos contratos, monitor activo...
⏳ 23:30:26 - Pulso estable - Esperando rastro...
⏳ 2025-12-30 23:30:28 — No hay nuevos contratos, monitor activo...
⏳ 2025-12-30 23:30:28 — No hay nuevos contratos, monitor activo...
⏳ 2025-12-30 23:30:28 — No hay nuevos contratos, monitor activo...
⏳ 23:30:28 - Pulso estable - Esperando rastro...
⏳ 2025-12-30 23:30:30 — No hay nuevos contratos, monitor activo...
⏳ 2025-12-30 23:30:30 — No hay nuevos contratos, monitor activo...
⏳ 2025-12-30 23:30:30 — No hay nuevos contratos, monitor activo...
⏳ 23:30:30 - Pulso estable - Esperando rastro...
⏳ 2025-12-30 23:30:32 — No hay nuevos contratos, monitor activo...
⏳ 2025-12-30 23:30:32 — No hay nuevos contratos, monitor activo...
⏳ 23:30:32 - Pulso estable - Esperando rastro...
⏳ 2025-12-30 23:30:32 — No hay nuevos contratos, monitor activo...
⏳ 2025-12-30 23:30:34 — No hay nuevos contratos, monitor activo...
⏳ 23:30:34 - Pulso estable - Esperando rastro...
⏳ 2025-12-30 23:30:34 — No hay nuevos contratos, monitor activo...
⏳ 2025-12-30 23:30:34 — No hay nuevos contratos, monitor activo...
⏳ 2025-12-30 23:30:36 — No hay nuevos contratos, monitor activo...
⏳ 2025-12-30 23:30:36 — No hay nuevos contratos, monitor activo...
⏳ 23:30:36 - Pulso estable - Esperando rastro...
⏳ 2025-12-30 23:30:36 — No hay nuevos contratos, monitor activo...
⏳ 2025-12-30 23:30:38 — No hay nuevos contratos, monitor activo...
⏳ 2025-12-30 23:30:38 — No hay nuevos contratos, monitor activo...
⏳ 23:30:38 - Pulso estable - Esperando rastro...
⏳ 2025-12-30 23:30:38 — No hay nuevos contratos, monitor activo...
⏳ 2025-12-30 23:30:40 — No hay nuevos contratos, monitor activo...
⏳ 2025-12-30 23:30:40 — No hay nuevos contratos, monitor activo...
⏳ 23:30:40 - Pulso estable - Esperando rastro...
⏳ 2025-12-30 23:30:40 — No hay nuevos contratos, monitor activo...
⏳ 2025-12-30 23:30:42 — No hay nuevos contratos, monitor activo...
⏳ 2025-12-30 23:30:42 — No hay nuevos contratos, monitor activo...
⏳ 2025-12-30 23:30:42 — No hay nuevos contratos, monitor activo...
⏳ 23:30:42 - Pulso estable - Esperando rastro...
⏳ 2025-12-30 23:30:44 — No hay nuevos contratos, monitor activo...
⏳ 2025-12-30 23:30:44 — No hay nuevos contratos, monitor activo...
⏳ 23:30:44 - Pulso estable - Esperando rastro...
⏳ 2025-12-30 23:30:44 — No hay nuevos contratos, monitor activo...
⏳ 2025-12-30 23:30:46 — No hay nuevos contratos, monitor activo...
⏳ 2025-12-30 23:30:46 — No hay nuevos contratos, monitor activo...
⏳ 23:30:46 - Pulso estable - Esperando rastro...
⏳ 2025-12-30 23:30:46 — No hay nuevos contratos, monitor activo...
⏳ 2025-12-30 23:30:48 — No hay nuevos contratos, monitor activo...
⏳ 23:30:48 - Pulso estable - Esperando rastro...
⏳ 2025-12-30 23:30:48 — No hay nuevos contratos, monitor activo...
⏳ 2025-12-30 23:30:48 — No hay nuevos contratos, monitor activo...
⏳ 2025-12-30 23:30:50 — No hay nuevos contratos, monitor activo...
⏳ 2025-12-30 23:30:50 — No hay nuevos contratos, monitor activo...
⏳ 2025-12-30 23:30:50 — No hay nuevos contratos, monitor activo...
⏳ 23:30:50 - Pulso estable - Esperando rastro...
⏳ 2025-12-30 23:30:52 — No hay nuevos contratos, monitor activo...
⏳ 2025-12-30 23:30:52 — No hay nuevos contratos, monitor activo...
⏳ 23:30:52 - Pulso estable - Esperando rastro...
⏳ 2025-12-30 23:30:52 — No hay nuevos contratos, monitor activo...
⏳ 2025-12-30 23:30:54 — No hay nuevos contratos, monitor activo...
⏳ 23:30:54 - Pulso estable - Esperando rastro...
⏳ 2025-12-30 23:30:54 — No hay nuevos contratos, monitor activo...
⏳ 2025-12-30 23:30:54 — No hay nuevos contratos, monitor activo...
⏳ 2025-12-30 23:30:56 — No hay nuevos contratos, monitor activo...
⏳ 2025-12-30 23:30:56 — No hay nuevos contratos, monitor activo...
⏳ 23:30:56 - Pulso estable - Esperando rastro...
⏳ 2025-12-30 23:30:56 — No hay nuevos contratos, monitor activo...
⏳ 2025-12-30 23:30:58 — No hay nuevos contratos, monitor activo...
⏳ 23:30:59 - Pulso estable - Esperando rastro...
⏳ 2025-12-30 23:30:59 — No hay nuevos contratos, monitor activo...
⏳ 2025-12-30 23:30:59 — No hay nuevos contratos, monitor activo...
⏳ 2025-12-30 23:31:00 — No hay nuevos contratos, monitor activo...
⏳ 23:31:01 - Pulso estable - Esperando rastro...
⏳ 2025-12-30 23:31:01 — No hay nuevos contratos, monitor activo...
⏳ 2025-12-30 23:31:01 — No hay nuevos contratos, monitor activo...
⏳ 2025-12-30 23:31:02 — No hay nuevos contratos, monitor activo...
⏳ 2025-12-30 23:31:03 — No hay nuevos contratos, monitor activo...
⏳ 23:31:03 - Pulso estable - Esperando rastro...
⏳ 2025-12-30 23:31:03 — No hay nuevos contratos, monitor activo...
⏳ 2025-12-30 23:31:04 — No hay nuevos contratos, monitor activo...
⏳ 2025-12-30 23:31:05 — No hay nuevos contratos, monitor activo...
⏳ 23:31:05 - Pulso estable - Esperando rastro...
⏳ 2025-12-30 23:31:05 — No hay nuevos contratos, monitor activo...
⏳ 2025-12-30 23:31:07 — No hay nuevos contratos, monitor activo...
⏳ 2025-12-30 23:31:07 — No hay nuevos contratos, monitor activo...
⏳ 23:31:07 - Pulso estable - Esperando rastro...
⏳ 2025-12-30 23:31:07 — No hay nuevos contratos, monitor activo...
⏳ 2025-12-30 23:31:09 — No hay nuevos contratos, monitor activo...
⏳ 2025-12-30 23:31:09 — No hay nuevos contratos, monitor activo...
⏳ 23:31:09 - Pulso estable - Esperando rastro...
⏳ 2025-12-30 23:31:09 — No hay nuevos contratos, monitor activo...
⏳ 2025-12-30 23:31:11 — No hay nuevos contratos, monitor activo...
⏳ 23:31:11 - Pulso estable - Esperando rastro...
⏳ 2025-12-30 23:31:11 — No hay nuevos contratos, monitor activo...
⏳ 2025-12-30 23:31:11 — No hay nuevos contratos, monitor activo...
⏳ 2025-12-30 23:31:13 — No hay nuevos contratos, monitor activo...
⏳ 2025-12-30 23:31:13 — No hay nuevos contratos, monitor activo...
⏳ 23:31:13 - Pulso estable - Esperando rastro...
⏳ 2025-12-30 23:31:13 — No hay nuevos contratos, monitor activo...
⏳ 2025-12-30 23:31:15 — No hay nuevos contratos, monitor activo...
⏳ 23:31:15 - Pulso estable - Esperando rastro...
⏳ 2025-12-30 23:31:15 — No hay nuevos contratos, monitor activo...
⏳ 2025-12-30 23:31:15 — No hay nuevos contratos, monitor activo...
⏳ 2025-12-30 23:31:17 — No hay nuevos contratos, monitor activo...
⏳ 2025-12-30 23:31:17 — No hay nuevos contratos, monitor activo...
⏳ 23:31:17 - Pulso estable - Esperando rastro...
⏳ 2025-12-30 23:31:17 — No hay nuevos contratos, monitor activo...
⏳ 2025-12-30 23:31:19 — No hay nuevos contratos, monitor activo...
⏳ 23:31:19 - Pulso estable - Esperando rastro...
⏳ 2025-12-30 23:31:19 — No hay nuevos contratos, monitor activo...
⏳ 2025-12-30 23:31:19 — No hay nuevos contratos, monitor activo...
⏳ 2025-12-30 23:31:21 — No hay nuevos contratos, monitor activo...
⏳ 2025-12-30 23:31:21 — No hay nuevos contratos, monitor activo...
⏳ 23:31:21 - Pulso estable - Esperando rastro...
⏳ 2025-12-30 23:31:21 — No hay nuevos contratos, monitor activo...
⏳ 2025-12-30 23:31:23 — No hay nuevos contratos, monitor activo...
⏳ 2025-12-30 23:31:23 — No hay nuevos contratos, monitor activo...
⏳ 2025-12-30 23:31:23 — No hay nuevos contratos, monitor activo...
⏳ 23:31:23 - Pulso estable - Esperando rastro...
⏳ 2025-12-30 23:31:25 — No hay nuevos contratos, monitor activo...
⏳ 2025-12-30 23:31:25 — No hay nuevos contratos, monitor activo...
⏳ 23:31:25 - Pulso estable - Esperando rastro...
⏳ 2025-12-30 23:31:25 — No hay nuevos contratos, monitor activo...
⏳ 2025-12-30 23:31:27 — No hay nuevos contratos, monitor activo...
⏳ 2025-12-30 23:31:27 — No hay nuevos contratos, monitor activo...
⏳ 2025-12-30 23:31:27 — No hay nuevos contratos, monitor activo...
⏳ 23:31:27 - Pulso estable - Esperando rastro...
⏳ 2025-12-30 23:31:29 — No hay nuevos contratos, monitor activo...
⏳ 2025-12-30 23:31:29 — No hay nuevos contratos, monitor activo...
⏳ 2025-12-30 23:31:29 — No hay nuevos contratos, monitor activo...
⏳ 23:31:29 - Pulso estable - Esperando rastro...
⏳ 2025-12-30 23:31:31 — No hay nuevos contratos, monitor activo...
⏳ 2025-12-30 23:31:31 — No hay nuevos contratos, monitor activo...
⏳ 2025-12-30 23:31:31 — No hay nuevos contratos, monitor activo...
⏳ 23:31:31 - Pulso estable - Esperando rastro...
⏳ 2025-12-30 23:31:33 — No hay nuevos contratos, monitor activo...
⏳ 2025-12-30 23:31:33 — No hay nuevos contratos, monitor activo...
⏳ 2025-12-30 23:31:33 — No hay nuevos contratos, monitor activo...
⏳ 23:31:33 - Pulso estable - Esperando rastro...
⏳ 2025-12-30 23:31:35 — No hay nuevos contratos, monitor activo...
⏳ 2025-12-30 23:31:35 — No hay nuevos contratos, monitor activo...
⏳ 2025-12-30 23:31:35 — No hay nuevos contratos, monitor activo...
⏳ 23:31:35 - Pulso estable - Esperando rastro...
⏳ 2025-12-30 23:31:37 — No hay nuevos contratos, monitor activo...
⏳ 2025-12-30 23:31:37 — No hay nuevos contratos, monitor activo...
⏳ 2025-12-30 23:31:37 — No hay nuevos contratos, monitor activo...
⏳ 23:31:37 - Pulso estable - Esperando rastro...
⏳ 2025-12-30 23:31:39 — No hay nuevos contratos, monitor activo...
⏳ 2025-12-30 23:31:39 — No hay nuevos contratos, monitor activo...
⏳ 2025-12-30 23:31:39 — No hay nuevos contratos, monitor activo...
⏳ 23:31:39 - Pulso estable - Esperando rastro...
⏳ 2025-12-30 23:31:41 — No hay nuevos contratos, monitor activo...
⏳ 2025-12-30 23:31:41 — No hay nuevos contratos, monitor activo...
⏳ 2025-12-30 23:31:41 — No hay nuevos contratos, monitor activo...
⏳ 23:31:41 - Pulso estable - Esperando rastro...
⏳ 2025-12-30 23:31:43 — No hay nuevos contratos, monitor activo...
⏳ 2025-12-30 23:31:43 — No hay nuevos contratos, monitor activo...
⏳ 2025-12-30 23:31:43 — No hay nuevos contratos, monitor activo...
⏳ 23:31:43 - Pulso estable - Esperando rastro...
⏳ 2025-12-30 23:31:45 — No hay nuevos contratos, monitor activo...
⏳ 2025-12-30 23:31:45 — No hay nuevos contratos, monitor activo...
⏳ 2025-12-30 23:31:45 — No hay nuevos contratos, monitor activo...
⏳ 23:31:45 - Pulso estable - Esperando rastro...
⏳ 2025-12-30 23:31:47 — No hay nuevos contratos, monitor activo...
⏳ 2025-12-30 23:31:48 — No hay nuevos contratos, monitor activo...
⏳ 2025-12-30 23:31:48 — No hay nuevos contratos, monitor activo...
⏳ 23:31:48 - Pul