41:46 — No hay nuevos contratos, monitor activo...
⏳ 2025-12-30 23:41:46 — No hay nuevos contratos, monitor activo...
⏳ 23:41:46 - Pulso estable - Esperando rastro...
⏳ 2025-12-30 23:41:48 — No hay nuevos contratos, monitor activo...
⏳ 2025-12-30 23:41:48 — No hay nuevos contratos, monitor activo...
⏳ 2025-12-30 23:41:48 — No hay nuevos contratos, monitor activo...
⏳ 23:41:48 - Pulso estable - Esperando rastro...
⏳ 2025-12-30 23:41:50 — No hay nuevos contratos, monitor activo...
⏳ 2025-12-30 23:41:50 — No hay nuevos contratos, monitor activo...
⏳ 2025-12-30 23:41:50 — No hay nuevos contratos, monitor activo...
⏳ 23:41:50 - Pulso estable - Esperando rastro...
⏳ 2025-12-30 23:41:52 — No hay nuevos contratos, monitor activo...
⏳ 2025-12-30 23:41:52 — No hay nuevos contratos, monitor activo...
⏳ 2025-12-30 23:41:52 — No hay nuevos contratos, monitor activo...
⏳ 23:41:52 - Pulso estable - Esperando rastro...
⏳ 2025-12-30 23:41:54 — No hay nuevos contratos, monitor activo...
⏳ 2025-12-30 23:41:54 — No hay nuevos contratos, monitor activo...
⏳ 2025-12-30 23:41:54 — No hay nuevos contratos, monitor activo...
⏳ 23:41:54 - Pulso estable - Esperando rastro...
⏳ 2025-12-30 23:41:56 — No hay nuevos contratos, monitor activo...
⏳ 2025-12-30 23:41:56 — No hay nuevos contratos, monitor activo...
⏳ 2025-12-30 23:41:56 — No hay nuevos contratos, monitor activo...
⏳ 23:41:56 - Pulso estable - Esperando rastro...
⏳ 2025-12-30 23:41:58 — No hay nuevos contratos, monitor activo...
⏳ 2025-12-30 23:41:58 — No hay nuevos contratos, monitor activo...
⏳ 2025-12-30 23:41:58 — No hay nuevos contratos, monitor activo...
⏳ 23:41:58 - Pulso estable - Esperando rastro...
⏳ 2025-12-30 23:42:00 — No hay nuevos contratos, monitor activo...
⏳ 2025-12-30 23:42:00 — No hay nuevos contratos, monitor activo...
⏳ 23:42:00 - Pulso estable - Esperando rastro...
⏳ 2025-12-30 23:42:00 — No hay nuevos contratos, monitor activo...
⏳ 2025-12-30 23:42:02 — No hay nuevos contratos, monitor activo...
⏳ 2025-12-30 23:42:02 — No hay nuevos contratos, monitor activo...
⏳ 23:42:02 - Pulso estable - Esperando rastro...
⏳ 2025-12-30 23:42:02 — No hay nuevos contratos, monitor activo...
⏳ 2025-12-30 23:42:04 — No hay nuevos contratos, monitor activo...
⏳ 2025-12-30 23:42:04 — No hay nuevos contratos, monitor activo...
⏳ 23:42:04 - Pulso estable - Esperando rastro...
⏳ 2025-12-30 23:42:04 — No hay nuevos contratos, monitor activo...
⏳ 2025-12-30 23:42:06 — No hay nuevos contratos, monitor activo...
⏳ 2025-12-30 23:42:06 — No hay nuevos contratos, monitor activo...
⏳ 23:42:06 - Pulso estable - Esperando rastro...
⏳ 2025-12-30 23:42:06 — No hay nuevos contratos, monitor activo...
⏳ 2025-12-30 23:42:08 — No hay nuevos contratos, monitor activo...
⏳ 2025-12-30 23:42:08 — No hay nuevos contratos, monitor activo...
⏳ 23:42:08 - Pulso estable - Esperando rastro...
⏳ 2025-12-30 23:42:08 — No hay nuevos contratos, monitor activo...
⏳ 2025-12-30 23:42:10 — No hay nuevos contratos, monitor activo...
⏳ 2025-12-30 23:42:10 — No hay nuevos contratos, monitor activo...
⏳ 2025-12-30 23:42:10 — No hay nuevos contratos, monitor activo...
⏳ 23:42:10 - Pulso estable - Esperando rastro...
⏳ 2025-12-30 23:42:12 — No hay nuevos contratos, monitor activo...
⏳ 2025-12-30 23:42:12 — No hay nuevos contratos, monitor activo...
⏳ 23:42:12 - Pulso estable - Esperando rastro...
⏳ 2025-12-30 23:42:12 — No hay nuevos contratos, monitor activo...
⏳ 2025-12-30 23:42:14 — No hay nuevos contratos, monitor activo...
⏳ 23:42:14 - Pulso estable - Esperando rastro...
⏳ 2025-12-30 23:42:14 — No hay nuevos contratos, monitor activo...
⏳ 2025-12-30 23:42:14 — No hay nuevos contratos, monitor activo...
⏳ 2025-12-30 23:42:16 — No hay nuevos contratos, monitor activo...
⏳ 2025-12-30 23:42:16 — No hay nuevos contratos, monitor activo...
⏳ 23:42:16 - Pulso estable - Esperando rastro...
⏳ 2025-12-30 23:42:16 — No hay nuevos contratos, monitor activo...
⏳ 2025-12-30 23:42:18 — No hay nuevos contratos, monitor activo...
⏳ 2025-12-30 23:42:18 — No hay nuevos contratos, monitor activo...
⏳ 23:42:18 - Pulso estable - Esperando rastro...
⏳ 2025-12-30 23:42:18 — No hay nuevos contratos, monitor activo...
⏳ 2025-12-30 23:42:20 — No hay nuevos contratos, monitor activo...
⏳ 2025-12-30 23:42:20 — No hay nuevos contratos, monitor activo...
⏳ 2025-12-30 23:42:20 — No hay nuevos contratos, monitor activo...
⏳ 23:42:20 - Pulso estable - Esperando rastro...
⏳ 2025-12-30 23:42:22 — No hay nuevos contratos, monitor activo...
⏳ 23:42:22 - Pulso estable - Esperando rastro...
⏳ 2025-12-30 23:42:22 — No hay nuevos contratos, monitor activo...
⏳ 2025-12-30 23:42:22 — No hay nuevos contratos, monitor activo...
⏳ 2025-12-30 23:42:24 — No hay nuevos contratos, monitor activo...
⏳ 2025-12-30 23:42:24 — No hay nuevos contratos, monitor activo...
⏳ 23:42:24 - Pulso estable - Esperando rastro...
⏳ 2025-12-30 23:42:24 — No hay nuevos contratos, monitor activo...
⏳ 2025-12-30 23:42:26 — No hay nuevos contratos, monitor activo...
⏳ 2025-12-30 23:42:26 — No hay nuevos contratos, monitor activo...
⏳ 2025-12-30 23:42:26 — No hay nuevos contratos, monitor activo...
⏳ 23:42:26 - Pulso estable - Esperando rastro...
⏳ 2025-12-30 23:42:28 — No hay nuevos contratos, monitor activo...
⏳ 2025-12-30 23:42:28 — No hay nuevos contratos, monitor activo...
⏳ 2025-12-30 23:42:28 — No hay nuevos contratos, monitor activo...
⏳ 23:42:28 - Pulso estable - Esperando rastro...
⏳ 2025-12-30 23:42:30 — No hay nuevos contratos, monitor activo...
⏳ 2025-12-30 23:42:30 — No hay nuevos contratos, monitor activo...
⏳ 2025-12-30 23:42:30 — No hay nuevos contratos, monitor activo...
⏳ 23:42:30 - Pulso estable - Esperando rastro...
⏳ 2025-12-30 23:42:32 — No hay nuevos contratos, monitor activo...
⏳ 2025-12-30 23:42:32 — No hay nuevos contratos, monitor activo...
⏳ 2025-12-30 23:42:32 — No hay nuevos contratos, monitor activo...
⏳ 23:42:33 - Pulso estable - Esperando rastro...
⏳ 2025-12-30 23:42:35 — No hay nuevos contratos, monitor activo...
⏳ 2025-12-30 23:42:35 — No hay nuevos contratos, monitor activo...
⏳ 2025-12-30 23:42:35 — No hay nuevos contratos, monitor activo...
⏳ 23:42:35 - Pulso estable - Esperando rastro...
⏳ 2025-12-30 23:42:37 — No hay nuevos contratos, monitor activo...
⏳ 2025-12-30 23:42:37 — No hay nuevos contratos, monitor activo...
⏳ 2025-12-30 23:42:37 — No hay nuevos contratos, monitor activo...
⏳ 23:42:37 - Pulso estable - Esperando rastro...
⏳ 2025-12-30 23:42:39 — No hay nuevos contratos, monitor activo...
⏳ 23:42:39 - Pulso estable - Esperando rastro...
⏳ 2025-12-30 23:42:39 — No hay nuevos contratos, monitor activo...
⏳ 2025-12-30 23:42:39 — No hay nuevos contratos, monitor activo...
⏳ 2025-12-30 23:42:41 — No hay nuevos contratos, monitor activo...
⏳ 23:42:41 - Pulso estable - Esperando rastro...
⏳ 2025-12-30 23:42:41 — No hay nuevos contratos, monitor activo...
⏳ 2025-12-30 23:42:41 — No hay nuevos contratos, monitor activo...
⏳ 2025-12-30 23:42:43 — No hay nuevos contratos, monitor activo...
⏳ 23:42:43 - Pulso estable - Esperando rastro...
⏳ 2025-12-30 23:42:43 — No hay nuevos contratos, monitor activo...
⏳ 2025-12-30 23:42:43 — No hay nuevos contratos, monitor activo...
⏳ 2025-12-30 23:42:45 — No hay nuevos contratos, monitor activo...
⏳ 2025-12-30 23:42:45 — No hay nuevos contratos, monitor activo...
⏳ 23:42:45 - Pulso estable - Esperando rastro...
⏳ 2025-12-30 23:42:45 — No hay nuevos contratos, monitor activo...
⏳ 2025-12-30 23:42:47 — No hay nuevos contratos, monitor activo...
⏳ 2025-12-30 23:42:47 — No hay nuevos contratos, monitor activo...
⏳ 23:42:47 - Pulso estable - Esperando rastro...
⏳ 2025-12-30 23:42:47 — No hay nuevos contratos, monitor activo...
⏳ 2025-12-30 23:42:49 — No hay nuevos contratos, monitor activo...
⏳ 2025-12-30 23:42:49 — No hay nuevos contratos, monitor activo...
⏳ 2025-12-30 23:42:49 — No hay nuevos contratos, monitor activo...
⏳ 23:42:49 - Pulso estable - Esperando rastro...
⏳ 2025-12-30 23:42:51 — No hay nuevos contratos, monitor activo...
⏳ 2025-12-30 23:42:51 — No hay nuevos contratos, monitor activo...
⏳ 23:42:51 - Pulso estable - Esperando rastro...
⏳ 2025-12-30 23:42:51 — No hay nuevos contratos, monitor activo...
⏳ 2025-12-30 23:42:53 — No hay nuevos contratos, monitor activo...
⏳ 2025-12-30 23:42:53 — No hay nuevos contratos, monitor activo...
⏳ 23:42:53 - Pulso estable - Esperando rastro...
⏳ 2025-12-30 23:42:53 — No hay nuevos contratos, monitor activo...
⏳ 2025-12-30 23:42:55 — No hay nuevos contratos, monitor activo...
⏳ 2025-12-30 23:42:55 — No hay nuevos contratos, monitor activo...
⏳ 23:42:55 - Pulso estable - Esperando rastro...
⏳ 2025-12-30 23:42:55 — No hay nuevos contratos, monitor activo...
⏳ 2025-12-30 23:42:57 — No hay nuevos contratos, monitor activo...
⏳ 2025-12-30 23:42:57 — No hay nuevos contratos, monitor activo...
⏳ 23:42:57 - Pulso estable - Esperando rastro...
⏳ 2025-12-30 23:42:57 — No hay nuevos contratos, monitor activo...
⏳ 2025-12-30 23:42:59 — No hay nuevos contratos, monitor activo...
⏳ 2025-12-30 23:42:59 — No hay nuevos contratos, monitor activo...
⏳ 23:42:59 - Pulso estable - Esperando rastro...
⏳ 2025-12-30 23:42:59 — No hay nuevos contratos, monitor activo...
⏳ 23:43:01 - Pulso estable - Esperando rastro...
⏳ 2025-12-30 23:43:01 — No hay nuevos contratos, monitor activo...
⏳ 2025-12-30 23:43:01 — No hay nuevos contratos, monitor activo...
⏳ 2025-12-30 23:43:01 — No hay nuevos contratos, monitor activo...
⏳ 23:43:03 - Pulso estable - Esperando rastro...
⏳ 2025-12-30 23:43:03 — No hay nuevos contratos, monitor activo...
⏳ 2025-12-30 23:43:03 — No hay nuevos contratos, monitor activo...
⏳ 2025-12-30 23:43:03 — No hay nuevos contratos, monitor activo...
⏳ 23:43:05 - Pulso estable - Esperando rastro...
⏳ 2025-12-30 23:43:05 — No hay nuevos contratos, monitor activo...
⏳ 2025-12-30 23:43:05 — No hay nuevos contratos, monitor activo...
⏳ 2025-12-30 23:43:05 — No hay nuevos contratos, monitor activo...
⏳ 23:43:07 - Pulso estable - Esperando rastro...
⏳ 2025-12-30 23:43:07 — No hay nuevos contratos, monitor activo...
⏳ 2025-12-30 23:43:07 — No hay nuevos contratos, monitor activo...
⏳ 2025-12-30 23:43:07 — No hay nuevos contratos, monitor activo...
⏳ 23:43:09 - Pulso estable - Esperando rastro...
⏳ 2025-12-30 23:43:09 — No hay nuevos contratos, monitor activo...
⏳ 2025-12-30 23:43:09 — No hay nuevos contratos, monitor activo...
⏳ 2025-12-30 23:43:09 — No hay nuevos contratos, monitor activo...
⏳ 2025-12-30 23:43:11 — No hay nuevos contratos, monitor activo...
⏳ 23:43:11 - Pulso estable - Esperando rastro...
⏳ 2025-12-30 23:43:11 — No hay nuevos contratos, monitor activo...
⏳ 2025-12-30 23:43:11 — No hay nuevos contratos, monitor activo...
⏳ 2025-12-30 23:43:13 — No hay nuevos contratos, monitor activo...
⏳ 2025-12-30 23:43:13 — No hay nuevos contratos, monitor activo...
⏳ 23:43:13 - Pulso estable - Esperando rastro...
⏳ 2025-12-30 23:43:13 — No hay nuevos contratos, monitor activo...
⏳ 2025-12-30 23:43:15 — No hay nuevos contratos, monitor activo...
⏳ 23:43:15 - Pulso estable - Esperando rastro...
⏳ 2025-12-30 23:43:15 — No hay nuevos contratos, monitor activo...
⏳ 2025-12-30 23:43:15 — No hay nuevos contratos, monitor activo...
⏳ 2025-12-30 23:43:17 — No hay nuevos contratos, monitor activo...
⏳ 23:43:17 - Pulso estable - Esperando rastro...
⏳ 2025-12-30 23:43:17 — No hay nuevos contratos, monitor activo...
⏳ 2025-12-30 23:43:17 — No hay nuevos contratos, monitor activo...
⏳ 23:43:19 - Pulso estable - Esperando rastro...
⏳ 2025-12-30 23:43:19 — No hay nuevos contratos, monitor activo...
⏳ 2025-12-30 23:43:20 — No hay nuevos contratos, monitor activo...
⏳ 2025-12-30 23:43:20 — No hay nuevos contratos, monitor activo...
⏳ 2025-12-30 23:43:22 — No hay nuevos contratos, monitor activo...
⏳ 2025-12-30 23:43:22 — No hay nuevos contratos, monitor activo...
⏳ 23:43:22 - Pulso estable - Esperando rastro...
⏳ 2025-12-30 23:43:22 — No hay nuevos contratos, monitor activo...
⏳ 2025-12-30 23:43:24 — No hay nuevos contratos, monitor activo...
⏳ 2025-12-30 23:43:24 — No hay nuevos contratos, monitor activo...
⏳ 23:43:24 - Pulso estable - Esperando rastro...
⏳ 2025-12-30 23:43:24 — No hay nuevos contratos, monitor activo...
⏳ 2025-12-30 23:43:26 — No hay nuevos contratos, monitor activo...
⏳ 2025-12-30 23:43:26 — No hay nuevos contratos, monitor activo...
⏳ 2025-12-30 23:43:26 — No hay nuevos contratos, monitor activo...
⏳ 23:43:26 - Pulso estable - Esperando rastro...
⏳ 2025-12-30 23:43:28 — No hay nuevos contratos, monitor activo...
⏳ 23:43:28 - Pulso estable - Esperando rastro...
⏳ 2025-12-30 23:43:28 — No hay nuevos contratos, monitor activo...
⏳ 2025-12-30 23:43:28 — No hay nuevos contratos, monitor activo...
⏳ 2025-12-30 23:43:30 — No hay nuevos contratos, monitor activo...
⏳ 2025-12-30 23:43:30 — No hay nuevos contratos, monitor activo...
⏳ 23:43:30 - Pulso estable - Esperando rastro...
⏳ 2025-12-30 23:43:30 — No hay nuevos contratos, monitor activo...
⏳ 2025-12-30 23:43:32 — No hay nuevos contratos, monitor activo...
⏳ 2025-12-30 23:43:32 — No hay nuevos contratos, monitor activo...
⏳ 2025-12-30 23:43:32 — No hay nuevos contratos, monitor activo...
⏳ 23:43:32 - Pulso estable - Esperando rastro...
⏳ 2025-12-30 23:43:34 — No hay nuevos contratos, monitor activo...
⏳ 23:43:34 - Pulso estable - Esperando rastro...
⏳ 2025-12-30 23:43:34 — No hay nuevos contratos, monitor activo...
⏳ 2025-12-30 23:43:34 — No hay nuevos contratos, monitor activo...
⏳ 2025-12-30 23:43:36 — No hay nuevos contratos, monitor activo...
⏳ 2025-12-30 23:43:36 — No hay nuevos contratos, monitor activo...
⏳ 23:43:36 - Pulso estable - Esperando rastro...
⏳ 2025-12-30 23:43:36 — No hay nuevos contratos, monitor activo...
⏳ 2025-12-30 23:43:38 — No hay nuevos contratos, monitor activo...
⏳ 2025-12-30 23:43:38 — No hay nuevos contratos, monitor activo...
⏳ 2025-12-30 23:43:38 — No hay nuevos contratos, monitor activo...
⏳ 23:43:38 - Pulso estable - Esperando rastro...
⏳ 23:43:40 - Pulso estable - Esperando rastro...
⏳ 2025-12-30 23:43:40 — No hay nuevos contratos, monitor activo...
⏳ 2025-12-30 23:43:40 — No hay nuevos contratos, monitor activo...
⏳ 2025-12-30 23:43:40 — No hay nuevos contratos, monitor activo...
⏳ 2025-12-30 23:43:42 — No hay nuevos contratos, monitor activo...
⏳ 2025-12-30 23:43:42 — No hay nuevos contratos, monitor activo...
⏳ 23:43:42 - Pulso estable - Esperando rastro...
⏳ 2025-12-30 23:43:42 — No hay nuevos contratos, monitor activo...
⏳ 2025-12-30 23:43:44 — No hay nuevos contratos, monitor activo...
⏳ 2025-12-30 23:43:44 — No hay nuevos contratos, monitor activo...
⏳ 23:43:44 - Pulso estable - Esperando rastro...
⏳ 2025-12-30 23:43:44 — No hay nuevos contratos, monitor activo...
⏳ 23:43:46 - Pulso estable - Esperando rastro...
⏳ 2025-12-30 23:43:46 — No hay nuevos contratos, monitor activo...
⏳ 2025-12-30 23:43:46 — No hay nuevos contratos, monitor activo...
⏳ 2025-12-30 23:43:46 — No hay nuevos contratos, monitor activo...
⏳ 2025-12-30 23:43:48 — No hay nuevos contratos, monitor activo...
⏳ 23:43:48 - Pulso estable - Esperando rastro...
⏳ 2025-12-30 23:43:48 — No hay nuevos contratos, monitor activo...
⏳ 2025-12-30 23:43:48 — No hay nuevos contratos, monitor activo...
⏳ 23:43:50 - Pulso estable - Esperando rastro...
⏳ 2025-12-30 23:43:50 — No hay nuevos contratos, monitor activo...
⏳ 2025-12-30 23:43:50 — No hay nuevos contratos, monitor activo...
⏳ 2025-12-30 23:43:50 — No hay nuevos contratos, monitor activo...
⏳ 2025-12-30 23:43:52 — No hay nuevos contratos, monitor activo...
⏳ 23:43:52 - Pulso estable - Esperando rastro...
⏳ 2025-12-30 23:43:52 — No hay nuevos contratos, monitor activo...
⏳ 2025-12-30 23:43:52 — No hay nuevos contratos, monitor activo...
⏳ 2025-12-30 23:43:54 — No hay nuevos contratos, monitor activo...
⏳ 23:43:54 - Pulso estable - Esperando rastro...
⏳ 2025-12-30 23:43:54 — No hay nuevos contratos, monitor activo...
⏳ 2025-12-30 23:43:54 — No hay nuevos contratos, monitor activo...
⏳ 2025-12-30 23:43:56 — No hay nuevos contratos, monitor activo...
⏳ 2025-12-30 23:43:56 — No hay nuevos contratos, monitor activo...
⏳ 23:43:56 - Pulso estable - Esperando rastro...
⏳ 2025-12-30 23:43:56 — No hay nuevos contratos, monitor activo...
⏳ 23:43:58 - Pulso estable - Esperando rastro...
⏳ 2025-12-30 23:43:58 — No hay nuevos contratos, monitor activo...
⏳ 2025-12-30 23:43:58 — No hay nuevos contratos, monitor activo...
⏳ 2025-12-30 23:43:58 — No hay nuevos contratos, monitor activo...
⏳ 23:44:00 - Pulso estable - Esperando rastro...
⏳ 2025-12-30 23:44:00 — No hay nuevos contratos, monitor activo...
⏳ 2025-12-30 23:44:00 — No hay nuevos contratos, monitor activo...
⏳ 2025-12-30 23:44:00 — No hay nuevos contratos, monitor activo...
⏳ 23:44:02 - Pulso estable - Esperando rastro...
⏳ 2025-12-30 23:44:02 — No hay nuevos contratos, monitor activo...
⏳ 2025-12-30 23:44:02 — No hay nuevos contratos, monitor activo...
⏳ 2025-12-30 23:44:02 — No hay nuevos contratos, monitor activo...
⏳ 23:44:04 - Pulso estable - Esperando rastro...
⏳ 2025-12-30 23:44:04 — No hay nuevos contratos, monitor activo...
⏳ 2025-12-30 23:44:04 — No hay nuevos contratos, monitor activo...
⏳ 2025-12-30 23:44:04 — No hay nuevos contratos, monitor activo...
⏳ 23:44:06 - Pulso estable - Esperando rastro...
⏳ 2025-12-30 23:44:06 — No hay nuevos contratos, monitor activo...
⏳ 2025-12-30 23:44:06 — No hay nuevos contratos, monitor activo...
⏳ 2025-12-30 23:44:06 — No hay nuevos contratos, monitor activo...
⏳ 2025-12-30 23:44:09 — No hay nuevos contratos, monitor activo...
⏳ 2025-12-30 23:44:09 — No hay nuevos contratos, monitor activo...
⏳ 23:44:09 - Pulso estable - Esperando rastro...
⏳ 2025-12-30 23:44:09 — No hay nuevos contratos, monitor activo...
⏳ 23:44:11 - Pulso estable - Esperando rastro...
⏳ 2025-12-30 23:44:11 — No hay nuevos contratos, monitor activo...
⏳ 2025-12-30 23:44:11 — No hay nuevos contratos, monitor activo...
⏳ 2025-12-30 23:44:11 — No hay nuevos contratos, monitor activo...
⏳ 2025-12-30 23:44:13 — No hay nuevos contratos, monitor activo...
⏳ 2025-12-30 23:44:13 — No hay nuevos contratos, monitor activo...
⏳ 23:44:13 - Pulso estable - Esperando rastro...
⏳ 2025-12-30 23:44:13 — No hay nuevos contratos, monitor activo...
⏳ 2025-12-30 23:44:15 — No hay nuevos contratos, monitor activo...
⏳ 2025-12-30 23:44:15 — No hay nuevos contratos, monitor activo...
⏳ 2025-12-30 23:44:15 — No hay nuevos contratos, monitor activo...
⏳ 23:44:15 - Pulso estable - Esperando rastro...
⏳ 2025-12-30 23:44:17 — No hay nuevos contratos, monitor activo...
⏳ 2025-12-30 23:44:17 — No hay nuevos contratos, monitor activo...
⏳ 2025-12-30 23:44:17 — No hay nuevos contratos, monitor activo...
⏳ 23:44:17 - Pulso estable - Esperando rastro...
⏳ 23:44:19 - Pulso estable - Esperando rastro...
⏳ 2025-12-30 23:44:19 — No hay nuevos contratos, monitor activo...
⏳ 2025-12-30 23:44:19 — No hay nuevos contratos, monitor activo...
⏳ 2025-12-30 23:44:19 — No hay nuevos contratos, monitor activo...
⏳ 2025-12-30 23:44:21 — No hay nuevos contratos, monitor activo...
⏳ 23:44:21 - Pulso estable - Esperando rastro...
⏳ 2025-12-30 23:44:21 — No hay nuevos contratos, monitor activo...
⏳ 2025-12-30 23:44:21 — No hay nuevos contratos, monitor activo...
⏳ 2025-12-30 23:44:23 — No hay nuevos contratos, monitor activo...
⏳ 23:44:23 - Pulso estable - Esperando rastro...
⏳ 2025-12-30 23:44:23 — No hay nuevos contratos, monitor activo...
⏳ 2025-12-30 23:44:23 — No hay nuevos contratos, monitor activo...
⏳ 2025-12-30 23:44:25 — No hay nuevos contratos, monitor activo...
⏳ 2025-12-30 23:44:25 — No hay nuevos contratos, monitor activo...
⏳ 23:44:25 - Pulso estable - Esperando rastro...
⏳ 2025-12-30 23:44:25 — No hay nuevos contratos, monitor activo...
⏳ 2025-12-30 23:44:27 — No hay nuevos contratos, monitor activo...
⏳ 2025-12-30 23:44:27 — No hay nuevos contratos, monitor activo...
⏳ 23:44:27 - Pulso estable - Esperando rastro...
⏳ 2025-12-30 23:44:27 — No hay nuevos contratos, monitor activo...
⏳ 2025-12-30 23:44:29 — No hay nuevos contratos, monitor activo...
⏳ 2025-12-30 23:44:29 — No hay nuevos contratos, monitor activo...
⏳ 2025-12-30 23:44:29 — No hay nuevos contratos, monitor activo...
⏳ 23:44:29 - Pulso estable - Esperando rastro...
⏳ 2025-12-30 23:44:31 — No hay nuevos contratos, monitor activo...
⏳ 2025-12-30 23:44:31 — No hay nuevos contratos, monitor activo...
⏳ 23:44:31 - Pulso estable - Esperando rastro...
⏳ 2025-12-30 23:44:31 — No hay nuevos contratos, monitor activo...
⏳ 2025-12-30 23:44:33 — No hay nuevos contratos, monitor activo...
⏳ 2025-12-30 23:44:33 — No hay nuevos contratos, monitor activo...
⏳ 2025-12-30 23:44:33 — No hay nuevos contratos, monitor activo...
⏳ 23:44:33 - Pulso estable - Esperando rastro...
⏳ 2025-12-30 23:44:35 — No hay nuevos contratos, monitor activo...
⏳ 2025-12-30 23:44:35 — No hay nuevos contratos, monitor activo...
⏳ 2025-12-30 23:44:35 — No hay nuevos contratos, monitor activo...
⏳ 23:44:35 - Pulso estable - Esperando rastro...
⏳ 2025-12-30 23:44:37 — No hay nuevos contratos, monitor activo...
⏳ 2025-12-30 23:44:37 — No hay nuevos contratos, monitor activo...
⏳ 23:44:37 - Pulso estable - Esperando rastro...
⏳ 2025-12-30 23:44:37 — No hay nuevos contratos, monitor activo...
⏳ 2025-12-30 23:44:39 — No hay nuevos contratos, monitor activo...
⏳ 2025-12-30 23:44:39 — No hay nuevos contratos, monitor activo...
⏳ 2025-12-30 23:44:39 — No hay nuevos contratos, monitor activo...
⏳ 23:44:39 - Pulso estable - Esperando rastro...
⏳ 2025-12-30 23:44:41 — No hay nuevos contratos, monitor activo...
⏳ 2025-12-30 23:44:41 — No hay nuevos contratos, monitor activo...
⏳ 23:44:41 - Pulso estable - Esperando rastro...
⏳ 2025-12-30 23:44:41 — No hay nuevos contratos, monitor activo...
⏳ 2025-12-30 23:44:43 — No hay nuevos contratos, monitor activo...
⏳ 2025-12-30 23:44:43 — No hay nuevos contratos, monitor activo...
⏳ 23:44:43 - Pulso estable - Esperando rastro...
⏳ 2025-12-30 23:44:43 — No hay nuevos contratos, monitor activo...
⏳ 23:44:45 - Pulso estable - Esperando rastro...
⏳ 2025-12-30 23:44:45 — No hay nuevos contratos, monitor activo...
⏳ 2025-12-30 23:44:45 — No hay nuevos contratos, monitor activo...
⏳ 2025-12-30 23:44:45 — No hay nuevos contratos, monitor activo...
⏳ 23:44:47 - Pulso estable - Esperando rastro...
⏳ 2025-12-30 23:44:47 — No hay nuevos contratos, monitor activo...
⏳ 2025-12-30 23:44:47 — No hay nuevos contratos, monitor activo...
⏳ 2025-12-30 23:44:47 — No hay nuevos contratos, monitor activo...
⏳ 23:44:49 - Pulso estable - Esperando rastro...
⏳ 2025-12-30 23:44:49 — No hay nuevos contratos, monitor activo...
⏳ 2025-12-30 23:44:49 — No hay nuevos contratos, monitor activo...
⏳ 2025-12-30 23:44:49 — No hay nuevos contratos, monitor activo...
⏳ 23:44:51 - Pulso estable - Esperando rastro...
⏳ 2025-12-30 23:44:51 — No hay nuevos contratos, monitor activo...
⏳ 2025-12-30 23:44:51 — No hay nuevos contratos, monitor activo...
⏳ 2025-12-30 23:44:51 — No hay nuevos contratos, monitor activo...
⏳ 23:44:54 - Pulso estable - Esperando rastro...
⏳ 2025-12-30 23:44:54 — No hay nuevos contratos, monitor activo...
⏳ 2025-12-30 23:44:54 — No hay nuevos contratos, monitor activo...
⏳ 2025-12-30 23:44:54 — No hay nuevos contratos, monitor activo...
⏳ 2025-12-30 23:44:56 — No hay nuevos contratos, monitor activo...
⏳ 2025-12-30 23:44:56 — No hay nuevos contratos, monitor activo...
⏳ 23:44:56 - Pulso estable - Esperando rastro...
⏳ 2025-12-30 23:44:56 — No hay nuevos contratos, monitor activo...
⏳ 2025-12-30 23:44:58 — No hay nuevos contratos, monitor activo...
⏳ 2025-12-30 23:44:58 — No hay nuevos contratos, monitor activo...
⏳ 23:44:58 - Pulso estable - Esperando rastro...
⏳ 2025-12-30 23:44:58 — No hay nuevos contratos, monitor activo...
⏳ 2025-12-30 23:45:00 — No hay nuevos contratos, monitor activo...
⏳ 2025-12-30 23:45:00 — No hay nuevos contratos, monitor activo...
⏳ 23:45:00 - Pulso estable - Esperando rastro...
⏳ 2025-12-30 23:45:00 — No hay nuevos contratos, monitor activo...
⏳ 2025-12-30 23:45:02 — No hay nuevos contratos, monitor activo...
⏳ 2025-12-30 23:45:02 — No hay nuevos contratos, monitor activo...
⏳ 23:45:02 - Pulso estable - Esperando rastro...
⏳ 2025-12-30 23:45:02 — No hay nuevos contratos, monitor activo...
⏳ 2025-12-30 23:45:04 — No hay nuevos contratos, monitor activo...
⏳ 2025-12-30 23:45:04 — No hay nuevos contratos, monitor activo...
⏳ 23:45:04 - Pulso estable - Esperando rastro...
⏳ 2025-12-30 23:45:04 — No hay nuevos contratos, monitor activo...
⏳ 2025-12-30 23:45:06 — No hay nuevos contratos, monitor activo...
⏳ 23:45:06 - Pulso estable - Esperando rastro...
⏳ 2025-12-30 23:45:06 — No hay nuevos contratos, monitor activo...
⏳ 2025-12-30 23:45:06 — No hay nuevos contratos, monitor activo...
⏳ 2025-12-30 23:45:08 — No hay nuevos contratos, monitor activo...
⏳ 23:45:08 - Pulso estable - Esperando rastro...
⏳ 2025-12-30 23:45:08 — No hay nuevos contratos, monitor activo...
⏳ 2025-12-30 23:45:08 — No hay nuevos contratos, monitor activo...
⏳ 2025-12-30 23:45:10 — No hay nuevos contratos, monitor activo...
⏳ 2025-12-30 23:45:10 — No hay nuevos contratos, monitor activo...
⏳ 23:45:10 - Pulso estable - Esperando rastro...
⏳ 2025-12-30 23:45:10 — No hay nuevos contratos, monitor activo...
⏳ 2025-12-30 23:45:12 — No hay nuevos contratos, monitor activo...
⏳ 23:45:12 - Pulso estable - Esperando rastro...
⏳ 2025-12-30 23:45:12 — No hay nuevos contratos, monitor activo...
⏳ 2025-12-30 23:45:12 — No hay nuevos contratos, monitor activo...
⏳ 2025-12-30 23:45:14 — No hay nuevos contratos, monitor activo...
⏳ 23:45:14 - Pulso estable - Esperando rastro...
⏳ 2025-12-30 23:45:14 — No hay nuevos contratos, monitor activo...
⏳ 2025-12-30 23:45:14 — No hay nuevos contratos, monitor activo...
⏳ 2025-12-30 23:45:16 — No hay nuevos contratos, monitor activo...
⏳ 23:45:16 - Pulso estable - Esperando rastro...
⏳ 2025-12-30 23:45:16 — No hay nuevos contratos, monitor activo...
⏳ 2025-12-30 23:45:16 — No hay nuevos contratos, monitor activo...
⏳ 23:45:18 - Pulso estable - Esperando rastro...
⏳ 2025-12-30 23:45:18 — No hay nuevos contratos, monitor activo...
⏳ 2025-12-30 23:45:18 — No hay nuevos contratos, monitor activo...
⏳ 2025-12-30 23:45:18 — No hay nuevos contratos, monitor activo...
⏳ 23:45:20 - Pulso estable - Esperando rastro...
⏳ 2025-12-30 23:45:20 — No hay nuevos contratos, monitor activo...
⏳ 2025-12-30 23:45:20 — No hay nuevos contratos, monitor activo...
⏳ 2025-12-30 23:45:20 — No hay nuevos contratos, monitor activo...
⏳ 23:45:22 - Pulso estable - Esperando rastro...
⏳ 2025-12-30 23:45:22 — No hay nuevos contratos, monitor activo...
⏳ 2025-12-30 23:45:22 — No hay nuevos contratos, monitor activo...
⏳ 2025-12-30 23:45:22 — No hay nuevos contratos, monitor activo...
⏳ 23:45:24 - Pulso estable - Esperando rastro...
⏳ 2025-12-30 23:45:24 — No hay nuevos contratos, monitor activo...
⏳ 2025-12-30 23:45:24 — No hay nuevos contratos, monitor activo...
⏳ 2025-12-30 23:45:24 — No hay nuevos contratos, monitor activo...
⏳ 2025-12-30 23:45:26 — No hay nuevos contratos, monitor activo...
⏳ 2025-12-30 23:45:26 — No hay nuevos contratos, monitor activo...
⏳ 2025-12-30 23:45:26 — No hay nuevos contratos, monitor activo...
⏳ 23:45:26 - Pulso estable - Esperando rastro...
⏳ 2025-12-30 23:45:28 — No hay nuevos contratos, monitor activo...
⏳ 2025-12-30 23:45:28 — No hay nuevos contratos, monitor activo...
⏳ 2025-12-30 23:45:28 — No hay nuevos contratos, monitor activo...
⏳ 23:45:28 - Pulso estable - Esperando rastro...
⏳ 2025-12-30 23:45:30 — No hay nuevos contratos, monitor activo...
⏳ 2025-12-30 23:45:30 — No hay nuevos contratos, monitor activo...
⏳ 2025-12-30 23:45:30 — No hay nuevos contratos, monitor activo...
⏳ 23:45:30 - Pulso estable - Esperando rastro...
⏳ 2025-12-30 23:45:32 — No hay nuevos contratos, monitor activo...
⏳ 2025-12-30 23:45:32 — No hay nuevos contratos, monitor activo...
⏳ 2025-12-30 23:45:32 — No hay nuevos contratos, monitor activo...
⏳ 23:45:32 - Pulso estable - Esperando rastro...
⏳ 2025-12-30 23:45:34 — No hay nuevos contratos, monitor activo...
⏳ 2025-12-30 23:45:34 — No hay nuevos contratos, monitor activo...
⏳ 2025-12-30 23:45:34 — No hay nuevos contratos, monitor activo...
⏳ 23:45:34 - Pulso estable - Esperando rastro...
⏳ 2025-12-30 23:45:36 — No hay nuevos contratos, monitor activo...
⏳ 23:45:36 - Pulso estable - Esperando rastro...
⏳ 2025-12-30 23:45:36 — No hay nuevos contratos, monitor activo...
⏳ 2025-12-30 23:45:36 — No hay nuevos contratos, monitor activo...
⏳ 23:45:38 - Pulso estable - Esperando rastro...
⏳ 2025-12-30 23:45:38 — No hay nuevos contratos, monitor activo...
⏳ 2025-12-30 23:45:38 — No hay nuevos contratos, monitor activo...
⏳ 2025-12-30 23:45:38 — No hay nuevos contratos, monitor activo...
📡 [XOXO-BUS] FEROMONA_EMITIDA: {"timestamp": 1767159941.164752597, "type": "contract_signed", "origin": "manager_alpha", "hash": "0229ed1fa80ab2468442497c9665546756a6ca58b6c240b803e6cab69196c5b4", "recipient": "hormiga_10", "status": "active"}
📡 [XOXO-BUS] FEROMONA_EMITIDA: {"timestamp": 1767159941.166823135, "type": "contract_signed", "origin": "manager_alpha", "hash": "0229ed1fa80ab2468442497c9665546756a6ca58b6c240b803e6cab69196c5b4", "recipient": "hormiga_10", "status": "active"}
📡 [XOXO-BUS] FEROMONA_EMITIDA: {"timestamp": 1767159941.170979135, "type": "contract_signed", "origin": "manager_alpha", "hash": "0229ed1fa80ab2468442497c9665546756a6ca58b6c240b803e6cab69196c5b4", "recipient": "hormiga_10", "status": "active"}
⏳ 23:45:43 - Pulso estable - Esperando rastro...
⏳ 2025-12-30 23:45:43 — No hay nuevos contratos, monitor activo...
⏳ 2025-12-30 23:45:43 — No hay nuevos contratos, monitor activo...
⏳ 2025-12-30 23:45:43 — No hay nuevos contratos, monitor activo...
⏳ 23:45:45 - Pulso estable - Esperando rastro...
⏳ 2025-12-30 23:45:45 — No hay nuevos contratos, monitor activo...
⏳ 2025-12-30 23:45:45 — No hay nuevos contratos, monitor activo...
⏳ 2025-12-30 23:45:45 — No hay nuevos contratos, monitor activo...
⏳ 23:45:47 - Pulso estable - Esperando rastro...
⏳ 2025-12-30 23:45:47 — No hay nuevos contratos, monitor activo...
⏳ 2025-12-30 23:45:47 — No hay nuevos contratos, monitor activo...
⏳ 2025-12-30 23:45:47 — No hay nuevos contratos, monitor activo...
⏳ 23:45:49 - Pulso estable - Esperando rastro...
⏳ 2025-12-30 23:45:49 — No hay nuevos contratos, monitor activo...
⏳ 2025-12-30 23:45:49 — No hay nuevos contratos, monitor activo...
⏳ 2025-12-30 23:45:49 — No hay nuevos contratos, monitor activo...
⏳ 23:45:51 - Pulso estable - Esperando rastro...
⏳ 2025-12-30 23:45:51 — No hay nuevos contratos, monitor activo...
⏳ 2025-12-30 23:45:51 — No hay nuevos contratos, monitor activo...
⏳ 2025-12-30 23:45:51 — No hay nuevos contratos, monitor activo...
⏳ 23:45:53 - Pulso estable - Esperando rastro...
⏳ 2025-12-30 23:45:53 — No hay nuevos contratos, monitor activo...
⏳ 2025-12-30 23:45:53 — No hay nuevos contratos, monitor activo...
⏳ 2025-12-30 23:45:53 — No hay nuevos contratos, monitor activo...
⏳ 23:45:55 - Pulso estable - Esperando rastro...
⏳ 2025-12-30 23:45:55 — No hay nuevos contratos, monitor activo...
⏳ 2025-12-30 23:45:55 — No hay nuevos contratos, monitor activo...
⏳ 2025-12-30 23:45:55 — No hay nuevos contratos, monitor activo...
⏳ 23:45:57 - Pulso estable - Esperando rastro...
⏳ 2025-12-30 23:45:57 — No hay nuevos contratos, monitor activo...
⏳ 2025-12-30 23:45:57 — No hay nuevos contratos, monitor activo...
⏳ 2025-12-30 23:45:57 — No hay nuevos contratos, monitor activo...
⏳ 23:45:59 - Pulso estable - Esperando rastro...
⏳ 2025-12-30 23:45:59 — No hay nuevos contratos, monitor activo...
⏳ 2025-12-30 23:45:59 — No hay nuevos contratos, monitor activo...
⏳ 2025-12-30 23:45:59 — No hay nuevos contratos, monitor activo...
⏳ 23:46:01 - Pulso estable - Esperando rastro...
⏳ 2025-12-30 23:46:01 — No hay nuevos contratos, monitor activo...
⏳ 2025-12-30 23:46:01 — No hay nuevos contratos, monitor activo...
⏳ 2025-12-30 23:46:01 — No hay nuevos contratos, monitor activo...
⏳ 23:46:03 - Pulso estable - Esperando rastro...
⏳ 2025-12-30 23:46:03 — No hay nuevos contratos, monitor activo...
⏳ 2025-12-30 23:46:03 — No hay nuevos contratos, monitor activo...
⏳ 2025-12-30 23:46:03 — No hay nuevos contratos, monitor activo...
⏳ 23:46:05 - Pulso estable - Esperando rastro...
⏳ 2025-12-30 23:46:05 — No hay nuevos contratos, monitor activo...
⏳ 2025-12-30 23:46:05 — No hay nuevos contratos, monitor activo...
⏳ 2025-12-30 23:46:05 — No hay nuevos contratos, monitor activo...
⏳ 23:46:07 - Pulso estable - Esperando rastro...
⏳ 2025-12-30 23:46:07 — No hay nuevos contratos, monitor activo...
⏳ 2025-12-30 23:46:07 — No hay nuevos contratos, monitor activo...
⏳ 2025-12-30 23:46:07 — No hay nuevos contratos, monitor activo...
⏳ 23:46:09 - Pulso estable - Esperando rastro...
⏳ 2025-12-30 23:46:09 — No hay nuevos contratos, monitor activo...
⏳ 2025-12-30 23:46:09 — No hay nuevos contratos, monitor activo...
⏳ 2025-12-30 23:46:09 — No hay nuevos contratos, monitor activo...
⏳ 23:46:11 - Pulso estable - Esperando rastro...
⏳ 2025-12-30 23:46:11 — No hay nuevos contratos, monitor activo...
⏳ 2025-12-30 23:46:11 — No hay nuevos contratos, monitor activo...
⏳ 2025-12-30 23:46:11 — No hay nuevos contratos, monitor activo...
⏳ 23:46:13 - Pulso estable - Esperando rastro...
⏳ 2025-12-30 23:46:13 — No hay nuevos contratos, monitor activo...
⏳ 2025-12-30 23:46:13 — No hay nuevos contratos, monitor activo...
⏳ 2025-12-30 23:46:13 — No hay nuevos contratos, monitor activo...
⏳ 23:46:15 - Pulso estable - Esperando rastro...
⏳ 2025-12-30 23:46:15 — No hay nuevos contratos, monitor activo...
⏳ 2025-12-30 23:46:15 — No hay nuevos contratos, monitor activo...
⏳ 2025-12-30 23:46:15 — No hay nuevos contratos, monitor activo...
⏳ 23:46:18 - Pulso estable - Esperando rastro...
⏳ 2025-12-30 23:46:18 — No hay nuevos contratos, monitor activo...
⏳ 2025-12-30 23:46:18 — No hay nuevos contratos, monitor activo...
⏳ 2025-12-30 23:46:18 — No hay nuevos contratos, monitor activo...
⏳ 23:46:20 - Pulso estable - Esperando rastro...
⏳ 2025-12-30 23:46:20 — No hay nuevos contratos, monitor activo...
⏳ 2025-12-30 23:46:20 — No hay nuevos contratos, monitor activo...
⏳ 2025-12-30 23:46:20 — No hay nuevos contratos, monitor activo...
⏳ 2025-12-30 23:46:22 — No hay nuevos contratos, monitor activo...
⏳ 23:46:22 - Pulso estable - Esperando rastro...
⏳ 2025-12-30 23:46:22 — No hay nuevos contratos, monitor activo...
⏳ 2025-12-30 23:46:22 — No hay nuevos contratos, monitor activo...
⏳ 2025-12-30 23:46:24 — No hay nuevos contratos, monitor activo...
⏳ 2025-12-30 23:46:24 — No hay nuevos contratos, monitor activo...
⏳ 23:46:24 - Pulso estable - Esperando rastro...
⏳ 2025-12-30 23:46:24 — No hay nuevos contratos, monitor activo...
⏳ 2025-12-30 23:46:26 — No hay nuevos contratos, monitor activo...
⏳ 2025-12-30 23:46:26 — No hay nuevos contratos, monitor activo...
⏳ 2025-12-30 23:46:26 — No hay nuevos contratos, monitor activo...
⏳ 23:46:26 - Pulso estable - Esperando rastro...
⏳ 2025-12-30 23:46:28 — No hay nuevos contratos, monitor activo...
⏳ 2025-12-30 23:46:28 — No hay nuevos contratos, monitor activo...
⏳ 23:46:28 - Pulso estable - Esperando rastro...
⏳ 2025-12-30 23:46:28 — No hay nuevos contratos, monitor activo...
⏳ 2025-12-30 23:46:30 — No hay nuevos contratos, monitor activo...
⏳ 2025-12-30 23:46:30 — No hay nuevos contratos, monitor activo...
⏳ 23:46:30 - Pulso estable - Esperando rastro...
⏳ 2025-12-30 23:46:30 — No hay nuevos contratos, monitor activo...
⏳ 23:46:32 - Pulso estable - Esperando rastro...
⏳ 2025-12-30 23:46:32 — No hay nuevos contratos, monitor activo...
⏳ 2025-12-30 23:46:32 — No hay nuevos contratos, monitor activo...
⏳ 2025-12-30 23:46:32 — No hay nuevos contratos, monitor activo...
⏳ 23:46:34 - Pulso estable - Esperando rastro...
⏳ 2025-12-30 23:46:34 — No hay nuevos contratos, monitor activo...
⏳ 2025-12-30 23:46:34 — No hay nuevos contratos, monitor activo...
⏳ 2025-12-30 23:46:34 — No hay nuevos contratos, monitor activo...
⏳ 23:46:36 - Pulso estable - Esperando rastro...
⏳ 2025-12-30 23:46:36 — No hay nuevos contratos, monitor activo...
⏳ 2025-12-30 23:46:36 — No hay nuevos contratos, monitor activo...
⏳ 2025-12-30 23:46:36 — No hay nuevos contratos, monitor activo...
⏳ 23:46:38 - Pulso estable - Esperando rastro...
⏳ 2025-12-30 23:46:38 — No hay nuevos contratos, monitor activo...
⏳ 2025-12-30 23:46:38 — No hay nuevos contratos, monitor activo...
⏳ 2025-12-30 23:46:38 — No hay nuevos contratos, monitor activo...
⏳ 23:46:40 - Pulso estable - Esperando rastro...
⏳ 2025-12-30 23:46:40 — No hay nuevos contratos, monitor activo...
⏳ 2025-12-30 23:46:40 — No hay nuevos contratos, monitor activo...
⏳ 2025