in amenazas detectadas.
⏳ 01:35:26 - Pulso estable - Esperando rastro...
⏳ 01:35:29 - Pulso estable - Esperando rastro...
⏳ 01:35:29 — Pulso estable, sin amenazas detectadas.
⏳ 01:35:31 - Pulso estable - Esperando rastro...
⏳ 01:35:33 - Pulso estable - Esperando rastro...
⏳ 01:35:33 — Pulso estable, sin amenazas detectadas.
⏳ 01:35:35 - Pulso estable - Esperando rastro...
⏳ 01:35:37 - Pulso estable - Esperando rastro...
⏳ 01:35:37 — Pulso estable, sin amenazas detectadas.
⏳ 01:35:39 - Pulso estable - Esperando rastro...
⏳ 01:35:41 - Pulso estable - Esperando rastro...
⏳ 01:35:41 — Pulso estable, sin amenazas detectadas.
⏳ 01:35:43 - Pulso estable - Esperando rastro...
⏳ 01:35:45 - Pulso estable - Esperando rastro...
⏳ 01:35:45 — Pulso estable, sin amenazas detectadas.
⏳ 01:35:47 - Pulso estable - Esperando rastro...
⏳ 01:35:49 - Pulso estable - Esperando rastro...
⏳ 01:35:49 — Pulso estable, sin amenazas detectadas.
⏳ 01:35:51 - Pulso estable - Esperando rastro...
⏳ 01:35:53 - Pulso estable - Esperando rastro...
⏳ 01:35:53 — Pulso estable, sin amenazas detectadas.
⏳ 01:35:55 - Pulso estable - Esperando rastro...
⏳ 01:35:57 - Pulso estable - Esperando rastro...
⏳ 01:35:57 — Pulso estable, sin amenazas detectadas.
⏳ 01:35:59 - Pulso estable - Esperando rastro...
⏳ 01:36:01 - Pulso estable - Esperando rastro...
⏳ 01:36:01 — Pulso estable, sin amenazas detectadas.
⏳ 01:36:03 - Pulso estable - Esperando rastro...
⏳ 01:36:05 - Pulso estable - Esperando rastro...
⏳ 01:36:05 — Pulso estable, sin amenazas detectadas.
⏳ 01:36:07 - Pulso estable - Esperando rastro...
⏳ 01:36:09 — Pulso estable, sin amenazas detectadas.
⏳ 01:36:09 - Pulso estable - Esperando rastro...
⏳ 01:36:11 - Pulso estable - Esperando rastro...
⏳ 01:36:13 — Pulso estable, sin amenazas detectadas.
⏳ 01:36:13 - Pulso estable - Esperando rastro...
⏳ 01:36:16 - Pulso estable - Esperando rastro...
⏳ 01:36:17 — Pulso estable, sin amenazas detectadas.
⏳ 01:36:18 - Pulso estable - Esperando rastro...
⏳ 01:36:20 - Pulso estable - Esperando rastro...
⏳ 01:36:22 — Pulso estable, sin amenazas detectadas.
⏳ 01:36:22 - Pulso estable - Esperando rastro...
⏳ 01:36:24 - Pulso estable - Esperando rastro...
⏳ 01:36:26 — Pulso estable, sin amenazas detectadas.
⏳ 01:36:26 - Pulso estable - Esperando rastro...
⏳ 01:36:28 - Pulso estable - Esperando rastro...
⏳ 01:36:30 — Pulso estable, sin amenazas detectadas.
⏳ 01:36:30 - Pulso estable - Esperando rastro...
⏳ 01:36:32 - Pulso estable - Esperando rastro...
⏳ 01:36:34 — Pulso estable, sin amenazas detectadas.
⏳ 01:36:34 - Pulso estable - Esperando rastro...
⏳ 01:36:36 - Pulso estable - Esperando rastro...
⏳ 01:36:38 — Pulso estable, sin amenazas detectadas.
⏳ 01:36:38 - Pulso estable - Esperando rastro...
⏳ 01:36:40 - Pulso estable - Esperando rastro...
⏳ 01:36:42 — Pulso estable, sin amenazas detectadas.
⏳ 01:36:42 - Pulso estable - Esperando rastro...
⏳ 01:36:44 - Pulso estable - Esperando rastro...
⏳ 01:36:46 — Pulso estable, sin amenazas detectadas.
⏳ 01:36:46 - Pulso estable - Esperando rastro...
⏳ 01:36:48 - Pulso estable - Esperando rastro...
⏳ 01:36:50 — Pulso estable, sin amenazas detectadas.
⏳ 01:36:50 - Pulso estable - Esperando rastro...
⏳ 01:36:52 - Pulso estable - Esperando rastro...
⏳ 01:36:54 — Pulso estable, sin amenazas detectadas.
⏳ 01:36:54 - Pulso estable - Esperando rastro...
⏳ 01:36:57 - Pulso estable - Esperando rastro...
⏳ 01:36:58 — Pulso estable, sin amenazas detectadas.
⏳ 01:36:59 - Pulso estable - Esperando rastro...
⏳ 01:37:01 - Pulso estable - Esperando rastro...
⏳ 01:37:02 — Pulso estable, sin amenazas detectadas.
⏳ 01:37:03 - Pulso estable - Esperando rastro...
⏳ 01:37:05 - Pulso estable - Esperando rastro...
⏳ 01:37:06 — Pulso estable, sin amenazas detectadas.
⏳ 01:37:07 - Pulso estable - Esperando rastro...
⏳ 01:37:09 - Pulso estable - Esperando rastro...
⏳ 01:37:10 — Pulso estable, sin amenazas detectadas.
⏳ 01:37:11 - Pulso estable - Esperando rastro...
⏳ 01:37:13 - Pulso estable - Esperando rastro...
⏳ 01:37:14 — Pulso estable, sin amenazas detectadas.
⏳ 01:37:15 - Pulso estable - Esperando rastro...
⏳ 01:37:17 - Pulso estable - Esperando rastro...
⏳ 01:37:18 — Pulso estable, sin amenazas detectadas.
⏳ 01:37:19 - Pulso estable - Esperando rastro...
⏳ 01:37:21 - Pulso estable - Esperando rastro...
⏳ 01:37:22 — Pulso estable, sin amenazas detectadas.
⏳ 01:37:23 - Pulso estable - Esperando rastro...
⏳ 01:37:25 - Pulso estable - Esperando rastro...
⏳ 01:37:26 — Pulso estable, sin amenazas detectadas.
⏳ 01:37:27 - Pulso estable - Esperando rastro...
⏳ 01:37:29 - Pulso estable - Esperando rastro...
⏳ 01:37:30 — Pulso estable, sin amenazas detectadas.
⏳ 01:37:31 - Pulso estable - Esperando rastro...
⏳ 01:37:33 - Pulso estable - Esperando rastro...
⏳ 01:37:34 — Pulso estable, sin amenazas detectadas.
⏳ 01:37:35 - Pulso estable - Esperando rastro...
⏳ 01:37:38 — Pulso estable, sin amenazas detectadas.
📡 [XOXO-BUS] MISION_VERIFICADA: {"id":"AMENAZA_MAMONT_01", "status":"VERIFIED_BY_LBH"}
⏳ 01:37:40 - Pulso estable - Esperando rastro...
⏳ 01:37:42 - Pulso estable - Esperando rastro...
⏳ 01:37:43 — Pulso estable, sin amenazas detectadas.
⏳ 01:37:44 - Pulso estable - Esperando rastro...
⏳ 01:37:46 - Pulso estable - Esperando rastro...
⏳ 01:37:47 — Pulso estable, sin amenazas detectadas.
⏳ 01:37:48 - Pulso estable - Esperando rastro...
⏳ 01:37:50 - Pulso estable - Esperando rastro...
⏳ 01:37:51 — Pulso estable, sin amenazas detectadas.
⏳ 01:37:52 - Pulso estable - Esperando rastro...
⏳ 01:37:54 - Pulso estable - Esperando rastro...
⏳ 01:37:55 — Pulso estable, sin amenazas detectadas.
⏳ 01:37:56 - Pulso estable - Esperando rastro...
⏳ 01:37:58 - Pulso estable - Esperando rastro...
⏳ 01:37:59 — Pulso estable, sin amenazas detectadas.
⏳ 01:38:00 - Pulso estable - Esperando rastro...
⏳ 01:38:02 - Pulso estable - Esperando rastro...
⏳ 01:38:03 — Pulso estable, sin amenazas detectadas.
⏳ 01:38:04 - Pulso estable - Esperando rastro...
⏳ 01:38:06 - Pulso estable - Esperando rastro...
⏳ 01:38:07 — Pulso estable, sin amenazas detectadas.
⏳ 01:38:08 - Pulso estable - Esperando rastro...
⏳ 01:38:10 - Pulso estable - Esperando rastro...
⏳ 01:38:11 — Pulso estable, sin amenazas detectadas.
⏳ 01:38:12 - Pulso estable - Esperando rastro...
⏳ 01:38:14 - Pulso estable - Esperando rastro...
⏳ 01:38:15 — Pulso estable, sin amenazas detectadas.
⏳ 01:38:16 - Pulso estable - Esperando rastro...
⏳ 01:38:18 - Pulso estable - Esperando rastro...
⏳ 01:38:19 — Pulso estable, sin amenazas detectadas.
⏳ 01:38:20 - Pulso estable - Esperando rastro...
⏳ 01:38:22 - Pulso estable - Esperando rastro...
⏳ 01:38:23 — Pulso estable, sin amenazas detectadas.
⏳ 01:38:25 - Pulso estable - Esperando rastro...
⏳ 01:38:27 - Pulso estable - Esperando rastro...
⏳ 01:38:27 — Pulso estable, sin amenazas detectadas.
⏳ 01:38:29 - Pulso estable - Esperando rastro...
⏳ 01:38:31 - Pulso estable - Esperando rastro...
⏳ 01:38:31 — Pulso estable, sin amenazas detectadas.
⏳ 01:38:33 - Pulso estable - Esperando rastro...
⏳ 01:38:35 - Pulso estable - Esperando rastro...
⏳ 01:38:35 — Pulso estable, sin amenazas detectadas.
⏳ 01:38:37 - Pulso estable - Esperando rastro...
⏳ 01:38:39 - Pulso estable - Esperando rastro...
⏳ 01:38:39 — Pulso estable, sin amenazas detectadas.
⏳ 01:38:41 - Pulso estable - Esperando rastro...
⏳ 01:38:43 - Pulso estable - Esperando rastro...
⏳ 01:38:43 — Pulso estable, sin amenazas detectadas.
⏳ 01:38:45 - Pulso estable - Esperando rastro...
📡 [XOXO-BUS] FEROMONA_EMITIDA: {"timestamp": 1767166726.446721078, "type": "contract_signed", "origin": "manager_alpha", "hash": "67cc37b9293fd66eee7dc7a93348903ab636d53c40f2eeb7d7634c5c5b4e562a", "recipient": "hormiga_10", "status": "active"}
⏳ 01:38:47 - Pulso estable - Esperando rastro...
⏳ 01:38:47 — Pulso estable, sin amenazas detectadas.
⏳ 01:38:49 - Pulso estable - Esperando rastro...
⏳ 01:38:51 - Pulso estable - Esperando rastro...
⏳ 01:38:51 — Pulso estable, sin amenazas detectadas.
⏳ 01:38:53 - Pulso estable - Esperando rastro...
⏳ 01:38:55 - Pulso estable - Esperando rastro...
⏳ 01:38:55 — Pulso estable, sin amenazas detectadas.
⏳ 01:38:57 - Pulso estable - Esperando rastro...
⏳ 01:38:59 — Pulso estable, sin amenazas detectadas.
⏳ 01:38:59 - Pulso estable - Esperando rastro...
⏳ 01:39:01 - Pulso estable - Esperando rastro...
⏳ 01:39:03 — Pulso estable, sin amenazas detectadas.
⏳ 01:39:03 - Pulso estable - Esperando rastro...
⏳ 01:39:05 - Pulso estable - Esperando rastro...
⏳ 01:39:07 — Pulso estable, sin amenazas detectadas.
⏳ 01:39:07 - Pulso estable - Esperando rastro...
⏳ 01:39:10 - Pulso estable - Esperando rastro...
⏳ 01:39:11 — Pulso estable, sin amenazas detectadas.
⏳ 01:39:12 - Pulso estable - Esperando rastro...
⏳ 01:39:14 - Pulso estable - Esperando rastro...
⏳ 01:39:15 — Pulso estable, sin amenazas detectadas.
⏳ 01:39:16 - Pulso estable - Esperando rastro...
⏳ 01:39:18 - Pulso estable - Esperando rastro...
⏳ 01:39:20 — Pulso estable, sin amenazas detectadas.
⏳ 01:39:20 - Pulso estable - Esperando rastro...
⏳ 01:39:22 - Pulso estable - Esperando rastro...
⏳ 01:39:24 — Pulso estable, sin amenazas detectadas.
⏳ 01:39:24 - Pulso estable - Esperando rastro...
⏳ 01:39:26 - Pulso estable - Esperando rastro...
⏳ 01:39:28 — Pulso estable, sin amenazas detectadas.
⏳ 01:39:28 - Pulso estable - Esperando rastro...
⏳ 01:39:30 - Pulso estable - Esperando rastro...
⏳ 01:39:32 — Pulso estable, sin amenazas detectadas.
⏳ 01:39:32 - Pulso estable - Esperando rastro...
⏳ 01:39:34 - Pulso estable - Esperando rastro...
⏳ 01:39:36 — Pulso estable, sin amenazas detectadas.
⏳ 01:39:36 - Pulso estable - Esperando rastro...
⏳ 01:39:40 — Pulso estable, sin amenazas detectadas.
📡 [XOXO-BUS] MISION_VERIFICADA: {"id":"ATAQUE_LEDGER_WIPE", "status":"VERIFIED_BY_LBH"}
⏳ 01:39:40 - Pulso estable - Esperando rastro...
⏳ 01:39:42 - Pulso estable - Esperando rastro...
⏳ 01:39:44 — Pulso estable, sin amenazas detectadas.
⏳ 01:39:44 - Pulso estable - Esperando rastro...
⏳ 01:39:46 - Pulso estable - Esperando rastro...
⏳ 01:39:48 — Pulso estable, sin amenazas detectadas.
⏳ 01:39:48 - Pulso estable - Esperando rastro...
⏳ 01:39:50 - Pulso estable - Esperando rastro...
⏳ 01:39:52 — Pulso estable, sin amenazas detectadas.
⏳ 01:39:53 - Pulso estable - Esperando rastro...
⏳ 01:39:55 - Pulso estable - Esperando rastro...
⏳ 01:39:56 — Pulso estable, sin amenazas detectadas.
⏳ 01:39:57 - Pulso estable - Esperando rastro...
⏳ 01:39:59 - Pulso estable - Esperando rastro...
⏳ 01:40:00 — Pulso estable, sin amenazas detectadas.
⏳ 01:40:01 - Pulso estable - Esperando rastro...
⏳ 01:40:03 - Pulso estable - Esperando rastro...
⏳ 01:40:04 — Pulso estable, sin amenazas detectadas.
⏳ 01:40:05 - Pulso estable - Esperando rastro...
⏳ 01:40:07 - Pulso estable - Esperando rastro...
⏳ 01:40:08 — Pulso estable, sin amenazas detectadas.
⏳ 01:40:09 - Pulso estable - Esperando rastro...
⏳ 01:40:11 - Pulso estable - Esperando rastro...
⏳ 01:40:12 — Pulso estable, sin amenazas detectadas.
⏳ 01:40:13 - Pulso estable - Esperando rastro...
⏳ 01:40:15 - Pulso estable - Esperando rastro...
⏳ 01:40:16 — Pulso estable, sin amenazas detectadas.
⏳ 01:40:17 - Pulso estable - Esperando rastro...
⏳ 01:40:19 - Pulso estable - Esperando rastro...
⏳ 01:40:20 — Pulso estable, sin amenazas detectadas.
⏳ 01:40:21 - Pulso estable - Esperando rastro...
⏳ 01:40:23 - Pulso estable - Esperando rastro...
⏳ 01:40:24 — Pulso estable, sin amenazas detectadas.
⏳ 01:40:25 - Pulso estable - Esperando rastro...
⏳ 01:40:27 - Pulso estable - Esperando rastro...
⏳ 01:40:28 — Pulso estable, sin amenazas detectadas.
⏳ 01:40:29 - Pulso estable - Esperando rastro...
⏳ 01:40:31 - Pulso estable - Esperando rastro...
⏳ 01:40:32 — Pulso estable, sin amenazas detectadas.
⏳ 01:40:33 - Pulso estable - Esperando rastro...
⏳ 01:40:36 - Pulso estable - Esperando rastro...
⏳ 01:40:36 — Pulso estable, sin amenazas detectadas.
⏳ 01:40:38 - Pulso estable - Esperando rastro...
⏳ 01:40:40 - Pulso estable - Esperando rastro...
⏳ 01:40:40 — Pulso estable, sin amenazas detectadas.
⏳ 01:40:42 - Pulso estable - Esperando rastro...
⏳ 01:40:44 - Pulso estable - Esperando rastro...
⏳ 01:40:44 — Pulso estable, sin amenazas detectadas.
⏳ 01:40:46 - Pulso estable - Esperando rastro...
⏳ 01:40:48 - Pulso estable - Esperando rastro...
⏳ 01:40:49 — Pulso estable, sin amenazas detectadas.
⏳ 01:40:50 - Pulso estable - Esperando rastro...
⏳ 01:40:52 - Pulso estable - Esperando rastro...
⏳ 01:40:53 — Pulso estable, sin amenazas detectadas.
⏳ 01:40:54 - Pulso estable - Esperando rastro...
⏳ 01:40:56 - Pulso estable - Esperando rastro...
⏳ 01:40:57 — Pulso estable, sin amenazas detectadas.
⏳ 01:40:58 - Pulso estable - Esperando rastro...
⏳ 01:41:00 - Pulso estable - Esperando rastro...
⏳ 01:41:01 — Pulso estable, sin amenazas detectadas.
⏳ 01:41:02 - Pulso estable - Esperando rastro...
⏳ 01:41:04 - Pulso estable - Esperando rastro...
⏳ 01:41:05 — Pulso estable, sin amenazas detectadas.
⏳ 01:41:06 - Pulso estable - Esperando rastro...
⏳ 01:41:08 - Pulso estable - Esperando rastro...
⏳ 01:41:09 — Pulso estable, sin amenazas detectadas.
⏳ 01:41:10 - Pulso estable - Esperando rastro...
⏳ 01:41:12 - Pulso estable - Esperando rastro...
⏳ 01:41:13 — Pulso estable, sin amenazas detectadas.
⏳ 01:41:14 - Pulso estable - Esperando rastro...
⏳ 01:41:16 - Pulso estable - Esperando rastro...
⏳ 01:41:17 — Pulso estable, sin amenazas detectadas.
⏳ 01:41:18 - Pulso estable - Esperando rastro...
⏳ 01:41:21 - Pulso estable - Esperando rastro...
⏳ 01:41:21 — Pulso estable, sin amenazas detectadas.
⏳ 01:41:23 - Pulso estable - Esperando rastro...
⏳ 01:41:25 - Pulso estable - Esperando rastro...
⏳ 01:41:25 — Pulso estable, sin amenazas detectadas.
⏳ 01:41:27 - Pulso estable - Esperando rastro...
⏳ 01:41:29 - Pulso estable - Esperando rastro...
⏳ 01:41:29 — Pulso estable, sin amenazas detectadas.
⏳ 01:41:31 - Pulso estable - Esperando rastro...
⏳ 01:41:33 - Pulso estable - Esperando rastro...
⏳ 01:41:33 — Pulso estable, sin amenazas detectadas.
⏳ 01:41:35 - Pulso estable - Esperando rastro...
⏳ 01:41:37 - Pulso estable - Esperando rastro...
⏳ 01:41:37 — Pulso estable, sin amenazas detectadas.
⏳ 01:41:39 - Pulso estable - Esperando rastro...
⏳ 01:41:41 - Pulso estable - Esperando rastro...
⏳ 01:41:41 — Pulso estable, sin amenazas detectadas.
⏳ 01:41:43 - Pulso estable - Esperando rastro...
⏳ 01:41:45 - Pulso estable - Esperando rastro...
⏳ 01:41:45 — Pulso estable, sin amenazas detectadas.
⏳ 01:41:47 - Pulso estable - Esperando rastro...
⏳ 01:41:49 - Pulso estable - Esperando rastro...
⏳ 01:41:49 — Pulso estable, sin amenazas detectadas.
⏳ 01:41:51 - Pulso estable - Esperando rastro...
⏳ 01:41:53 - Pulso estable - Esperando rastro...
⏳ 01:41:53 — Pulso estable, sin amenazas detectadas.
⏳ 01:41:55 - Pulso estable - Esperando rastro...
⏳ 01:41:57 - Pulso estable - Esperando rastro...
⏳ 01:41:57 — Pulso estable, sin amenazas detectadas.
⏳ 01:41:59 - Pulso estable - Esperando rastro...
⏳ 01:42:01 - Pulso estable - Esperando rastro...
⏳ 01:42:01 — Pulso estable, sin amenazas detectadas.
⏳ 01:42:04 - Pulso estable - Esperando rastro...
⏳ 01:42:06 — Pulso estable, sin amenazas detectadas.
⏳ 01:42:06 - Pulso estable - Esperando rastro...
⏳ 01:42:08 - Pulso estable - Esperando rastro...
⏳ 01:42:10 — Pulso estable, sin amenazas detectadas.
⏳ 01:42:10 - Pulso estable - Esperando rastro...
⏳ 01:42:12 - Pulso estable - Esperando rastro...
⏳ 01:42:14 — Pulso estable, sin amenazas detectadas.
⏳ 01:42:14 - Pulso estable - Esperando rastro...
⏳ 01:42:16 - Pulso estable - Esperando rastro...
⏳ 01:42:18 — Pulso estable, sin amenazas detectadas.
⏳ 01:42:18 - Pulso estable - Esperando rastro...
⏳ 01:42:20 - Pulso estable - Esperando rastro...
⏳ 01:42:22 — Pulso estable, sin amenazas detectadas.
⏳ 01:42:22 - Pulso estable - Esperando rastro...
⏳ 01:42:24 - Pulso estable - Esperando rastro...
⏳ 01:42:26 — Pulso estable, sin amenazas detectadas.
⏳ 01:42:26 - Pulso estable - Esperando rastro...
⏳ 01:42:28 - Pulso estable - Esperando rastro...
⏳ 01:42:30 — Pulso estable, sin amenazas detectadas.
⏳ 01:42:30 - Pulso estable - Esperando rastro...
⏳ 01:42:32 - Pulso estable - Esperando rastro...
⏳ 01:42:34 — Pulso estable, sin amenazas detectadas.
⏳ 01:42:34 - Pulso estable - Esperando rastro...
⏳ 01:42:36 - Pulso estable - Esperando rastro...
⏳ 01:42:38 — Pulso estable, sin amenazas detectadas.
⏳ 01:42:38 - Pulso estable - Esperando rastro...
⏳ 01:42:40 - Pulso estable - Esperando rastro...
⏳ 01:42:42 — Pulso estable, sin amenazas detectadas.
⏳ 01:42:42 - Pulso estable - Esperando rastro...
⏳ 01:42:44 - Pulso estable - Esperando rastro...
⏳ 01:42:46 — Pulso estable, sin amenazas detectadas.
⏳ 01:42:46 - Pulso estable - Esperando rastro...
⏳ 01:42:48 - Pulso estable - Esperando rastro...
⏳ 01:42:50 — Pulso estable, sin amenazas detectadas.
⏳ 01:42:51 - Pulso estable - Esperando rastro...
⏳ 01:42:53 - Pulso estable - Esperando rastro...
⏳ 01:42:54 — Pulso estable, sin amenazas detectadas.
⏳ 01:42:55 - Pulso estable - Esperando rastro...
⏳ 01:42:57 - Pulso estable - Esperando rastro...
⏳ 01:42:58 — Pulso estable, sin amenazas detectadas.
⏳ 01:42:59 - Pulso estable - Esperando rastro...
⏳ 01:43:01 - Pulso estable - Esperando rastro...
⏳ 01:43:02 — Pulso estable, sin amenazas detectadas.
⏳ 01:43:03 - Pulso estable - Esperando rastro...
⏳ 01:43:05 - Pulso estable - Esperando rastro...
⏳ 01:43:06 — Pulso estable, sin amenazas detectadas.
⏳ 01:43:07 - Pulso estable - Esperando rastro...
⏳ 01:43:09 - Pulso estable - Esperando rastro...
⏳ 01:43:10 — Pulso estable, sin amenazas detectadas.
⏳ 01:43:11 - Pulso estable - Esperando rastro...
⏳ 01:43:13 - Pulso estable - Esperando rastro...
⏳ 01:43:14 — Pulso estable, sin amenazas detectadas.
⏳ 01:43:15 - Pulso estable - Esperando rastro...
⏳ 01:43:17 - Pulso estable - Esperando rastro...
⏳ 01:43:18 — Pulso estable, sin amenazas detectadas.
⏳ 01:43:19 - Pulso estable - Esperando rastro...
⏳ 01:43:21 - Pulso estable - Esperando rastro...
⏳ 01:43:22 — Pulso estable, sin amenazas detectadas.
⏳ 01:43:23 - Pulso estable - Esperando rastro...
⏳ 01:43:25 - Pulso estable - Esperando rastro...
⏳ 01:43:26 — Pulso estable, sin amenazas detectadas.
⏳ 01:43:27 - Pulso estable - Esperando rastro...
⏳ 01:43:29 - Pulso estable - Esperando rastro...
⏳ 01:43:31 — Pulso estable, sin amenazas detectadas.
⏳ 01:43:32 - Pulso estable - Esperando rastro...
⏳ 01:43:34 - Pulso estable - Esperando rastro...
⏳ 01:43:35 — Pulso estable, sin amenazas detectadas.
⏳ 01:43:36 - Pulso estable - Esperando rastro...
⏳ 01:43:38 - Pulso estable - Esperando rastro...
⏳ 01:43:39 — Pulso estable, sin amenazas detectadas.
⏳ 01:43:40 - Pulso estable - Esperando rastro...
⏳ 01:43:42 - Pulso estable - Esperando rastro...
⏳ 01:43:43 — Pulso estable, sin amenazas detectadas.
⏳ 01:43:44 - Pulso estable - Esperando rastro...
⏳ 01:43:46 - Pulso estable - Esperando rastro...
⏳ 01:43:47 — Pulso estable, sin amenazas detectadas.
⏳ 01:43:48 - Pulso estable - Esperando rastro...
⏳ 01:43:50 - Pulso estable - Esperando rastro...
⏳ 01:43:51 — Pulso estable, sin amenazas detectadas.
⏳ 01:43:52 - Pulso estable - Esperando rastro...
⏳ 01:43:54 - Pulso estable - Esperando rastro...
⏳ 01:43:55 — Pulso estable, sin amenazas detectadas.
⏳ 01:43:56 - Pulso estable - Esperando rastro...
⏳ 01:43:58 - Pulso estable - Esperando rastro...
⏳ 01:43:59 — Pulso estable, sin amenazas detectadas.
⏳ 01:44:00 - Pulso estable - Esperando rastro...
⏳ 01:44:02 - Pulso estable - Esperando rastro...
⏳ 01:44:03 — Pulso estable, sin amenazas detectadas.
⏳ 01:44:04 - Pulso estable - Esperando rastro...
⏳ 01:44:06 - Pulso estable - Esperando rastro...
⏳ 01:44:07 — Pulso estable, sin amenazas detectadas.
⏳ 01:44:08 - Pulso estable - Esperando rastro...
⏳ 01:44:10 - Pulso estable - Esperando rastro...
⏳ 01:44:11 — Pulso estable, sin amenazas detectadas.
⏳ 01:44:12 - Pulso estable - Esperando rastro...
⏳ 01:44:14 - Pulso estable - Esperando rastro...
⏳ 01:44:15 — Pulso estable, sin amenazas detectadas.
⏳ 01:44:17 - Pulso estable - Esperando rastro...
⏳ 01:44:19 - Pulso estable - Esperando rastro...
⏳ 01:44:19 — Pulso estable, sin amenazas detectadas.
⏳ 01:44:21 - Pulso estable - Esperando rastro...
⏳ 01:44:23 - Pulso estable - Esperando rastro...
⏳ 01:44:23 — Pulso estable, sin amenazas detectadas.
⏳ 01:44:25 - Pulso estable - Esperando rastro...
⏳ 01:44:27 - Pulso estable - Esperando rastro...
⏳ 01:44:27 — Pulso estable, sin amenazas detectadas.
⏳ 01:44:29 - Pulso estable - Esperando rastro...
⏳ 01:44:31 - Pulso estable - Esperando rastro...
⏳ 01:44:31 — Pulso estable, sin amenazas detectadas.
⏳ 01:44:33 - Pulso estable - Esperando rastro...
⏳ 01:44:35 - Pulso estable - Esperando rastro...
⏳ 01:44:35 — Pulso estable, sin amenazas detectadas.
⏳ 01:44:37 - Pulso estable - Esperando rastro...
⏳ 01:44:39 - Pulso estable - Esperando rastro...
⏳ 01:44:39 — Pulso estable, sin amenazas detectadas.
⏳ 01:44:41 - Pulso estable - Esperando rastro...
⏳ 01:44:43 - Pulso estable - Esperando rastro...
⏳ 01:44:43 — Pulso estable, sin amenazas detectadas.
⏳ 01:44:45 - Pulso estable - Esperando rastro...
⏳ 01:44:47 - Pulso estable - Esperando rastro...
⏳ 01:44:47 — Pulso estable, sin amenazas detectadas.
⏳ 01:44:49 - Pulso estable - Esperando rastro...
⏳ 01:44:51 - Pulso estable - Esperando rastro...
⏳ 01:44:51 — Pulso estable, sin amenazas detectadas.
⏳ 01:44:53 - Pulso estable - Esperando rastro...
⏳ 01:44:55 - Pulso estable - Esperando rastro...
⏳ 01:44:56 — Pulso estable, sin amenazas detectadas.
⏳ 01:44:58 - Pulso estable - Esperando rastro...
⏳ 01:45:00 - Pulso estable - Esperando rastro...
⏳ 01:45:00 — Pulso estable, sin amenazas detectadas.
⏳ 01:45:02 - Pulso estable - Esperando rastro...
⏳ 01:45:04 — Pulso estable, sin amenazas detectadas.
⏳ 01:45:04 - Pulso estable - Esperando rastro...
⏳ 01:45:06 - Pulso estable - Esperando rastro...
⏳ 01:45:08 — Pulso estable, sin amenazas detectadas.
⏳ 01:45:08 - Pulso estable - Esperando rastro...
⏳ 01:45:10 - Pulso estable - Esperando rastro...
⏳ 01:45:12 — Pulso estable, sin amenazas detectadas.
⏳ 01:45:12 - Pulso estable - Esperando rastro...
⏳ 01:45:14 - Pulso estable - Esperando rastro...
⏳ 01:45:16 — Pulso estable, sin amenazas detectadas.
⏳ 01:45:16 - Pulso estable - Esperando rastro...
⏳ 01:45:18 - Pulso estable - Esperando rastro...
⏳ 01:45:20 — Pulso estable, sin amenazas detectadas.
⏳ 01:45:20 - Pulso estable - Esperando rastro...
⏳ 01:45:22 - Pulso estable - Esperando rastro...
⏳ 01:45:24 — Pulso estable, sin amenazas detectadas.
⏳ 01:45:24 - Pulso estable - Esperando rastro...
⏳ 01:45:26 - Pulso estable - Esperando rastro...
⏳ 01:45:28 — Pulso estable, sin amenazas detectadas.
⏳ 01:45:28 - Pulso estable - Esperando rastro...
⏳ 01:45:30 - Pulso estable - Esperando rastro...
⏳ 01:45:32 — Pulso estable, sin amenazas detectadas.
⏳ 01:45:32 - Pulso estable - Esperando rastro...
⏳ 01:45:34 - Pulso estable - Esperando rastro...
⏳ 01:45:36 — Pulso estable, sin amenazas detectadas.
⏳ 01:45:36 - Pulso estable - Esperando rastro...
⏳ 01:45:38 - Pulso estable - Esperando rastro...
⏳ 01:45:40 — Pulso estable, sin amenazas detectadas.
⏳ 01:45:41 - Pulso estable - Esperando rastro...
⏳ 01:45:43 - Pulso estable - Esperando rastro...
⏳ 01:45:44 — Pulso estable, sin amenazas detectadas.
⏳ 01:45:45 - Pulso estable - Esperando rastro...
⏳ 01:45:47 - Pulso estable - Esperando rastro...
⏳ 01:45:48 — Pulso estable, sin amenazas detectadas.
⏳ 01:45:49 - Pulso estable - Esperando rastro...
⏳ 01:45:51 - Pulso estable - Esperando rastro...
⏳ 01:45:52 — Pulso estable, sin amenazas detectadas.
⏳ 01:45:53 - Pulso estable - Esperando rastro...
⏳ 01:45:55 - Pulso estable - Esperando rastro...
⏳ 01:45:56 — Pulso estable, sin amenazas detectadas.
⏳ 01:45:57 - Pulso estable - Esperando rastro...
⏳ 01:45:59 - Pulso estable - Esperando rastro...
⏳ 01:46:00 — Pulso estable, sin amenazas detectadas.
⏳ 01:46:01 - Pulso estable - Esperando rastro...
⏳ 01:49:30 — ⚖️ XOXO PORTERO ACTIVO - Nodo El Salvador 🇸🇻
⏳ 01:49:30 — Pulso estable, sin rastro de contratos.
⏳ 01:49:33 — Pulso estable, sin rastro de contratos.
⏳ 01:49:36 — Pulso estable, sin rastro de contratos.
⏳ 01:49:39 — Pulso estable, sin rastro de contratos.
⏳ 01:49:43 — Pulso estable, sin rastro de contratos.
⏳ 01:49:46 — Pulso estable, sin rastro de contratos.
⏳ 01:49:49 — Pulso estable, sin rastro de contratos.
⏳ 01:49:52 — Pulso estable, sin rastro de contratos.
⏳ 01:49:55 — Pulso estable, sin rastro de contratos.
⏳ 01:49:58 — Pulso estable, sin rastro de contratos.
⏳ 01:50:01 — Pulso estable, sin rastro de contratos.
⏳ 01:50:04 — Pulso estable, sin rastro de contratos.
⏳ 01:50:07 — Pulso estable, sin rastro de contratos.
⏳ 01:50:10 — Pulso estable, sin rastro de contratos.
⏳ 01:50:14 — Pulso estable, sin rastro de contratos.
⏳ 01:50:17 — Pulso estable, sin rastro de contratos.
⏳ 01:50:20 — Pulso estable, sin rastro de contratos.
⏳ 01:50:23 — Pulso estable, sin rastro de contratos.
⏳ 01:50:26 — Pulso estable, sin rastro de contratos.
⏳ 01:50:29 — 🐜 XOXO analizando: CONTRATO_LEGAL_001.ref.lbh
⏳ 01:50:31 — 🟢 CONTRATO PURIFICADO -> Movido a 'cleared': CONTRATO_LEGAL_001.ref.lbh
⏳ 01:50:31 — 🐜 XOXO analizando: VENENO_SILENCIOSO.ref.lbh
⏳ 01:50:33 — 📡 [XOXO] BLOQUEO Y NEUTRALIZACIÓN | VENENO_SILENCIOSO.ref.lbh | Motivo: ATAQUE_DETECTADO
⏳ 01:50:36 — Pulso estable, sin rastro de contratos.
⏳ 01:50:40 — Pulso estable, sin rastro de contratos.
⏳ 01:50:43 — Pulso estable, sin rastro de contratos.
⏳ 01:50:46 — Pulso estable, sin rastro de contratos.
⏳ 01:50:49 — Pulso estable, sin rastro de contratos.
⏳ 01:50:52 — Pulso estable, sin rastro de contratos.
⏳ 01:50:55 — Pulso estable, sin rastro de contratos.
⏳ 01:50:58 — Pulso estable, sin rastro de contratos.
⏳ 01:51:01 — Pulso estable, sin rastro de contratos.
⏳ 01:51:04 — Pulso estable, sin rastro de contratos.
⏳ 01:51:07 — Pulso estable, sin rastro de contratos.
⏳ 01:51:10 — Pulso estable, sin rastro de contratos.
⏳ 01:51:13 — Pulso estable, sin rastro de contratos.
⏳ 01:51:16 — Pulso estable, sin rastro de contratos.
⏳ 01:51:19 — Pulso estable, sin rastro de contratos.
⏳ 01:51:22 — Pulso estable, sin rastro de contratos.
⏳ 01:51:25 — Pulso estable, sin rastro de contratos.
⏳ 01:51:28 — Pulso estable, sin rastro de contratos.
⏳ 01:51:31 — Pulso estable, sin rastro de contratos.
⏳ 01:51:34 — Pulso estable, sin rastro de contratos.
⏳ 01:51:37 — Pulso estable, sin rastro de contratos.
⏳ 01:51:41 — Pulso estable, sin rastro de contratos.
⏳ 01:51:44 — Pulso estable, sin rastro de contratos.
⏳ 01:51:47 — Pulso estable, sin rastro de contratos.
⏳ 01:51:50 — Pulso estable, sin rastro de contratos.
⏳ 01:51:53 — Pulso estable, sin rastro de contratos.
⏳ 01:51:56 — Pulso estable, sin rastro de contratos.
⏳ 01:51:59 — Pulso estable, sin rastro de contratos.
⏳ 01:52:02 — Pulso estable, sin rastro de contratos.
⏳ 01:52:05 — Pulso estable, sin rastro de contratos.
⏳ 01:52:08 — Pulso estable, sin rastro de contratos.
⏳ 01:52:11 — Pulso estable, sin rastro de contratos.
⏳ 01:52:14 — Pulso estable, sin rastro de contratos.
⏳ 01:52:17 — Pulso estable, sin rastro de contratos.
⏳ 01:52:20 — Pulso estable, sin rastro de contratos.
⏳ 01:52:23 — Pulso estable, sin rastro de contratos.
⏳ 01:52:26 — Pulso estable, sin rastro de contratos.
⏳ 01:52:29 — Pulso estable, sin rastro de contratos.
⏳ 01:52:32 — Pulso estable, sin rastro de contratos.
⏳ 01:52:35 — Pulso estable, sin rastro de contratos.
⏳ 01:52:38 — Pulso estable, sin rastro de contratos.
⏳ 01:52:41 — Pulso estable, sin rastro de contratos.
⏳ 01:52:45 — Pulso estable, sin rastro de contratos.
⏳ 01:52:48 — Pulso estable, sin rastro de contratos.
⏳ 01:52:51 — Pulso estable, sin rastro de contratos.
⏳ 01:52:54 — Pulso estable, sin rastro de contratos.
⏳ 01:52:57 — Pulso estable, sin rastro de contratos.
⏳ 01:53:00 — Pulso estable, sin rastro de contratos.
⏳ 01:53:03 — Pulso estable, sin rastro de contratos.
⏳ 01:53:06 — Pulso estable, sin rastro de contratos.
⏳ 01:53:09 — Pulso estable, sin rastro de contratos.
⏳ 01:53:12 — Pulso estable, sin rastro de contratos.
⏳ 01:53:15 — Pulso estable, sin rastro de contratos.
⏳ 01:53:18 — Pulso estable, sin rastro de contratos.
⏳ 01:53:21 — Pulso estable, sin rastro de contratos.
⏳ 01:53:24 — Pulso estable, sin rastro de contratos.
⏳ 01:53:27 — Pulso estable, sin rastro de contratos.
⏳ 01:53:30 — Pulso estable, sin rastro de contratos.
⏳ 01:53:33 — Pulso estable, sin rastro de contratos.
⏳ 01:53:36 — Pulso estable, sin rastro de contratos.
⏳ 01:53:39 — Pulso estable, sin rastro de contratos.
⏳ 01:53:42 — Pulso estable, sin rastro de contratos.
⏳ 01:53:45 — Pulso estable, sin rastro de contratos.
⏳ 01:53:48 — Pulso estable, sin rastro de contratos.
⏳ 01:53:52 — Pulso estable, sin rastro de contratos.
⏳ 01:53:55 — Pulso estable, sin rastro de contratos.
⏳ 01:53:58 — Pulso estable, sin rastro de contratos.
⏳ 01:54:01 — Pulso estable, sin rastro de contratos.
⏳ 01:54:04 — Pulso estable, sin rastro de contratos.
⏳ 01:54:07 — Pulso estable, sin rastro de contratos.
⏳ 01:54:10 — Pulso estable, sin rastro de contratos.
⏳ 01:54:13 — Pulso estable, sin rastro de contratos.
⏳ 01:54:16 — Pulso estable, sin rastro de contratos.
⏳ 01:54:19 — Pulso estable, sin rastro de contratos.
⏳ 01:54:22 — Pulso estable, sin rastro de contratos.
⏳ 01:54:25 — Pulso estable, sin rastro de contratos.
⏳ 01:54:28 — Pulso estable, sin rastro de contratos.
⏳ 01:54:31 — Pulso estable, sin rastro de contratos.
⏳ 01:54:34 — Pulso estable, sin rastro de contratos.
⏳ 01:54:37 — Pulso estable, sin rastro de contratos.
⏳ 01:54:40 — Pulso estable, sin rastro de contratos.
⏳ 01:54:43 — Pulso estable, sin rastro de contratos.
⏳ 01:54:46 — Pulso estable, sin rastro de contratos.
⏳ 01:54:50 — Pulso estable, sin rastro de contratos.
⏳ 01:54:53 — Pulso estable, sin rastro de contratos.
⏳ 01:54:56 — Pulso estable, sin rastro de contratos.
⏳ 01:54:59 — Pulso estable, sin rastro de contratos.
⏳ 01:55:02 — Pulso estable, sin rastro de contratos.
⏳ 01:55:05 — Pulso estable, sin rastro de contratos.
⏳ 01:55:08 — Pulso estable, sin rastro de contratos.
⏳ 01:55:11 — Pulso estable, sin rastro de contratos.
⏳ 01:55:14 — Pulso estable, sin rastro de contratos.
⏳ 01:55:17 — Pulso estable, sin rastro de contratos.
⏳ 01:55:20 — Pulso estable, sin rastro de contratos.
⏳ 01:55:23 — Pulso estable, sin rastro de contratos.
⏳ 01:55:26 — Pulso estable, sin rastro de contratos.
⏳ 01:55:29 — Pulso estable, sin rastro de contratos.
⏳ 01:55:32 — Pulso estable, sin rastro de contratos.
⏳ 01:55:35 — Pulso estable, sin rastro de contratos.
⏳ 01:55:38 — Pulso estable, sin rastro de contratos.
⏳ 01:55:41 — Pulso estable, sin rastro de contratos.
⏳ 01:55:44 — Pulso estable, sin rastro de contratos.
⏳ 01:55:48 — Pulso estable, sin rastro de contratos.
⏳ 01:55:51 — Pulso estable, sin rastro de contratos.
⏳ 01:55:54 — Pulso estable, sin rastro de contratos.
⏳ 01:55:57 — Pulso estable, sin rastro de contratos.
⏳ 01:56:00 — Pulso estable, sin rastro de contratos.
⏳ 01:56:03 — Pulso estable, sin rastro de contratos.
⏳ 01:56:06 — Pulso estable, sin rastro de contratos.
⏳ 01:56:09 — Pulso estable, sin rastro de contratos.
⏳ 01:56:12 — Pulso estable, sin rastro de contratos.
⏳ 01:56:15 — Pulso estable, sin rastro de contratos.
⏳ 01:56:18 — Pulso estable, sin rastro de contratos.
⏳ 01:56:21 — Pulso estable, sin rastro de contratos.
⏳ 01:56:24 — Pulso estable, sin rastro de contratos.
⏳ 01:56:27 — Pulso estable, sin rastro de contratos.
⏳ 01:56:30 — Pulso estable, sin rastro de contratos.
⏳ 01:56:33 — Pulso estable, sin rastro de contratos.
⏳ 01:56:36 — Pulso estable, sin rastro de contratos.
⏳ 01:56:39 — Pulso estable, sin rastro de contratos.
⏳ 01:56:42 — Pulso estable, sin rastro de contratos.
⏳ 01:56:45 — Pulso estable, sin rastro de contratos.
⏳ 01:56:48 — Pulso estable, sin rastro de contratos.
⏳ 01:56:51 — Pulso estable, sin rastro de contratos.
⏳ 01:56:55 — Pulso estable, sin rastro de contratos.
⏳ 01:56:58 — Pulso estable, sin rastro de contratos.
⏳ 01:57:01 — Pulso estable, sin rastro de contratos.
⏳ 01:57:04 — Pulso estable, sin rastro de contratos.
⏳ 01:57:07 — Pulso estable, sin rastro de contratos.
⏳ 01:57:10 — Pulso estable, sin rastro de contratos.
⏳ 01:57:13 — Pulso estable, sin rastro de contratos.
⏳ 01:57:16 — Pulso estable, sin rastro de contratos.
⏳ 01:57:19 — Pulso estable, sin rastro de contratos.
⏳ 01:57:22 — Pulso estable, sin rastro de contratos.
⏳ 01:57:25 — Pulso estable, sin rastro de contratos.
⏳ 01:57:28 — Pulso estable, sin rastro de contratos.
⏳ 01:57:31 — Pulso estable, sin rastro de contratos.
⏳ 01:57:34 — Pulso estable, sin rastro de contratos.
⏳ 01:57:37 — Pulso estable, sin rastro de contratos.
⏳ 01:57:40 — Pulso estable, sin rastro de contratos.
⏳ 01:57:43 — Pulso estable, sin rastro de contratos.
⏳ 01:57:46 — Pulso estable, sin rastro de contratos.
⏳ 01:57:50 — Pulso estable, sin rastro de contratos.
⏳ 01:57:53 — Pulso estable, sin rastro de contratos.
⏳ 01:57:56 — Pulso estable, sin rastro de contratos.
⏳ 01:57:59 — Pulso estable, sin rastro de contratos.
⏳ 01:58:02 — Pulso estable, sin rastro de contratos.
⏳ 01:58:05 — Pulso estable, sin rastro de contratos.
⏳ 01:58:08 — Pulso estable, sin rastro de contratos.
⏳ 01:58:11 — Pulso estable, sin rastro de contratos.
⏳ 01:58:14 — Pulso estable, sin rastro de contratos.
⏳ 01:58:17 — Pulso estable, sin rastro de contratos.
⏳ 01:58:20 — Pulso estable, sin rastro de contratos.
⏳ 01:58:23 — Pulso estable, sin rastro de contratos.
⏳ 01:58:26 — Pulso estable, sin rastro de contratos.
⏳ 01:58:29 — Pulso estable, sin rastro de contratos.
⏳ 01:58:32 — Pulso estable, sin rastro de contratos.
⏳ 01:58:35 — Pulso estable, sin rastro de contratos.
⏳ 01:58:38 — Pulso estable, sin rastro de contratos.
⏳ 01:58:41 — Pulso estable, sin rastro de contratos.
⏳ 01:58:44 — Pulso estable, sin rastro de contratos.
⏳ 01:58:48 — Pulso estable, sin rastro de contratos.
⏳ 01:58:51 — Pulso estable, sin rastro de contratos.
⏳ 01:58:54 — Pulso estable, sin rastro de contratos.
⏳ 01:58:57 — Pulso estable, sin rastro de contratos.
⏳ 01:59:00 — Pulso estable, sin rastro de contratos.
⏳ 01:59:03 — Pulso estable, sin rastro de contratos.
⏳ 01:59:06 — Pulso estable, sin rastro de contratos.
⏳ 01:59:09 — Pulso estable, sin rastro de contratos.
⏳ 01:59:12 — Pulso estable, sin rastro de contratos.
⏳ 01:59:15 — Pulso estable, sin rastro de contratos.
⏳ 01:59:18 — Pulso estable, sin rastro de contratos.
⏳ 01:59:21 — Pulso estable, sin rastro de contratos.
⏳ 01:59:24 — Pulso estable, sin rastro de contratos.
⏳ 01:59:27 — Pulso estable, sin rastro de contratos.
⏳ 01:59:30 — Pulso estable, sin rastro de contratos.
⏳ 01:59:33 — Pulso estable, sin rastro de contratos.
⏳ 01:59:36 — Pulso estable, sin rastro de contratos.
⏳ 01:59:39 — Pulso estable, sin rastro de contratos.
⏳ 01:59:42 — Pulso estable, sin rastro de contratos.
⏳ 01:59:45 — Pulso estable, sin rastro de contratos.
⏳ 01:59:49 — Pulso estable, sin rastro de contratos.
⏳ 01:59:52 — Pulso estable, sin rastro de contratos.
⏳ 01:59:55 — Pulso estable, sin rastro de contratos.
⏳ 01:59:58 — Pulso estable, sin rastro de contratos.
⏳ 02:00:01 — Pulso estable, sin rastro de contratos.
⏳ 02:00:04 — Pulso estable, sin rastro de contratos.
⏳ 02:00:07 — Pulso estable, sin rastro de contratos.
⏳ 02:00:10 — Pulso estable, sin rastro de contratos.
⏳ 02:00:13 — Pulso estable, sin rastro de contratos.
⏳ 02:00:16 — Pulso estable, sin rastro de contratos.
⏳ 02:00:19 — Pulso estable, sin rastro de contratos.
⏳ 02:00:22 — Pulso estable, sin rastro de contratos.
⏳ 02:00:25 — Pulso estable, sin rastro de contratos.
⏳ 02:00:28 — Pulso estable, sin rastro de contratos.
⏳ 02:00:31 — Pulso estable, sin rastro de contratos.
⏳ 02:00:34 — Pulso estable, sin rastro de contratos.
⏳ 02:00:37 — Pulso estable, sin rastro de contratos.
⏳ 02:00:40 — Pulso estable, sin rastro de contratos.
⏳ 02:00:43 — Pulso estable, sin rastro de contratos.
⏳ 02:00:47 — Pulso estable, sin rastro de contratos.
⏳ 02:00:50 — Pulso estable, sin rastro de contratos.
⏳ 02:00:53 — Pulso estable, sin rastro de contratos.
⏳ 02:00:56 — Pulso estable, sin rastro de contratos.
⏳ 02:00:59 — Pulso estable, sin rastro de contratos.
⏳ 02:01:02 — Pulso estable, sin rastro de contratos.
⏳ 02:01:05 — Pulso estable, sin rastro de contratos.
⏳ 02:01:08 — Pulso estable, sin rastro de contratos.
⏳ 02:01:11 — Pulso estable, sin rastro de contratos.
⏳ 02:01:14 — Pulso estable, sin rastro d