🧱 LBH CHAIN LEGACY CUTOFF
Nodo: HormigasAIS-Nodo-Escuela
Protocol: LBH
Purpose: Declarar límite entre auditorías legacy y cadena encadenada

[LEGACY_SCOPE]
LEGACY_MODE=READ_ONLY
LEGACY_REASON=PRE_CHAIN_AUDITS
LEGACY_POLICY=DO_NOT_VALIDATE_HASH
LEGACY_IMMUTABLE=true

[CUTOFF]
CUTOFF_TYPE=GENESIS_TRANSITION
FIRST_CHAINED_EVENT=LBH_AUDIT_POST_GENESIS
CUTOFF_EFFECTIVE_FROM=2025-12-31T03:00:00Z

[ANCHOR_REFERENCE]
ANCHOR_SOURCE=LBH_CHAIN_GENESIS.log
ANCHOR_HASH=fa4208b4b446ff96c3415cc98f9fe7585d0d20deb5769bfc85784c27dbbd1679

[SIGNATURE]
SIGNED_BY=LBH_MASTER
SIGNATURE_METHOD=DECLARATIVE_BOUNDARY
SIGNATURE_HASH=LEGACY_CUTOFF_IMPLICIT
