⚓ LBH CHAIN GENESIS
Nodo: HormigasAIS-Nodo-Escuela
Location: San Miguel, SV
Protocol: LBH
Chain-Version: 1.0

[GENESIS]
GENESIS_TYPE=EXTERNAL_REFERENCE_ANCHOR
DESCRIPTION=Inicio de la cadena verificable LBH basada en referencia externa controlada
CREATED_AT_UTC=2025-12-31T03:00:00Z

[ANCHOR]
ANCHOR_NAME=GEMINI_HANDSHAKE
ANCHOR_KIND=EXTERNAL_REF
ANCHOR_SOURCE=xoxo-lbh-adapter
ANCHOR_HASH=fa4208b4b446ff96c3415cc98f9fe7585d0d20deb5769bfc85784c27dbbd1679

[CHAIN_POLICY]
MODE=STRICT_APPEND_ONLY
REWRITE_ALLOWED=false
FIRST_EVENT_REQUIRED=true

[SIGNATURE]
SIGNED_BY=LBH_MASTER
SIGNATURE_METHOD=DECLARATIVE_GENESIS
SIGNATURE_HASH=GENESIS_IMPLICIT
